<ERROR_BLOCK>
excepInfo: INSERT INTO iwebshop_seller ( `lng`,`lat` ) VALUES ( '116.3424085141','39.94873557151' ) 
 -- Duplicate entry '' for key 'seller_name'
excepFile: IWEB_PATH/lib/db/db_class.php
excepLine: 166
excepCode: 1000
excepTime: 2018-12-21 10:30:28
#0 IWEB_PATH/lib/web/model/model_class.php(128): IDB->query(INSERT INTO iwebshop_seller ( `lng`,`lat` ) VALUES ( '116.3424085141','39.94873557151' ) )
#1 IWEB_PATH/controllers/yk.php(27): IModel->add()
#2 : YK->dtss()
#3 IWEB_PATH/lib/web/action/inline_action.php(24): call_user_func()
#4 IWEB_PATH/lib/web/controller/controller_class.php(115): IInlineAction->run()
#5 IWEB_PATH/lib/core/webapplication_class.php(75): IController->run(dtss)
#6 IWEB_PATH/lib/core/application_class.php(94): IWebApplication->execRequest()
#7 IWEB_PATH/index.php(5): IApplication->run()
</ERROR_BLOCK>

<ERROR_BLOCK>
excepInfo: INSERT INTO iwebshop_seller ( `lng`,`lat` ) VALUES ( '116.3424085141','39.94873557151' ) 
 -- Duplicate entry '' for key 'seller_name'
excepFile: IWEB_PATH/lib/db/db_class.php
excepLine: 166
excepCode: 1000
excepTime: 2018-12-21 10:32:54
#0 IWEB_PATH/lib/web/model/model_class.php(128): IDB->query(INSERT INTO iwebshop_seller ( `lng`,`lat` ) VALUES ( '116.3424085141','39.94873557151' ) )
#1 IWEB_PATH/controllers/yk.php(27): IModel->add()
#2 : YK->dtss()
#3 IWEB_PATH/lib/web/action/inline_action.php(24): call_user_func()
#4 IWEB_PATH/lib/web/controller/controller_class.php(115): IInlineAction->run()
#5 IWEB_PATH/lib/core/webapplication_class.php(75): IController->run(dtss)
#6 IWEB_PATH/lib/core/application_class.php(94): IWebApplication->execRequest()
#7 IWEB_PATH/index.php(5): IApplication->run()
</ERROR_BLOCK>

