[ 2018-10-07T15:29:20+08:00 ] 127.0.0.1 /zhuan6/lx/day1/
INFO: [ app_init ] --START--
INFO: Run Behavior\BuildLiteBehavior [ RunTime:0.000027s ]
INFO: [ app_init ] --END-- [ RunTime:0.002827s ]
INFO: [ app_begin ] --START--
INFO: Run Behavior\ReadHtmlCacheBehavior [ RunTime:0.001486s ]
INFO: [ app_begin ] --END-- [ RunTime:0.001544s ]
INFO: [ view_parse ] --START--
INFO: Run Behavior\ParseTemplateBehavior [ RunTime:0.000973s ]
INFO: [ view_parse ] --END-- [ RunTime:0.001039s ]
INFO: [ view_filter ] --START--
INFO: Run Behavior\WriteHtmlCacheBehavior [ RunTime:0.000888s ]
INFO: [ view_filter ] --END-- [ RunTime:0.000932s ]
INFO: [ app_end ] --START--
INFO: Run Behavior\ShowPageTraceBehavior [ RunTime:0.001687s ]
INFO: [ app_end ] --END-- [ RunTime:0.001729s ]

[ 2018-10-07T15:47:21+08:00 ] 127.0.0.1 /zhuan6/lx/day1/index.php
INFO: [ app_init ] --START--
INFO: Run Behavior\BuildLiteBehavior [ RunTime:0.000021s ]
INFO: [ app_init ] --END-- [ RunTime:0.000411s ]
INFO: [ app_begin ] --START--
INFO: Run Behavior\ReadHtmlCacheBehavior [ RunTime:0.001207s ]
INFO: [ app_begin ] --END-- [ RunTime:0.001300s ]
INFO: [ view_parse ] --START--
INFO: Run Behavior\ParseTemplateBehavior [ RunTime:0.000606s ]
INFO: [ view_parse ] --END-- [ RunTime:0.000657s ]
INFO: [ view_filter ] --START--
INFO: Run Behavior\WriteHtmlCacheBehavior [ RunTime:0.000460s ]
INFO: [ view_filter ] --END-- [ RunTime:0.000494s ]
INFO: [ app_end ] --START--
INFO: Run Behavior\ShowPageTraceBehavior [ RunTime:0.000617s ]
INFO: [ app_end ] --END-- [ RunTime:0.000648s ]

