[ 2018-10-08T08:46:35+08:00 ] 127.0.0.1 /zhuan6/cs/dayzk1/index.php/index
INFO: [ app_init ] --START--
INFO: Run Behavior\BuildLiteBehavior [ RunTime:0.000025s ]
INFO: [ app_init ] --END-- [ RunTime:0.000710s ]
ERR: 无法加载模块:Index

[ 2018-10-08T08:46:48+08:00 ] 127.0.0.1 /zhuan6/cs/dayzk1/index.php/index/index
INFO: [ app_init ] --START--
INFO: Run Behavior\BuildLiteBehavior [ RunTime:0.000022s ]
INFO: [ app_init ] --END-- [ RunTime:0.000887s ]
ERR: 无法加载模块:Index

[ 2018-10-08T08:46:52+08:00 ] 127.0.0.1 /zhuan6/cs/dayzk1/index.php/index/index
INFO: [ app_init ] --START--
INFO: Run Behavior\BuildLiteBehavior [ RunTime:0.000020s ]
INFO: [ app_init ] --END-- [ RunTime:0.000577s ]
ERR: 无法加载模块:Index

[ 2018-10-08T08:46:52+08:00 ] 127.0.0.1 /zhuan6/cs/dayzk1/index.php/index/index
INFO: [ app_init ] --START--
INFO: Run Behavior\BuildLiteBehavior [ RunTime:0.000016s ]
INFO: [ app_init ] --END-- [ RunTime:0.000444s ]
ERR: 无法加载模块:Index

[ 2018-10-08T08:47:05+08:00 ] 127.0.0.1 /zhuan6/cs/dayzk1/index.php/index/index
INFO: [ app_init ] --START--
INFO: Run Behavior\BuildLiteBehavior [ RunTime:0.000012s ]
INFO: [ app_init ] --END-- [ RunTime:0.000375s ]
ERR: 无法加载模块:Index

[ 2018-10-08T08:47:05+08:00 ] 127.0.0.1 /zhuan6/cs/dayzk1/index.php/index/index
INFO: [ app_init ] --START--
INFO: Run Behavior\BuildLiteBehavior [ RunTime:0.000030s ]
INFO: [ app_init ] --END-- [ RunTime:0.000525s ]
ERR: 无法加载模块:Index

[ 2018-10-08T08:47:05+08:00 ] 127.0.0.1 /zhuan6/cs/dayzk1/index.php/index/index
INFO: [ app_init ] --START--
INFO: Run Behavior\BuildLiteBehavior [ RunTime:0.000013s ]
INFO: [ app_init ] --END-- [ RunTime:0.000489s ]
ERR: 无法加载模块:Index

[ 2018-10-08T08:47:05+08:00 ] 127.0.0.1 /zhuan6/cs/dayzk1/index.php/index/index
INFO: [ app_init ] --START--
INFO: Run Behavior\BuildLiteBehavior [ RunTime:0.000023s ]
INFO: [ app_init ] --END-- [ RunTime:0.000825s ]
ERR: 无法加载模块:Index

[ 2018-10-08T08:47:41+08:00 ] 127.0.0.1 /zhuan6/cs/dayzk1/index.php/index/index
INFO: [ app_init ] --START--
INFO: Run Behavior\BuildLiteBehavior [ RunTime:0.000176s ]
INFO: [ app_init ] --END-- [ RunTime:0.002341s ]
ERR: 无法加载模块:Index

[ 2018-10-08T08:47:58+08:00 ] 127.0.0.1 /zhuan6/cs/dayzk1/index.php/index/index
INFO: [ app_init ] --START--
INFO: Run Behavior\BuildLiteBehavior [ RunTime:0.000022s ]
INFO: [ app_init ] --END-- [ RunTime:0.000593s ]
ERR: 无法加载模块:Index

[ 2018-10-08T08:48:11+08:00 ] 127.0.0.1 /zhuan6/cs/dayzk1/index.php/index/index
INFO: [ app_init ] --START--
INFO: Run Behavior\BuildLiteBehavior [ RunTime:0.000025s ]
INFO: [ app_init ] --END-- [ RunTime:0.000683s ]
ERR: 无法加载模块:Index

[ 2018-10-08T08:48:12+08:00 ] 127.0.0.1 /zhuan6/cs/dayzk1/index.php/index/index
INFO: [ app_init ] --START--
INFO: Run Behavior\BuildLiteBehavior [ RunTime:0.000016s ]
INFO: [ app_init ] --END-- [ RunTime:0.000439s ]
ERR: 无法加载模块:Index

[ 2018-10-08T08:48:12+08:00 ] 127.0.0.1 /zhuan6/cs/dayzk1/index.php/index/index
INFO: [ app_init ] --START--
INFO: Run Behavior\BuildLiteBehavior [ RunTime:0.000021s ]
INFO: [ app_init ] --END-- [ RunTime:0.000791s ]
ERR: 无法加载模块:Index

[ 2018-10-08T08:49:24+08:00 ] 127.0.0.1 /zhuan6/cs/dayzk1/index.php/Brand/index
INFO: [ app_init ] --START--
INFO: Run Behavior\BuildLiteBehavior [ RunTime:0.000016s ]
INFO: [ app_init ] --END-- [ RunTime:0.000675s ]
ERR: 无法加载模块:Brand

[ 2018-10-08T08:51:28+08:00 ] 127.0.0.1 /zhuan6/cs/dayzk1/index.php/Brand/index
INFO: [ app_init ] --START--
INFO: Run Behavior\BuildLiteBehavior [ RunTime:0.000015s ]
INFO: [ app_init ] --END-- [ RunTime:0.000520s ]
ERR: 无法加载模块:Brand

[ 2018-10-08T08:51:28+08:00 ] 127.0.0.1 /zhuan6/cs/dayzk1/index.php/Brand/index
INFO: [ app_init ] --START--
INFO: Run Behavior\BuildLiteBehavior [ RunTime:0.000022s ]
INFO: [ app_init ] --END-- [ RunTime:0.000785s ]
ERR: 无法加载模块:Brand

[ 2018-10-08T08:51:28+08:00 ] 127.0.0.1 /zhuan6/cs/dayzk1/index.php/Brand/index
INFO: [ app_init ] --START--
INFO: Run Behavior\BuildLiteBehavior [ RunTime:0.000013s ]
INFO: [ app_init ] --END-- [ RunTime:0.000363s ]
ERR: 无法加载模块:Brand

[ 2018-10-08T08:51:29+08:00 ] 127.0.0.1 /zhuan6/cs/dayzk1/index.php/Brand/index
INFO: [ app_init ] --START--
INFO: Run Behavior\BuildLiteBehavior [ RunTime:0.000016s ]
INFO: [ app_init ] --END-- [ RunTime:0.000389s ]
ERR: 无法加载模块:Brand

[ 2018-10-08T08:51:29+08:00 ] 127.0.0.1 /zhuan6/cs/dayzk1/index.php/Brand/index
INFO: [ app_init ] --START--
INFO: Run Behavior\BuildLiteBehavior [ RunTime:0.000022s ]
INFO: [ app_init ] --END-- [ RunTime:0.000571s ]
ERR: 无法加载模块:Brand

[ 2018-10-08T08:51:29+08:00 ] 127.0.0.1 /zhuan6/cs/dayzk1/index.php/Brand/index
INFO: [ app_init ] --START--
INFO: Run Behavior\BuildLiteBehavior [ RunTime:0.000028s ]
INFO: [ app_init ] --END-- [ RunTime:0.000631s ]
ERR: 无法加载模块:Brand

[ 2018-10-08T08:53:34+08:00 ] 127.0.0.1 /zhuan6/cs/dayzk1/Public/images/images/picflag.gif
INFO: [ app_init ] --START--
INFO: Run Behavior\BuildLiteBehavior [ RunTime:0.000017s ]
INFO: [ app_init ] --END-- [ RunTime:0.000558s ]
ERR: 无法加载模块:Public

[ 2018-10-08T08:53:34+08:00 ] 127.0.0.1 /zhuan6/cs/dayzk1/Public/images/images/icon_search.gif
INFO: [ app_init ] --START--
INFO: Run Behavior\BuildLiteBehavior [ RunTime:0.000017s ]
INFO: [ app_init ] --END-- [ RunTime:0.000453s ]
ERR: 无法加载模块:Public

[ 2018-10-08T08:53:34+08:00 ] 127.0.0.1 /zhuan6/cs/dayzk1/Public/images/styles/main.css
INFO: [ app_init ] --START--
INFO: Run Behavior\BuildLiteBehavior [ RunTime:0.000023s ]
INFO: [ app_init ] --END-- [ RunTime:0.000695s ]
ERR: 无法加载模块:Public

[ 2018-10-08T08:53:34+08:00 ] 127.0.0.1 /zhuan6/cs/dayzk1/Public/images/images/yes.gif
INFO: [ app_init ] --START--
INFO: Run Behavior\BuildLiteBehavior [ RunTime:0.000020s ]
INFO: [ app_init ] --END-- [ RunTime:0.000723s ]
ERR: 无法加载模块:Public

[ 2018-10-08T08:53:34+08:00 ] 127.0.0.1 /zhuan6/cs/dayzk1/Public/images/styles/general.css
INFO: [ app_init ] --START--
INFO: Run Behavior\BuildLiteBehavior [ RunTime:0.000026s ]
INFO: [ app_init ] --END-- [ RunTime:0.001395s ]
ERR: 无法加载模块:Public

[ 2018-10-08T08:53:38+08:00 ] 127.0.0.1 /zhuan6/cs/dayzk1/Public/images/images/picflag.gif
INFO: [ app_init ] --START--
INFO: Run Behavior\BuildLiteBehavior [ RunTime:0.000017s ]
INFO: [ app_init ] --END-- [ RunTime:0.000457s ]
ERR: 无法加载模块:Public

[ 2018-10-08T08:53:38+08:00 ] 127.0.0.1 /zhuan6/cs/dayzk1/Public/images/styles/main.css
INFO: [ app_init ] --START--
INFO: Run Behavior\BuildLiteBehavior [ RunTime:0.000017s ]
INFO: [ app_init ] --END-- [ RunTime:0.000464s ]
ERR: 无法加载模块:Public

[ 2018-10-08T08:53:38+08:00 ] 127.0.0.1 /zhuan6/cs/dayzk1/Public/images/images/yes.gif
INFO: [ app_init ] --START--
INFO: Run Behavior\BuildLiteBehavior [ RunTime:0.000021s ]
INFO: [ app_init ] --END-- [ RunTime:0.000529s ]
ERR: 无法加载模块:Public

[ 2018-10-08T08:53:38+08:00 ] 127.0.0.1 /zhuan6/cs/dayzk1/Public/images/images/icon_search.gif
INFO: [ app_init ] --START--
INFO: Run Behavior\BuildLiteBehavior [ RunTime:0.000020s ]
INFO: [ app_init ] --END-- [ RunTime:0.000714s ]
ERR: 无法加载模块:Public

[ 2018-10-08T08:53:38+08:00 ] 127.0.0.1 /zhuan6/cs/dayzk1/Public/images/styles/general.css
INFO: [ app_init ] --START--
INFO: Run Behavior\BuildLiteBehavior [ RunTime:0.000025s ]
INFO: [ app_init ] --END-- [ RunTime:0.000682s ]
ERR: 无法加载模块:Public

[ 2018-10-08T08:53:53+08:00 ] 127.0.0.1 /zhuan6/cs/dayzk1/Public/styles/main.css
INFO: [ app_init ] --START--
INFO: Run Behavior\BuildLiteBehavior [ RunTime:0.000021s ]
INFO: [ app_init ] --END-- [ RunTime:0.000557s ]
ERR: 无法加载模块:Public

[ 2018-10-08T08:53:53+08:00 ] 127.0.0.1 /zhuan6/cs/dayzk1/Public/styles/general.css
INFO: [ app_init ] --START--
INFO: Run Behavior\BuildLiteBehavior [ RunTime:0.000012s ]
INFO: [ app_init ] --END-- [ RunTime:0.000363s ]
ERR: 无法加载模块:Public

[ 2018-10-08T08:53:53+08:00 ] 127.0.0.1 /zhuan6/cs/dayzk1/Public/styles/main.css
INFO: [ app_init ] --START--
INFO: Run Behavior\BuildLiteBehavior [ RunTime:0.000019s ]
INFO: [ app_init ] --END-- [ RunTime:0.000510s ]
ERR: 无法加载模块:Public

[ 2018-10-08T08:53:53+08:00 ] 127.0.0.1 /zhuan6/cs/dayzk1/Public/styles/general.css
INFO: [ app_init ] --START--
INFO: Run Behavior\BuildLiteBehavior [ RunTime:0.000018s ]
INFO: [ app_init ] --END-- [ RunTime:0.000675s ]
ERR: 无法加载模块:Public

[ 2018-10-08T08:53:54+08:00 ] 127.0.0.1 /zhuan6/cs/dayzk1/Public/styles/general.css
INFO: [ app_init ] --START--
INFO: Run Behavior\BuildLiteBehavior [ RunTime:0.000019s ]
INFO: [ app_init ] --END-- [ RunTime:0.000478s ]
ERR: 无法加载模块:Public

[ 2018-10-08T08:53:54+08:00 ] 127.0.0.1 /zhuan6/cs/dayzk1/Public/styles/main.css
INFO: [ app_init ] --START--
INFO: Run Behavior\BuildLiteBehavior [ RunTime:0.000021s ]
INFO: [ app_init ] --END-- [ RunTime:0.000601s ]
ERR: 无法加载模块:Public

[ 2018-10-08T08:53:54+08:00 ] 127.0.0.1 /zhuan6/cs/dayzk1/Public/styles/main.css
INFO: [ app_init ] --START--
INFO: Run Behavior\BuildLiteBehavior [ RunTime:0.000022s ]
INFO: [ app_init ] --END-- [ RunTime:0.000659s ]
ERR: 无法加载模块:Public

[ 2018-10-08T08:53:54+08:00 ] 127.0.0.1 /zhuan6/cs/dayzk1/Public/styles/general.css
INFO: [ app_init ] --START--
INFO: Run Behavior\BuildLiteBehavior [ RunTime:0.000022s ]
INFO: [ app_init ] --END-- [ RunTime:0.000552s ]
ERR: 无法加载模块:Public

[ 2018-10-08T08:54:26+08:00 ] 127.0.0.1 /zhuan6/cs/dayzk1/Public/images/images/icon_search.gif
INFO: [ app_init ] --START--
INFO: Run Behavior\BuildLiteBehavior [ RunTime:0.000017s ]
INFO: [ app_init ] --END-- [ RunTime:0.000442s ]
ERR: 无法加载模块:Public

[ 2018-10-08T08:54:26+08:00 ] 127.0.0.1 /zhuan6/cs/dayzk1/Public/images/styles/general.css
INFO: [ app_init ] --START--
INFO: Run Behavior\BuildLiteBehavior [ RunTime:0.000021s ]
INFO: [ app_init ] --END-- [ RunTime:0.000485s ]
ERR: 无法加载模块:Public

[ 2018-10-08T08:54:26+08:00 ] 127.0.0.1 /zhuan6/cs/dayzk1/Public/images/images/picflag.gif
INFO: [ app_init ] --START--
INFO: Run Behavior\BuildLiteBehavior [ RunTime:0.000018s ]
INFO: [ app_init ] --END-- [ RunTime:0.000512s ]
ERR: 无法加载模块:Public

[ 2018-10-08T08:54:26+08:00 ] 127.0.0.1 /zhuan6/cs/dayzk1/Public/images/images/yes.gif
INFO: [ app_init ] --START--
INFO: Run Behavior\BuildLiteBehavior [ RunTime:0.000019s ]
INFO: [ app_init ] --END-- [ RunTime:0.000555s ]
ERR: 无法加载模块:Public

[ 2018-10-08T08:54:26+08:00 ] 127.0.0.1 /zhuan6/cs/dayzk1/Public/images/styles/main.css
INFO: [ app_init ] --START--
INFO: Run Behavior\BuildLiteBehavior [ RunTime:0.000014s ]
INFO: [ app_init ] --END-- [ RunTime:0.000399s ]
ERR: 无法加载模块:Public

[ 2018-10-08T08:54:27+08:00 ] 127.0.0.1 /zhuan6/cs/dayzk1/Public/images/images/picflag.gif
INFO: [ app_init ] --START--
INFO: Run Behavior\BuildLiteBehavior [ RunTime:0.000017s ]
INFO: [ app_init ] --END-- [ RunTime:0.000549s ]
ERR: 无法加载模块:Public

[ 2018-10-08T08:54:27+08:00 ] 127.0.0.1 /zhuan6/cs/dayzk1/Public/images/styles/main.css
INFO: [ app_init ] --START--
INFO: Run Behavior\BuildLiteBehavior [ RunTime:0.000019s ]
INFO: [ app_init ] --END-- [ RunTime:0.000501s ]
ERR: 无法加载模块:Public

[ 2018-10-08T08:54:27+08:00 ] 127.0.0.1 /zhuan6/cs/dayzk1/Public/images/images/yes.gif
INFO: [ app_init ] --START--
INFO: Run Behavior\BuildLiteBehavior [ RunTime:0.000019s ]
INFO: [ app_init ] --END-- [ RunTime:0.000508s ]
ERR: 无法加载模块:Public

[ 2018-10-08T08:54:27+08:00 ] 127.0.0.1 /zhuan6/cs/dayzk1/Public/images/images/icon_search.gif
INFO: [ app_init ] --START--
INFO: Run Behavior\BuildLiteBehavior [ RunTime:0.000019s ]
INFO: [ app_init ] --END-- [ RunTime:0.000550s ]
ERR: 无法加载模块:Public

[ 2018-10-08T08:54:27+08:00 ] 127.0.0.1 /zhuan6/cs/dayzk1/Public/images/styles/general.css
INFO: [ app_init ] --START--
INFO: Run Behavior\BuildLiteBehavior [ RunTime:0.000019s ]
INFO: [ app_init ] --END-- [ RunTime:0.001742s ]
ERR: 无法加载模块:Public

[ 2018-10-08T08:54:27+08:00 ] 127.0.0.1 /zhuan6/cs/dayzk1/Public/images/styles/main.css
INFO: [ app_init ] --START--
INFO: Run Behavior\BuildLiteBehavior [ RunTime:0.000017s ]
INFO: [ app_init ] --END-- [ RunTime:0.000477s ]
ERR: 无法加载模块:Public

[ 2018-10-08T08:54:27+08:00 ] 127.0.0.1 /zhuan6/cs/dayzk1/Public/images/images/yes.gif
INFO: [ app_init ] --START--
INFO: Run Behavior\BuildLiteBehavior [ RunTime:0.000019s ]
INFO: [ app_init ] --END-- [ RunTime:0.000551s ]
ERR: 无法加载模块:Public

[ 2018-10-08T08:54:27+08:00 ] 127.0.0.1 /zhuan6/cs/dayzk1/Public/images/images/picflag.gif
INFO: [ app_init ] --START--
INFO: Run Behavior\BuildLiteBehavior [ RunTime:0.000018s ]
INFO: [ app_init ] --END-- [ RunTime:0.000499s ]
ERR: 无法加载模块:Public

[ 2018-10-08T08:54:27+08:00 ] 127.0.0.1 /zhuan6/cs/dayzk1/Public/images/images/icon_search.gif
INFO: [ app_init ] --START--
INFO: Run Behavior\BuildLiteBehavior [ RunTime:0.000017s ]
INFO: [ app_init ] --END-- [ RunTime:0.000459s ]
ERR: 无法加载模块:Public

[ 2018-10-08T08:54:27+08:00 ] 127.0.0.1 /zhuan6/cs/dayzk1/Public/images/styles/general.css
INFO: [ app_init ] --START--
INFO: Run Behavior\BuildLiteBehavior [ RunTime:0.000015s ]
INFO: [ app_init ] --END-- [ RunTime:0.000446s ]
ERR: 无法加载模块:Public

[ 2018-10-08T08:54:27+08:00 ] 127.0.0.1 /zhuan6/cs/dayzk1/Public/images/styles/main.css
INFO: [ app_init ] --START--
INFO: Run Behavior\BuildLiteBehavior [ RunTime:0.000018s ]
INFO: [ app_init ] --END-- [ RunTime:0.000505s ]
ERR: 无法加载模块:Public

[ 2018-10-08T08:54:27+08:00 ] 127.0.0.1 /zhuan6/cs/dayzk1/Public/images/images/icon_search.gif
INFO: [ app_init ] --START--
INFO: Run Behavior\BuildLiteBehavior [ RunTime:0.000016s ]
INFO: [ app_init ] --END-- [ RunTime:0.000454s ]
ERR: 无法加载模块:Public

[ 2018-10-08T08:54:27+08:00 ] 127.0.0.1 /zhuan6/cs/dayzk1/Public/images/images/yes.gif
INFO: [ app_init ] --START--
INFO: Run Behavior\BuildLiteBehavior [ RunTime:0.000015s ]
INFO: [ app_init ] --END-- [ RunTime:0.000441s ]
ERR: 无法加载模块:Public

[ 2018-10-08T08:54:27+08:00 ] 127.0.0.1 /zhuan6/cs/dayzk1/Public/images/styles/general.css
INFO: [ app_init ] --START--
INFO: Run Behavior\BuildLiteBehavior [ RunTime:0.000019s ]
INFO: [ app_init ] --END-- [ RunTime:0.000522s ]
ERR: 无法加载模块:Public

[ 2018-10-08T08:54:27+08:00 ] 127.0.0.1 /zhuan6/cs/dayzk1/Public/images/images/picflag.gif
INFO: [ app_init ] --START--
INFO: Run Behavior\BuildLiteBehavior [ RunTime:0.000021s ]
INFO: [ app_init ] --END-- [ RunTime:0.000580s ]
ERR: 无法加载模块:Public

[ 2018-10-08T08:54:30+08:00 ] 127.0.0.1 /zhuan6/cs/dayzk1/Public/images/images/icon_search.gif
INFO: [ app_init ] --START--
INFO: Run Behavior\BuildLiteBehavior [ RunTime:0.000017s ]
INFO: [ app_init ] --END-- [ RunTime:0.000484s ]
ERR: 无法加载模块:Public

[ 2018-10-08T08:54:30+08:00 ] 127.0.0.1 /zhuan6/cs/dayzk1/Public/images/images/picflag.gif
INFO: [ app_init ] --START--
INFO: Run Behavior\BuildLiteBehavior [ RunTime:0.000016s ]
INFO: [ app_init ] --END-- [ RunTime:0.000604s ]
ERR: 无法加载模块:Public

[ 2018-10-08T08:54:30+08:00 ] 127.0.0.1 /zhuan6/cs/dayzk1/Public/images/styles/general.css
INFO: [ app_init ] --START--
INFO: Run Behavior\BuildLiteBehavior [ RunTime:0.000020s ]
INFO: [ app_init ] --END-- [ RunTime:0.000540s ]
ERR: 无法加载模块:Public

[ 2018-10-08T08:54:30+08:00 ] 127.0.0.1 /zhuan6/cs/dayzk1/Public/images/styles/main.css
INFO: [ app_init ] --START--
INFO: Run Behavior\BuildLiteBehavior [ RunTime:0.000021s ]
INFO: [ app_init ] --END-- [ RunTime:0.000547s ]
ERR: 无法加载模块:Public

[ 2018-10-08T08:54:30+08:00 ] 127.0.0.1 /zhuan6/cs/dayzk1/Public/images/images/yes.gif
INFO: [ app_init ] --START--
INFO: Run Behavior\BuildLiteBehavior [ RunTime:0.000024s ]
INFO: [ app_init ] --END-- [ RunTime:0.000836s ]
ERR: 无法加载模块:Public

[ 2018-10-08T08:55:53+08:00 ] 127.0.0.1 /zhuan6/cs/dayzk1/Public/Admin/styles/main.css
INFO: [ app_init ] --START--
INFO: Run Behavior\BuildLiteBehavior [ RunTime:0.000021s ]
INFO: [ app_init ] --END-- [ RunTime:0.000674s ]
ERR: 无法加载模块:Public

[ 2018-10-08T08:55:53+08:00 ] 127.0.0.1 /zhuan6/cs/dayzk1/Public/Admin/styles/general.css
INFO: [ app_init ] --START--
INFO: Run Behavior\BuildLiteBehavior [ RunTime:0.000017s ]
INFO: [ app_init ] --END-- [ RunTime:0.000502s ]
ERR: 无法加载模块:Public

[ 2018-10-08T08:55:54+08:00 ] 127.0.0.1 /zhuan6/cs/dayzk1/Public/Admin/styles/general.css
INFO: [ app_init ] --START--
INFO: Run Behavior\BuildLiteBehavior [ RunTime:0.000016s ]
INFO: [ app_init ] --END-- [ RunTime:0.000475s ]
ERR: 无法加载模块:Public

[ 2018-10-08T08:55:54+08:00 ] 127.0.0.1 /zhuan6/cs/dayzk1/Public/Admin/styles/main.css
INFO: [ app_init ] --START--
INFO: Run Behavior\BuildLiteBehavior [ RunTime:0.000013s ]
INFO: [ app_init ] --END-- [ RunTime:0.000416s ]
ERR: 无法加载模块:Public

[ 2018-10-08T08:55:54+08:00 ] 127.0.0.1 /zhuan6/cs/dayzk1/Public/Admin/styles/main.css
INFO: [ app_init ] --START--
INFO: Run Behavior\BuildLiteBehavior [ RunTime:0.000016s ]
INFO: [ app_init ] --END-- [ RunTime:0.000565s ]
ERR: 无法加载模块:Public

[ 2018-10-08T08:55:54+08:00 ] 127.0.0.1 /zhuan6/cs/dayzk1/Public/Admin/styles/general.css
INFO: [ app_init ] --START--
INFO: Run Behavior\BuildLiteBehavior [ RunTime:0.000018s ]
INFO: [ app_init ] --END-- [ RunTime:0.000468s ]
ERR: 无法加载模块:Public

[ 2018-10-08T08:56:08+08:00 ] 127.0.0.1 /zhuan6/cs/dayzk1/Public/styles/general.css
INFO: [ app_init ] --START--
INFO: Run Behavior\BuildLiteBehavior [ RunTime:0.000033s ]
INFO: [ app_init ] --END-- [ RunTime:0.000386s ]
ERR: 无法加载模块:Public

[ 2018-10-08T08:56:08+08:00 ] 127.0.0.1 /zhuan6/cs/dayzk1/Public/styles/main.css
INFO: [ app_init ] --START--
INFO: Run Behavior\BuildLiteBehavior [ RunTime:0.000045s ]
INFO: [ app_init ] --END-- [ RunTime:0.000503s ]
ERR: 无法加载模块:Public

[ 2018-10-08T08:56:09+08:00 ] 127.0.0.1 /zhuan6/cs/dayzk1/Public/styles/main.css
INFO: [ app_init ] --START--
INFO: Run Behavior\BuildLiteBehavior [ RunTime:0.000019s ]
INFO: [ app_init ] --END-- [ RunTime:0.000514s ]
ERR: 无法加载模块:Public

[ 2018-10-08T08:56:09+08:00 ] 127.0.0.1 /zhuan6/cs/dayzk1/Public/styles/general.css
INFO: [ app_init ] --START--
INFO: Run Behavior\BuildLiteBehavior [ RunTime:0.000018s ]
INFO: [ app_init ] --END-- [ RunTime:0.000542s ]
ERR: 无法加载模块:Public

[ 2018-10-08T08:56:09+08:00 ] 127.0.0.1 /zhuan6/cs/dayzk1/Public/styles/main.css
INFO: [ app_init ] --START--
INFO: Run Behavior\BuildLiteBehavior [ RunTime:0.000018s ]
INFO: [ app_init ] --END-- [ RunTime:0.000574s ]
ERR: 无法加载模块:Public

[ 2018-10-08T08:56:09+08:00 ] 127.0.0.1 /zhuan6/cs/dayzk1/Public/styles/general.css
INFO: [ app_init ] --START--
INFO: Run Behavior\BuildLiteBehavior [ RunTime:0.000021s ]
INFO: [ app_init ] --END-- [ RunTime:0.000884s ]
ERR: 无法加载模块:Public

[ 2018-10-08T08:56:09+08:00 ] 127.0.0.1 /zhuan6/cs/dayzk1/Public/styles/main.css
INFO: [ app_init ] --START--
INFO: Run Behavior\BuildLiteBehavior [ RunTime:0.000019s ]
INFO: [ app_init ] --END-- [ RunTime:0.000505s ]
ERR: 无法加载模块:Public

[ 2018-10-08T08:56:09+08:00 ] 127.0.0.1 /zhuan6/cs/dayzk1/Public/styles/general.css
INFO: [ app_init ] --START--
INFO: Run Behavior\BuildLiteBehavior [ RunTime:0.000037s ]
INFO: [ app_init ] --END-- [ RunTime:0.001538s ]
ERR: 无法加载模块:Public

[ 2018-10-08T08:56:13+08:00 ] 127.0.0.1 /zhuan6/cs/dayzk1/Public/styles/main.css
INFO: [ app_init ] --START--
INFO: Run Behavior\BuildLiteBehavior [ RunTime:0.000022s ]
INFO: [ app_init ] --END-- [ RunTime:0.000584s ]
ERR: 无法加载模块:Public

[ 2018-10-08T08:56:13+08:00 ] 127.0.0.1 /zhuan6/cs/dayzk1/Public/styles/general.css
INFO: [ app_init ] --START--
INFO: Run Behavior\BuildLiteBehavior [ RunTime:0.000020s ]
INFO: [ app_init ] --END-- [ RunTime:0.000513s ]
ERR: 无法加载模块:Public

[ 2018-10-08T08:56:13+08:00 ] 127.0.0.1 /zhuan6/cs/dayzk1/Public/styles/main.css
INFO: [ app_init ] --START--
INFO: Run Behavior\BuildLiteBehavior [ RunTime:0.000020s ]
INFO: [ app_init ] --END-- [ RunTime:0.000681s ]
ERR: 无法加载模块:Public

[ 2018-10-08T08:56:14+08:00 ] 127.0.0.1 /zhuan6/cs/dayzk1/Public/styles/general.css
INFO: [ app_init ] --START--
INFO: Run Behavior\BuildLiteBehavior [ RunTime:0.000021s ]
INFO: [ app_init ] --END-- [ RunTime:0.000511s ]
ERR: 无法加载模块:Public

[ 2018-10-08T08:56:14+08:00 ] 127.0.0.1 /zhuan6/cs/dayzk1/Public/styles/main.css
INFO: [ app_init ] --START--
INFO: Run Behavior\BuildLiteBehavior [ RunTime:0.000013s ]
INFO: [ app_init ] --END-- [ RunTime:0.000358s ]
ERR: 无法加载模块:Public

[ 2018-10-08T08:56:35+08:00 ] 127.0.0.1 /zhuan6/cs/dayzk1/Public/Admin/styles/general.css
INFO: [ app_init ] --START--
INFO: Run Behavior\BuildLiteBehavior [ RunTime:0.000022s ]
INFO: [ app_init ] --END-- [ RunTime:0.000652s ]
ERR: 无法加载模块:Public

[ 2018-10-08T08:56:35+08:00 ] 127.0.0.1 /zhuan6/cs/dayzk1/Public/Admin/styles/main.css
INFO: [ app_init ] --START--
INFO: Run Behavior\BuildLiteBehavior [ RunTime:0.000027s ]
INFO: [ app_init ] --END-- [ RunTime:0.001424s ]
ERR: 无法加载模块:Public

[ 2018-10-08T08:56:35+08:00 ] 127.0.0.1 /zhuan6/cs/dayzk1/Public/Admin/styles/main.css
INFO: [ app_init ] --START--
INFO: Run Behavior\BuildLiteBehavior [ RunTime:0.000017s ]
INFO: [ app_init ] --END-- [ RunTime:0.000492s ]
ERR: 无法加载模块:Public

[ 2018-10-08T08:56:35+08:00 ] 127.0.0.1 /zhuan6/cs/dayzk1/Public/Admin/styles/general.css
INFO: [ app_init ] --START--
INFO: Run Behavior\BuildLiteBehavior [ RunTime:0.000015s ]
INFO: [ app_init ] --END-- [ RunTime:0.000496s ]
ERR: 无法加载模块:Public

[ 2018-10-08T08:56:35+08:00 ] 127.0.0.1 /zhuan6/cs/dayzk1/Public/Admin/styles/general.css
INFO: [ app_init ] --START--
INFO: Run Behavior\BuildLiteBehavior [ RunTime:0.000018s ]
INFO: [ app_init ] --END-- [ RunTime:0.000703s ]
ERR: 无法加载模块:Public

[ 2018-10-08T08:56:35+08:00 ] 127.0.0.1 /zhuan6/cs/dayzk1/Public/Admin/styles/main.css
INFO: [ app_init ] --START--
INFO: Run Behavior\BuildLiteBehavior [ RunTime:0.000034s ]
INFO: [ app_init ] --END-- [ RunTime:0.000683s ]
ERR: 无法加载模块:Public

[ 2018-10-08T08:56:35+08:00 ] 127.0.0.1 /zhuan6/cs/dayzk1/Public/Admin/styles/general.css
INFO: [ app_init ] --START--
INFO: Run Behavior\BuildLiteBehavior [ RunTime:0.000018s ]
INFO: [ app_init ] --END-- [ RunTime:0.000589s ]
ERR: 无法加载模块:Public

[ 2018-10-08T08:56:35+08:00 ] 127.0.0.1 /zhuan6/cs/dayzk1/Public/Admin/styles/main.css
INFO: [ app_init ] --START--
INFO: Run Behavior\BuildLiteBehavior [ RunTime:0.000022s ]
INFO: [ app_init ] --END-- [ RunTime:0.001297s ]
ERR: 无法加载模块:Public

[ 2018-10-08T08:56:37+08:00 ] 127.0.0.1 /zhuan6/cs/dayzk1/Public/Admin/styles/general.css
INFO: [ app_init ] --START--
INFO: Run Behavior\BuildLiteBehavior [ RunTime:0.000020s ]
INFO: [ app_init ] --END-- [ RunTime:0.000523s ]
ERR: 无法加载模块:Public

[ 2018-10-08T08:56:37+08:00 ] 127.0.0.1 /zhuan6/cs/dayzk1/Public/Admin/styles/main.css
INFO: [ app_init ] --START--
INFO: Run Behavior\BuildLiteBehavior [ RunTime:0.000024s ]
INFO: [ app_init ] --END-- [ RunTime:0.000927s ]
ERR: 无法加载模块:Public

[ 2018-10-08T08:56:37+08:00 ] 127.0.0.1 /zhuan6/cs/dayzk1/Public/Admin/styles/main.css
INFO: [ app_init ] --START--
INFO: Run Behavior\BuildLiteBehavior [ RunTime:0.000019s ]
INFO: [ app_init ] --END-- [ RunTime:0.000532s ]
ERR: 无法加载模块:Public

[ 2018-10-08T08:56:37+08:00 ] 127.0.0.1 /zhuan6/cs/dayzk1/Public/Admin/styles/general.css
INFO: [ app_init ] --START--
INFO: Run Behavior\BuildLiteBehavior [ RunTime:0.000013s ]
INFO: [ app_init ] --END-- [ RunTime:0.000365s ]
ERR: 无法加载模块:Public

[ 2018-10-08T08:56:37+08:00 ] 127.0.0.1 /zhuan6/cs/dayzk1/Public/Admin/styles/main.css
INFO: [ app_init ] --START--
INFO: Run Behavior\BuildLiteBehavior [ RunTime:0.000017s ]
INFO: [ app_init ] --END-- [ RunTime:0.000456s ]
ERR: 无法加载模块:Public

[ 2018-10-08T08:56:37+08:00 ] 127.0.0.1 /zhuan6/cs/dayzk1/Public/Admin/styles/general.css
INFO: [ app_init ] --START--
INFO: Run Behavior\BuildLiteBehavior [ RunTime:0.000014s ]
INFO: [ app_init ] --END-- [ RunTime:0.000376s ]
ERR: 无法加载模块:Public

[ 2018-10-08T08:56:37+08:00 ] 127.0.0.1 /zhuan6/cs/dayzk1/Public/Admin/styles/general.css
INFO: [ app_init ] --START--
INFO: Run Behavior\BuildLiteBehavior [ RunTime:0.000020s ]
INFO: [ app_init ] --END-- [ RunTime:0.000556s ]
ERR: 无法加载模块:Public

[ 2018-10-08T08:56:37+08:00 ] 127.0.0.1 /zhuan6/cs/dayzk1/Public/Admin/styles/main.css
INFO: [ app_init ] --START--
INFO: Run Behavior\BuildLiteBehavior [ RunTime:0.000026s ]
INFO: [ app_init ] --END-- [ RunTime:0.000511s ]
ERR: 无法加载模块:Public

[ 2018-10-08T08:56:40+08:00 ] 127.0.0.1 /zhuan6/cs/dayzk1/Public/Admin/styles/main.css
INFO: [ app_init ] --START--
INFO: Run Behavior\BuildLiteBehavior [ RunTime:0.000018s ]
INFO: [ app_init ] --END-- [ RunTime:0.000505s ]
ERR: 无法加载模块:Public

[ 2018-10-08T08:56:40+08:00 ] 127.0.0.1 /zhuan6/cs/dayzk1/Public/Admin/styles/general.css
INFO: [ app_init ] --START--
INFO: Run Behavior\BuildLiteBehavior [ RunTime:0.000035s ]
INFO: [ app_init ] --END-- [ RunTime:0.000702s ]
ERR: 无法加载模块:Public

[ 2018-10-08T08:56:40+08:00 ] 127.0.0.1 /zhuan6/cs/dayzk1/Public/Admin/styles/main.css
INFO: [ app_init ] --START--
INFO: Run Behavior\BuildLiteBehavior [ RunTime:0.000019s ]
INFO: [ app_init ] --END-- [ RunTime:0.000481s ]
ERR: 无法加载模块:Public

[ 2018-10-08T08:56:40+08:00 ] 127.0.0.1 /zhuan6/cs/dayzk1/Public/Admin/styles/general.css
INFO: [ app_init ] --START--
INFO: Run Behavior\BuildLiteBehavior [ RunTime:0.000018s ]
INFO: [ app_init ] --END-- [ RunTime:0.000495s ]
ERR: 无法加载模块:Public

[ 2018-10-08T08:56:40+08:00 ] 127.0.0.1 /zhuan6/cs/dayzk1/Public/Admin/styles/main.css
INFO: [ app_init ] --START--
INFO: Run Behavior\BuildLiteBehavior [ RunTime:0.000021s ]
INFO: [ app_init ] --END-- [ RunTime:0.000642s ]
ERR: 无法加载模块:Public

[ 2018-10-08T08:56:40+08:00 ] 127.0.0.1 /zhuan6/cs/dayzk1/Public/Admin/styles/general.css
INFO: [ app_init ] --START--
INFO: Run Behavior\BuildLiteBehavior [ RunTime:0.000016s ]
INFO: [ app_init ] --END-- [ RunTime:0.000461s ]
ERR: 无法加载模块:Public

[ 2018-10-08T08:57:10+08:00 ] 127.0.0.1 /zhuan6/cs/dayzk1/Public/Admin/styles/general.css
INFO: [ app_init ] --START--
INFO: Run Behavior\BuildLiteBehavior [ RunTime:0.000018s ]
INFO: [ app_init ] --END-- [ RunTime:0.000564s ]
ERR: 无法加载模块:Public

[ 2018-10-08T08:57:10+08:00 ] 127.0.0.1 /zhuan6/cs/dayzk1/Public/Admin/styles/main.css
INFO: [ app_init ] --START--
INFO: Run Behavior\BuildLiteBehavior [ RunTime:0.000016s ]
INFO: [ app_init ] --END-- [ RunTime:0.000465s ]
ERR: 无法加载模块:Public

[ 2018-10-08T08:57:11+08:00 ] 127.0.0.1 /zhuan6/cs/dayzk1/Public/Admin/styles/main.css
INFO: [ app_init ] --START--
INFO: Run Behavior\BuildLiteBehavior [ RunTime:0.000019s ]
INFO: [ app_init ] --END-- [ RunTime:0.000500s ]
ERR: 无法加载模块:Public

[ 2018-10-08T08:57:11+08:00 ] 127.0.0.1 /zhuan6/cs/dayzk1/Public/Admin/styles/general.css
INFO: [ app_init ] --START--
INFO: Run Behavior\BuildLiteBehavior [ RunTime:0.000020s ]
INFO: [ app_init ] --END-- [ RunTime:0.000570s ]
ERR: 无法加载模块:Public

[ 2018-10-08T08:57:11+08:00 ] 127.0.0.1 /zhuan6/cs/dayzk1/Public/Admin/styles/general.css
INFO: [ app_init ] --START--
INFO: Run Behavior\BuildLiteBehavior [ RunTime:0.000032s ]
INFO: [ app_init ] --END-- [ RunTime:0.000657s ]
ERR: 无法加载模块:Public

[ 2018-10-08T08:57:11+08:00 ] 127.0.0.1 /zhuan6/cs/dayzk1/Public/Admin/styles/main.css
INFO: [ app_init ] --START--
INFO: Run Behavior\BuildLiteBehavior [ RunTime:0.000063s ]
INFO: [ app_init ] --END-- [ RunTime:0.000811s ]
ERR: 无法加载模块:Public

[ 2018-10-08T08:57:11+08:00 ] 127.0.0.1 /zhuan6/cs/dayzk1/Public/Admin/styles/general.css
INFO: [ app_init ] --START--
INFO: Run Behavior\BuildLiteBehavior [ RunTime:0.000021s ]
INFO: [ app_init ] --END-- [ RunTime:0.000765s ]
ERR: 无法加载模块:Public

[ 2018-10-08T08:57:11+08:00 ] 127.0.0.1 /zhuan6/cs/dayzk1/Public/Admin/styles/main.css
INFO: [ app_init ] --START--
INFO: Run Behavior\BuildLiteBehavior [ RunTime:0.000018s ]
INFO: [ app_init ] --END-- [ RunTime:0.000555s ]
ERR: 无法加载模块:Public

[ 2018-10-08T08:57:11+08:00 ] 127.0.0.1 /zhuan6/cs/dayzk1/Public/Admin/styles/main.css
INFO: [ app_init ] --START--
INFO: Run Behavior\BuildLiteBehavior [ RunTime:0.000030s ]
INFO: [ app_init ] --END-- [ RunTime:0.000998s ]
ERR: 无法加载模块:Public

[ 2018-10-08T08:57:11+08:00 ] 127.0.0.1 /zhuan6/cs/dayzk1/Public/Admin/styles/general.css
INFO: [ app_init ] --START--
INFO: Run Behavior\BuildLiteBehavior [ RunTime:0.000017s ]
INFO: [ app_init ] --END-- [ RunTime:0.000453s ]
ERR: 无法加载模块:Public

[ 2018-10-08T08:57:20+08:00 ] 127.0.0.1 /zhuan6/cs/dayzk1/Public/Admin/styles/general.css
INFO: [ app_init ] --START--
INFO: Run Behavior\BuildLiteBehavior [ RunTime:0.000021s ]
INFO: [ app_init ] --END-- [ RunTime:0.000614s ]
ERR: 无法加载模块:Public

[ 2018-10-08T08:57:20+08:00 ] 127.0.0.1 /zhuan6/cs/dayzk1/Public/Admin/styles/main.css
INFO: [ app_init ] --START--
INFO: Run Behavior\BuildLiteBehavior [ RunTime:0.000023s ]
INFO: [ app_init ] --END-- [ RunTime:0.002599s ]
ERR: 无法加载模块:Public

[ 2018-10-08T08:57:20+08:00 ] 127.0.0.1 /zhuan6/cs/dayzk1/Public/Admin/styles/main.css
INFO: [ app_init ] --START--
INFO: Run Behavior\BuildLiteBehavior [ RunTime:0.000019s ]
INFO: [ app_init ] --END-- [ RunTime:0.000541s ]
ERR: 无法加载模块:Public

[ 2018-10-08T08:57:20+08:00 ] 127.0.0.1 /zhuan6/cs/dayzk1/Public/Admin/styles/general.css
INFO: [ app_init ] --START--
INFO: Run Behavior\BuildLiteBehavior [ RunTime:0.000022s ]
INFO: [ app_init ] --END-- [ RunTime:0.001201s ]
ERR: 无法加载模块:Public

[ 2018-10-08T09:29:27+08:00 ] 127.0.0.1 /zhuan6/cs/dayzk1//Public/Uploads/2018/10/07/5bb9ef4fa38a0.jpg
INFO: [ app_init ] --START--
INFO: Run Behavior\BuildLiteBehavior [ RunTime:0.000020s ]
INFO: [ app_init ] --END-- [ RunTime:0.000573s ]
ERR: 无法加载模块:Public

[ 2018-10-08T09:29:27+08:00 ] 127.0.0.1 /zhuan6/cs/dayzk1//Public/Uploads/2018/10/07/5bb9ef234a907.jpg
INFO: [ app_init ] --START--
INFO: Run Behavior\BuildLiteBehavior [ RunTime:0.000014s ]
INFO: [ app_init ] --END-- [ RunTime:0.000496s ]
ERR: 无法加载模块:Public

[ 2018-10-08T09:29:59+08:00 ] 127.0.0.1 /zhuan6/cs/dayzk1/Public/Uploads/2018/10/07/5bb9ef4fa38a0.jpg
INFO: [ app_init ] --START--
INFO: Run Behavior\BuildLiteBehavior [ RunTime:0.000019s ]
INFO: [ app_init ] --END-- [ RunTime:0.000505s ]
ERR: 无法加载模块:Public

[ 2018-10-08T09:29:59+08:00 ] 127.0.0.1 /zhuan6/cs/dayzk1/Public/Uploads/2018/10/07/5bb9ef234a907.jpg
INFO: [ app_init ] --START--
INFO: Run Behavior\BuildLiteBehavior [ RunTime:0.000019s ]
INFO: [ app_init ] --END-- [ RunTime:0.000644s ]
ERR: 无法加载模块:Public

[ 2018-10-08T09:30:00+08:00 ] 127.0.0.1 /zhuan6/cs/dayzk1/Public/Uploads/2018/10/07/5bb9ef234a907.jpg
INFO: [ app_init ] --START--
INFO: Run Behavior\BuildLiteBehavior [ RunTime:0.000019s ]
INFO: [ app_init ] --END-- [ RunTime:0.000657s ]
ERR: 无法加载模块:Public

[ 2018-10-08T09:30:00+08:00 ] 127.0.0.1 /zhuan6/cs/dayzk1/Public/Uploads/2018/10/07/5bb9ef4fa38a0.jpg
INFO: [ app_init ] --START--
INFO: Run Behavior\BuildLiteBehavior [ RunTime:0.000029s ]
INFO: [ app_init ] --END-- [ RunTime:0.002630s ]
ERR: 无法加载模块:Public

[ 2018-10-08T09:30:00+08:00 ] 127.0.0.1 /zhuan6/cs/dayzk1/Public/Uploads/2018/10/07/5bb9ef234a907.jpg
INFO: [ app_init ] --START--
INFO: Run Behavior\BuildLiteBehavior [ RunTime:0.000017s ]
INFO: [ app_init ] --END-- [ RunTime:0.000450s ]
ERR: 无法加载模块:Public

[ 2018-10-08T09:30:00+08:00 ] 127.0.0.1 /zhuan6/cs/dayzk1/Public/Uploads/2018/10/07/5bb9ef4fa38a0.jpg
INFO: [ app_init ] --START--
INFO: Run Behavior\BuildLiteBehavior [ RunTime:0.000018s ]
INFO: [ app_init ] --END-- [ RunTime:0.000570s ]
ERR: 无法加载模块:Public

[ 2018-10-08T09:33:28+08:00 ] 127.0.0.1 /zhuan6/cs/dayzk1/Public/Uploads/2018/10/08/5bb9ef4fa38a0.jpg
INFO: [ app_init ] --START--
INFO: Run Behavior\BuildLiteBehavior [ RunTime:0.000018s ]
INFO: [ app_init ] --END-- [ RunTime:0.000517s ]
ERR: 无法加载模块:Public

[ 2018-10-08T09:33:29+08:00 ] 127.0.0.1 /zhuan6/cs/dayzk1/Public/Uploads/2018/10/08/5bb9ef4fa38a0.jpg
INFO: [ app_init ] --START--
INFO: Run Behavior\BuildLiteBehavior [ RunTime:0.000018s ]
INFO: [ app_init ] --END-- [ RunTime:0.000500s ]
ERR: 无法加载模块:Public

[ 2018-10-08T09:33:30+08:00 ] 127.0.0.1 /zhuan6/cs/dayzk1/Public/Uploads/2018/10/08/5bb9ef4fa38a0.jpg
INFO: [ app_init ] --START--
INFO: Run Behavior\BuildLiteBehavior [ RunTime:0.000018s ]
INFO: [ app_init ] --END-- [ RunTime:0.000551s ]
ERR: 无法加载模块:Public

[ 2018-10-08T09:33:30+08:00 ] 127.0.0.1 /zhuan6/cs/dayzk1/Public/Uploads/2018/10/08/5bb9ef4fa38a0.jpg
INFO: [ app_init ] --START--
INFO: Run Behavior\BuildLiteBehavior [ RunTime:0.000021s ]
INFO: [ app_init ] --END-- [ RunTime:0.000649s ]
ERR: 无法加载模块:Public

[ 2018-10-08T09:33:30+08:00 ] 127.0.0.1 /zhuan6/cs/dayzk1/Public/Uploads/2018/10/08/5bb9ef4fa38a0.jpg
INFO: [ app_init ] --START--
INFO: Run Behavior\BuildLiteBehavior [ RunTime:0.000015s ]
INFO: [ app_init ] --END-- [ RunTime:0.000416s ]
ERR: 无法加载模块:Public

[ 2018-10-08T09:33:43+08:00 ] 127.0.0.1 /zhuan6/cs/dayzk1/Public/Uploads/2018/10/08/5bb9ef4fa38a0.jpg
INFO: [ app_init ] --START--
INFO: Run Behavior\BuildLiteBehavior [ RunTime:0.000018s ]
INFO: [ app_init ] --END-- [ RunTime:0.000563s ]
ERR: 无法加载模块:Public

[ 2018-10-08T09:33:43+08:00 ] 127.0.0.1 /zhuan6/cs/dayzk1/Public/Uploads/2018/10/08/5bb9ef4fa38a0.jpg
INFO: [ app_init ] --START--
INFO: Run Behavior\BuildLiteBehavior [ RunTime:0.000017s ]
INFO: [ app_init ] --END-- [ RunTime:0.000508s ]
ERR: 无法加载模块:Public

[ 2018-10-08T09:33:44+08:00 ] 127.0.0.1 /zhuan6/cs/dayzk1/Public/Uploads/2018/10/08/5bb9ef4fa38a0.jpg
INFO: [ app_init ] --START--
INFO: Run Behavior\BuildLiteBehavior [ RunTime:0.000014s ]
INFO: [ app_init ] --END-- [ RunTime:0.000399s ]
ERR: 无法加载模块:Public

[ 2018-10-08T09:34:45+08:00 ] 127.0.0.1 /zhuan6/cs/dayzk1/Public/Uploads/2018/10/08/5bb9ef4fa38a0.jpg
INFO: [ app_init ] --START--
INFO: Run Behavior\BuildLiteBehavior [ RunTime:0.000023s ]
INFO: [ app_init ] --END-- [ RunTime:0.000637s ]
ERR: 无法加载模块:Public

[ 2018-10-08T09:34:47+08:00 ] 127.0.0.1 /zhuan6/cs/dayzk1/Public/Uploads/2018/10/07/5bb9ef7e43805.png
INFO: [ app_init ] --START--
INFO: Run Behavior\BuildLiteBehavior [ RunTime:0.000048s ]
INFO: [ app_init ] --END-- [ RunTime:0.001821s ]
ERR: 无法加载模块:Public

[ 2018-10-08T09:34:48+08:00 ] 127.0.0.1 /zhuan6/cs/dayzk1/Public/Uploads/2018/10/08/5bb9ef4fa38a0.jpg
INFO: [ app_init ] --START--
INFO: Run Behavior\BuildLiteBehavior [ RunTime:0.000019s ]
INFO: [ app_init ] --END-- [ RunTime:0.000517s ]
ERR: 无法加载模块:Public

[ 2018-10-08T09:34:49+08:00 ] 127.0.0.1 /zhuan6/cs/dayzk1/Public/Uploads/2018/10/08/5bb9ef4fa38a0.jpg
INFO: [ app_init ] --START--
INFO: Run Behavior\BuildLiteBehavior [ RunTime:0.000018s ]
INFO: [ app_init ] --END-- [ RunTime:0.000576s ]
ERR: 无法加载模块:Public

[ 2018-10-08T09:34:50+08:00 ] 127.0.0.1 /zhuan6/cs/dayzk1/Public/Uploads/2018/10/07/5bb9ef7e43805.png
INFO: [ app_init ] --START--
INFO: Run Behavior\BuildLiteBehavior [ RunTime:0.000018s ]
INFO: [ app_init ] --END-- [ RunTime:0.000484s ]
ERR: 无法加载模块:Public

[ 2018-10-08T09:34:52+08:00 ] 127.0.0.1 /zhuan6/cs/dayzk1/Public/Uploads/2018/10/08/5bb9ef4fa38a0.jpg
INFO: [ app_init ] --START--
INFO: Run Behavior\BuildLiteBehavior [ RunTime:0.000014s ]
INFO: [ app_init ] --END-- [ RunTime:0.000434s ]
ERR: 无法加载模块:Public

[ 2018-10-08T09:34:54+08:00 ] 127.0.0.1 /zhuan6/cs/dayzk1/Public/Uploads/2018/10/08/5bb9ef4fa38a0.jpg
INFO: [ app_init ] --START--
INFO: Run Behavior\BuildLiteBehavior [ RunTime:0.000020s ]
INFO: [ app_init ] --END-- [ RunTime:0.000566s ]
ERR: 无法加载模块:Public

[ 2018-10-08T09:34:55+08:00 ] 127.0.0.1 /zhuan6/cs/dayzk1/Public/Uploads/2018/10/07/5bb9ef7e43805.png
INFO: [ app_init ] --START--
INFO: Run Behavior\BuildLiteBehavior [ RunTime:0.000018s ]
INFO: [ app_init ] --END-- [ RunTime:0.000519s ]
ERR: 无法加载模块:Public

[ 2018-10-08T09:34:56+08:00 ] 127.0.0.1 /zhuan6/cs/dayzk1/Public/Uploads/2018/10/08/5bb9ef4fa38a0.jpg
INFO: [ app_init ] --START--
INFO: Run Behavior\BuildLiteBehavior [ RunTime:0.000041s ]
INFO: [ app_init ] --END-- [ RunTime:0.001643s ]
ERR: 无法加载模块:Public

[ 2018-10-08T09:36:23+08:00 ] 127.0.0.1 /zhuan6/cs/dayzk1/Public/Uploads/2018/10/08/5bb9ef4fa38a0.jpg
INFO: [ app_init ] --START--
INFO: Run Behavior\BuildLiteBehavior [ RunTime:0.000013s ]
INFO: [ app_init ] --END-- [ RunTime:0.000408s ]
ERR: 无法加载模块:Public

[ 2018-10-08T09:36:24+08:00 ] 127.0.0.1 /zhuan6/cs/dayzk1/Public/Uploads/2018/10/08/5bb9ef4fa38a0.jpg
INFO: [ app_init ] --START--
INFO: Run Behavior\BuildLiteBehavior [ RunTime:0.000024s ]
INFO: [ app_init ] --END-- [ RunTime:0.001115s ]
ERR: 无法加载模块:Public

[ 2018-10-08T09:36:30+08:00 ] 127.0.0.1 /zhuan6/cs/dayzk1/Public/Uploads/2018/10/08/5bb9ef4fa38a0.jpg
INFO: [ app_init ] --START--
INFO: Run Behavior\BuildLiteBehavior [ RunTime:0.000020s ]
INFO: [ app_init ] --END-- [ RunTime:0.003018s ]
ERR: 无法加载模块:Public

[ 2018-10-08T09:36:33+08:00 ] 127.0.0.1 /zhuan6/cs/dayzk1/Public/Uploads/2018/10/08/5bb9ef4fa38a0.jpg
INFO: [ app_init ] --START--
INFO: Run Behavior\BuildLiteBehavior [ RunTime:0.000020s ]
INFO: [ app_init ] --END-- [ RunTime:0.003242s ]
ERR: 无法加载模块:Public

[ 2018-10-08T09:46:41+08:00 ] 127.0.0.1 /zhuan6/cs/dayzk1/Public/Uploads/2018/10/08/5bb9ef4fa38a0.jpg
INFO: [ app_init ] --START--
INFO: Run Behavior\BuildLiteBehavior [ RunTime:0.000018s ]
INFO: [ app_init ] --END-- [ RunTime:0.000536s ]
ERR: 无法加载模块:Public

[ 2018-10-08T09:46:43+08:00 ] 127.0.0.1 /zhuan6/cs/dayzk1/Public/Uploads/2018/10/07/5bb9ef7e43805.png
INFO: [ app_init ] --START--
INFO: Run Behavior\BuildLiteBehavior [ RunTime:0.000020s ]
INFO: [ app_init ] --END-- [ RunTime:0.002260s ]
ERR: 无法加载模块:Public

[ 2018-10-08T09:46:47+08:00 ] 127.0.0.1 /zhuan6/cs/dayzk1/Public/Uploads/2018/10/08/5bb9ef4fa38a0.jpg
INFO: [ app_init ] --START--
INFO: Run Behavior\BuildLiteBehavior [ RunTime:0.000021s ]
INFO: [ app_init ] --END-- [ RunTime:0.000656s ]
ERR: 无法加载模块:Public

[ 2018-10-08T09:46:56+08:00 ] 127.0.0.1 /zhuan6/cs/dayzk1/Public/Uploads/2018/10/08/5bb9ef4fa38a0.jpg
INFO: [ app_init ] --START--
INFO: Run Behavior\BuildLiteBehavior [ RunTime:0.000017s ]
INFO: [ app_init ] --END-- [ RunTime:0.000567s ]
ERR: 无法加载模块:Public

[ 2018-10-08T09:47:02+08:00 ] 127.0.0.1 /zhuan6/cs/dayzk1/Public/Uploads/2018/10/08/5bb9ef4fa38a0.jpg
INFO: [ app_init ] --START--
INFO: Run Behavior\BuildLiteBehavior [ RunTime:0.000026s ]
INFO: [ app_init ] --END-- [ RunTime:0.001203s ]
ERR: 无法加载模块:Public

[ 2018-10-08T09:47:29+08:00 ] 127.0.0.1 /zhuan6/cs/dayzk1/Public/Uploads/2018/10/08/5bb9ef4fa38a0.jpg
INFO: [ app_init ] --START--
INFO: Run Behavior\BuildLiteBehavior [ RunTime:0.000019s ]
INFO: [ app_init ] --END-- [ RunTime:0.000647s ]
ERR: 无法加载模块:Public

