[ 2018-08-10T08:17:59+08:00 ] 127.0.0.1 /aa/cs/DAY8/
INFO: [ app_init ] --START--
INFO: Run Behavior\BuildLiteBehavior [ RunTime:0.000019s ]
INFO: [ app_init ] --END-- [ RunTime:0.000870s ]
INFO: [ app_begin ] --START--
INFO: Run Behavior\ReadHtmlCacheBehavior [ RunTime:0.002089s ]
INFO: [ app_begin ] --END-- [ RunTime:0.002224s ]
INFO: [ view_parse ] --START--
INFO: [ template_filter ] --START--
INFO: Run Behavior\ContentReplaceBehavior [ RunTime:0.000628s ]
INFO: [ template_filter ] --END-- [ RunTime:0.000678s ]
INFO: Run Behavior\ParseTemplateBehavior [ RunTime:0.009203s ]
INFO: [ view_parse ] --END-- [ RunTime:0.009292s ]
INFO: [ view_filter ] --START--
INFO: Run Behavior\WriteHtmlCacheBehavior [ RunTime:0.000744s ]
INFO: [ view_filter ] --END-- [ RunTime:0.000787s ]
INFO: [ app_end ] --START--
INFO: Run Behavior\ShowPageTraceBehavior [ RunTime:0.001287s ]
INFO: [ app_end ] --END-- [ RunTime:0.001349s ]

[ 2018-08-10T08:25:06+08:00 ] 127.0.0.1 /aa/cs/DAY8/
INFO: [ app_init ] --START--
INFO: Run Behavior\BuildLiteBehavior [ RunTime:0.000029s ]
INFO: [ app_init ] --END-- [ RunTime:0.001633s ]
INFO: [ app_begin ] --START--
INFO: Run Behavior\ReadHtmlCacheBehavior [ RunTime:0.001188s ]
INFO: [ app_begin ] --END-- [ RunTime:0.001261s ]
SQL: SHOW COLUMNS FROM `day8` [ RunTime:0.0059s ]
NOTIC: [8] Undefined variable: data D:\phpstudy\PHPTutorial\WWW\aa\cs\DAY8\Application\Home\Controller\IndexController.class.php 第 7 行.
SQL: SELECT * FROM `day8`  [ RunTime:0.0004s ]
INFO: [ view_parse ] --START--
INFO: [ template_filter ] --START--
INFO: Run Behavior\ContentReplaceBehavior [ RunTime:0.000045s ]
INFO: [ template_filter ] --END-- [ RunTime:0.000108s ]

[ 2018-08-10T08:27:08+08:00 ] 127.0.0.1 /aa/cs/DAY8/
INFO: [ app_init ] --START--
INFO: Run Behavior\BuildLiteBehavior [ RunTime:0.000024s ]
INFO: [ app_init ] --END-- [ RunTime:0.000768s ]
INFO: [ app_begin ] --START--
INFO: Run Behavior\ReadHtmlCacheBehavior [ RunTime:0.001507s ]
INFO: [ app_begin ] --END-- [ RunTime:0.001611s ]
SQL: SHOW COLUMNS FROM `day8` [ RunTime:0.0031s ]
NOTIC: [8] Undefined variable: data D:\phpstudy\PHPTutorial\WWW\aa\cs\DAY8\Application\Home\Controller\IndexController.class.php 第 7 行.
SQL: SELECT * FROM `day8`  [ RunTime:0.0002s ]
INFO: [ view_parse ] --START--
INFO: [ template_filter ] --START--
INFO: Run Behavior\ContentReplaceBehavior [ RunTime:0.000033s ]
INFO: [ template_filter ] --END-- [ RunTime:0.000079s ]

[ 2018-08-10T08:27:09+08:00 ] 127.0.0.1 /aa/cs/DAY8/
INFO: [ app_init ] --START--
INFO: Run Behavior\BuildLiteBehavior [ RunTime:0.000013s ]
INFO: [ app_init ] --END-- [ RunTime:0.000597s ]
INFO: [ app_begin ] --START--
INFO: Run Behavior\ReadHtmlCacheBehavior [ RunTime:0.001098s ]
INFO: [ app_begin ] --END-- [ RunTime:0.001182s ]
SQL: SHOW COLUMNS FROM `day8` [ RunTime:0.0091s ]
NOTIC: [8] Undefined variable: data D:\phpstudy\PHPTutorial\WWW\aa\cs\DAY8\Application\Home\Controller\IndexController.class.php 第 7 行.
SQL: SELECT * FROM `day8`  [ RunTime:0.0004s ]
INFO: [ view_parse ] --START--
INFO: [ template_filter ] --START--
INFO: Run Behavior\ContentReplaceBehavior [ RunTime:0.000031s ]
INFO: [ template_filter ] --END-- [ RunTime:0.000074s ]

[ 2018-08-10T08:27:09+08:00 ] 127.0.0.1 /aa/cs/DAY8/
INFO: [ app_init ] --START--
INFO: Run Behavior\BuildLiteBehavior [ RunTime:0.000016s ]
INFO: [ app_init ] --END-- [ RunTime:0.000681s ]
INFO: [ app_begin ] --START--
INFO: Run Behavior\ReadHtmlCacheBehavior [ RunTime:0.000718s ]
INFO: [ app_begin ] --END-- [ RunTime:0.000773s ]
SQL: SHOW COLUMNS FROM `day8` [ RunTime:0.0082s ]
NOTIC: [8] Undefined variable: data D:\phpstudy\PHPTutorial\WWW\aa\cs\DAY8\Application\Home\Controller\IndexController.class.php 第 7 行.
SQL: SELECT * FROM `day8`  [ RunTime:0.0003s ]
INFO: [ view_parse ] --START--
INFO: [ template_filter ] --START--
INFO: Run Behavior\ContentReplaceBehavior [ RunTime:0.000034s ]
INFO: [ template_filter ] --END-- [ RunTime:0.000079s ]

[ 2018-08-10T08:27:13+08:00 ] 127.0.0.1 /aa/cs/DAY8/
INFO: [ app_init ] --START--
INFO: Run Behavior\BuildLiteBehavior [ RunTime:0.000014s ]
INFO: [ app_init ] --END-- [ RunTime:0.000505s ]
INFO: [ app_begin ] --START--
INFO: Run Behavior\ReadHtmlCacheBehavior [ RunTime:0.000738s ]
INFO: [ app_begin ] --END-- [ RunTime:0.000790s ]
SQL: SHOW COLUMNS FROM `day8` [ RunTime:0.0075s ]
NOTIC: [8] Undefined variable: data D:\phpstudy\PHPTutorial\WWW\aa\cs\DAY8\Application\Home\Controller\IndexController.class.php 第 7 行.
SQL: SELECT * FROM `day8`  [ RunTime:0.0011s ]
INFO: [ view_parse ] --START--
INFO: [ template_filter ] --START--
INFO: Run Behavior\ContentReplaceBehavior [ RunTime:0.000049s ]
INFO: [ template_filter ] --END-- [ RunTime:0.000095s ]

[ 2018-08-10T08:27:41+08:00 ] 127.0.0.1 /aa/cs/DAY8/
INFO: [ app_init ] --START--
INFO: Run Behavior\BuildLiteBehavior [ RunTime:0.000020s ]
INFO: [ app_init ] --END-- [ RunTime:0.000753s ]
INFO: [ app_begin ] --START--
INFO: Run Behavior\ReadHtmlCacheBehavior [ RunTime:0.000897s ]
INFO: [ app_begin ] --END-- [ RunTime:0.000962s ]
SQL: SHOW COLUMNS FROM `day8` [ RunTime:0.0068s ]
NOTIC: [8] Undefined variable: data D:\phpstudy\PHPTutorial\WWW\aa\cs\DAY8\Application\Home\Controller\IndexController.class.php 第 7 行.
SQL: SELECT * FROM `day8`  [ RunTime:0.0002s ]
INFO: [ view_parse ] --START--
INFO: [ template_filter ] --START--
INFO: Run Behavior\ContentReplaceBehavior [ RunTime:0.000059s ]
INFO: [ template_filter ] --END-- [ RunTime:0.000134s ]
INFO: Run Behavior\ParseTemplateBehavior [ RunTime:0.015910s ]
INFO: [ view_parse ] --END-- [ RunTime:0.015970s ]
INFO: [ view_filter ] --START--
INFO: Run Behavior\WriteHtmlCacheBehavior [ RunTime:0.000648s ]
INFO: [ view_filter ] --END-- [ RunTime:0.000688s ]
INFO: [ app_end ] --START--
INFO: Run Behavior\ShowPageTraceBehavior [ RunTime:0.000957s ]
INFO: [ app_end ] --END-- [ RunTime:0.001007s ]

[ 2018-08-10T08:27:42+08:00 ] 127.0.0.1 /aa/cs/DAY8/
INFO: [ app_init ] --START--
INFO: Run Behavior\BuildLiteBehavior [ RunTime:0.000039s ]
INFO: [ app_init ] --END-- [ RunTime:0.001071s ]
INFO: [ app_begin ] --START--
INFO: Run Behavior\ReadHtmlCacheBehavior [ RunTime:0.000897s ]
INFO: [ app_begin ] --END-- [ RunTime:0.000958s ]
SQL: SHOW COLUMNS FROM `day8` [ RunTime:0.0070s ]
NOTIC: [8] Undefined variable: data D:\phpstudy\PHPTutorial\WWW\aa\cs\DAY8\Application\Home\Controller\IndexController.class.php 第 7 行.
SQL: SELECT * FROM `day8`  [ RunTime:0.0002s ]
INFO: [ view_parse ] --START--
INFO: [ template_filter ] --START--
INFO: Run Behavior\ContentReplaceBehavior [ RunTime:0.000030s ]
INFO: [ template_filter ] --END-- [ RunTime:0.000070s ]
INFO: Run Behavior\ParseTemplateBehavior [ RunTime:0.007381s ]
INFO: [ view_parse ] --END-- [ RunTime:0.007446s ]
INFO: [ view_filter ] --START--
INFO: Run Behavior\WriteHtmlCacheBehavior [ RunTime:0.000571s ]
INFO: [ view_filter ] --END-- [ RunTime:0.000616s ]
INFO: [ app_end ] --START--
INFO: Run Behavior\ShowPageTraceBehavior [ RunTime:0.000720s ]
INFO: [ app_end ] --END-- [ RunTime:0.000762s ]

[ 2018-08-10T08:27:55+08:00 ] 127.0.0.1 /aa/cs/DAY8/
INFO: [ app_init ] --START--
INFO: Run Behavior\BuildLiteBehavior [ RunTime:0.000018s ]
INFO: [ app_init ] --END-- [ RunTime:0.000660s ]
INFO: [ app_begin ] --START--
INFO: Run Behavior\ReadHtmlCacheBehavior [ RunTime:0.000673s ]
INFO: [ app_begin ] --END-- [ RunTime:0.000722s ]
SQL: SHOW COLUMNS FROM `day8` [ RunTime:0.0075s ]
NOTIC: [8] Undefined variable: data D:\phpstudy\PHPTutorial\WWW\aa\cs\DAY8\Application\Home\Controller\IndexController.class.php 第 7 行.
SQL: SELECT * FROM `day8`  [ RunTime:0.0003s ]
INFO: [ view_parse ] --START--
INFO: [ template_filter ] --START--
INFO: Run Behavior\ContentReplaceBehavior [ RunTime:0.000071s ]
INFO: [ template_filter ] --END-- [ RunTime:0.000166s ]

[ 2018-08-10T08:28:09+08:00 ] 127.0.0.1 /aa/cs/DAY8/
INFO: [ app_init ] --START--
INFO: Run Behavior\BuildLiteBehavior [ RunTime:0.000020s ]
INFO: [ app_init ] --END-- [ RunTime:0.000720s ]
INFO: [ app_begin ] --START--
INFO: Run Behavior\ReadHtmlCacheBehavior [ RunTime:0.002901s ]
INFO: [ app_begin ] --END-- [ RunTime:0.003179s ]
SQL: SHOW COLUMNS FROM `day8` [ RunTime:0.0081s ]
NOTIC: [8] Undefined variable: data D:\phpstudy\PHPTutorial\WWW\aa\cs\DAY8\Application\Home\Controller\IndexController.class.php 第 7 行.
SQL: SELECT * FROM `day8`  [ RunTime:0.0002s ]
INFO: [ view_parse ] --START--
INFO: [ template_filter ] --START--
INFO: Run Behavior\ContentReplaceBehavior [ RunTime:0.000050s ]
INFO: [ template_filter ] --END-- [ RunTime:0.000133s ]

[ 2018-08-10T08:28:24+08:00 ] 127.0.0.1 /aa/cs/DAY8/
INFO: [ app_init ] --START--
INFO: Run Behavior\BuildLiteBehavior [ RunTime:0.000014s ]
INFO: [ app_init ] --END-- [ RunTime:0.000568s ]
INFO: [ app_begin ] --START--
INFO: Run Behavior\ReadHtmlCacheBehavior [ RunTime:0.001435s ]
INFO: [ app_begin ] --END-- [ RunTime:0.001595s ]
SQL: SHOW COLUMNS FROM `day8` [ RunTime:0.0066s ]
NOTIC: [8] Undefined variable: data D:\phpstudy\PHPTutorial\WWW\aa\cs\DAY8\Application\Home\Controller\IndexController.class.php 第 7 行.
SQL: SELECT * FROM `day8`  [ RunTime:0.0002s ]
INFO: [ view_parse ] --START--
INFO: [ template_filter ] --START--
INFO: Run Behavior\ContentReplaceBehavior [ RunTime:0.000108s ]
INFO: [ template_filter ] --END-- [ RunTime:0.000269s ]
INFO: Run Behavior\ParseTemplateBehavior [ RunTime:0.016208s ]
INFO: [ view_parse ] --END-- [ RunTime:0.016288s ]
INFO: [ view_filter ] --START--
INFO: Run Behavior\WriteHtmlCacheBehavior [ RunTime:0.000821s ]
INFO: [ view_filter ] --END-- [ RunTime:0.000889s ]
INFO: [ app_end ] --START--
INFO: Run Behavior\ShowPageTraceBehavior [ RunTime:0.001189s ]
INFO: [ app_end ] --END-- [ RunTime:0.001249s ]

[ 2018-08-10T08:28:55+08:00 ] 127.0.0.1 /aa/cs/DAY8/
INFO: [ app_init ] --START--
INFO: Run Behavior\BuildLiteBehavior [ RunTime:0.000026s ]
INFO: [ app_init ] --END-- [ RunTime:0.000612s ]
INFO: [ app_begin ] --START--
INFO: Run Behavior\ReadHtmlCacheBehavior [ RunTime:0.000845s ]
INFO: [ app_begin ] --END-- [ RunTime:0.000904s ]
SQL: SHOW COLUMNS FROM `day8` [ RunTime:0.0069s ]
NOTIC: [8] Undefined variable: data D:\phpstudy\PHPTutorial\WWW\aa\cs\DAY8\Application\Home\Controller\IndexController.class.php 第 7 行.
SQL: SELECT * FROM `day8`  [ RunTime:0.0002s ]
INFO: [ view_parse ] --START--
INFO: [ template_filter ] --START--
INFO: Run Behavior\ContentReplaceBehavior [ RunTime:0.000042s ]
INFO: [ template_filter ] --END-- [ RunTime:0.000127s ]
INFO: Run Behavior\ParseTemplateBehavior [ RunTime:0.011816s ]
INFO: [ view_parse ] --END-- [ RunTime:0.011928s ]
INFO: [ view_filter ] --START--
INFO: Run Behavior\WriteHtmlCacheBehavior [ RunTime:0.001217s ]
INFO: [ view_filter ] --END-- [ RunTime:0.001373s ]
INFO: [ app_end ] --START--
INFO: Run Behavior\ShowPageTraceBehavior [ RunTime:0.001888s ]
INFO: [ app_end ] --END-- [ RunTime:0.001965s ]

[ 2018-08-10T08:30:44+08:00 ] 127.0.0.1 /aa/cs/DAY8/
INFO: [ app_init ] --START--
INFO: Run Behavior\BuildLiteBehavior [ RunTime:0.000027s ]
INFO: [ app_init ] --END-- [ RunTime:0.001132s ]
INFO: [ app_begin ] --START--
INFO: Run Behavior\ReadHtmlCacheBehavior [ RunTime:0.000974s ]
INFO: [ app_begin ] --END-- [ RunTime:0.001036s ]
SQL: SHOW COLUMNS FROM `day8` [ RunTime:0.0091s ]
NOTIC: [8] Undefined variable: data D:\phpstudy\PHPTutorial\WWW\aa\cs\DAY8\Application\Home\Controller\IndexController.class.php 第 7 行.
SQL: SELECT * FROM `day8`  [ RunTime:0.0002s ]
INFO: [ view_parse ] --START--
INFO: [ template_filter ] --START--
INFO: Run Behavior\ContentReplaceBehavior [ RunTime:0.000063s ]
INFO: [ template_filter ] --END-- [ RunTime:0.000189s ]
INFO: Run Behavior\ParseTemplateBehavior [ RunTime:0.013350s ]
INFO: [ view_parse ] --END-- [ RunTime:0.013428s ]
INFO: [ view_filter ] --START--
INFO: Run Behavior\WriteHtmlCacheBehavior [ RunTime:0.001180s ]
INFO: [ view_filter ] --END-- [ RunTime:0.001241s ]
INFO: [ app_end ] --START--
INFO: Run Behavior\ShowPageTraceBehavior [ RunTime:0.001067s ]
INFO: [ app_end ] --END-- [ RunTime:0.001193s ]

[ 2018-08-10T08:31:14+08:00 ] 127.0.0.1 /aa/cs/DAY8/
INFO: [ app_init ] --START--
INFO: Run Behavior\BuildLiteBehavior [ RunTime:0.000019s ]
INFO: [ app_init ] --END-- [ RunTime:0.000743s ]
INFO: [ app_begin ] --START--
INFO: Run Behavior\ReadHtmlCacheBehavior [ RunTime:0.001329s ]
INFO: [ app_begin ] --END-- [ RunTime:0.001463s ]
SQL: SHOW COLUMNS FROM `day8` [ RunTime:0.0084s ]
NOTIC: [8] Undefined variable: data D:\phpstudy\PHPTutorial\WWW\aa\cs\DAY8\Application\Home\Controller\IndexController.class.php 第 7 行.
SQL: SELECT * FROM `day8`  [ RunTime:0.0002s ]
INFO: [ view_parse ] --START--
INFO: [ template_filter ] --START--
INFO: Run Behavior\ContentReplaceBehavior [ RunTime:0.000044s ]
INFO: [ template_filter ] --END-- [ RunTime:0.000106s ]
INFO: Run Behavior\ParseTemplateBehavior [ RunTime:0.008781s ]
INFO: [ view_parse ] --END-- [ RunTime:0.008850s ]
INFO: [ view_filter ] --START--
INFO: Run Behavior\WriteHtmlCacheBehavior [ RunTime:0.000664s ]
INFO: [ view_filter ] --END-- [ RunTime:0.000728s ]
INFO: [ app_end ] --START--
INFO: Run Behavior\ShowPageTraceBehavior [ RunTime:0.002714s ]
INFO: [ app_end ] --END-- [ RunTime:0.002822s ]

[ 2018-08-10T08:32:18+08:00 ] 127.0.0.1 /aa/cs/DAY8/
INFO: [ app_init ] --START--
INFO: Run Behavior\BuildLiteBehavior [ RunTime:0.000014s ]
INFO: [ app_init ] --END-- [ RunTime:0.000520s ]
INFO: [ app_begin ] --START--
INFO: Run Behavior\ReadHtmlCacheBehavior [ RunTime:0.000702s ]
INFO: [ app_begin ] --END-- [ RunTime:0.000752s ]
SQL: SHOW COLUMNS FROM `day8` [ RunTime:0.0079s ]
NOTIC: [8] Undefined variable: where D:\phpstudy\PHPTutorial\WWW\aa\cs\DAY8\Application\Home\Controller\IndexController.class.php 第 10 行.
SQL: SELECT * FROM `day8`  [ RunTime:0.0003s ]
INFO: [ view_parse ] --START--
INFO: [ template_filter ] --START--
INFO: Run Behavior\ContentReplaceBehavior [ RunTime:0.000040s ]
INFO: [ template_filter ] --END-- [ RunTime:0.000097s ]
INFO: Run Behavior\ParseTemplateBehavior [ RunTime:0.009429s ]
INFO: [ view_parse ] --END-- [ RunTime:0.009507s ]
INFO: [ view_filter ] --START--
INFO: Run Behavior\WriteHtmlCacheBehavior [ RunTime:0.000874s ]
INFO: [ view_filter ] --END-- [ RunTime:0.000924s ]
INFO: [ app_end ] --START--
INFO: Run Behavior\ShowPageTraceBehavior [ RunTime:0.003633s ]
INFO: [ app_end ] --END-- [ RunTime:0.004340s ]

[ 2018-08-10T08:32:20+08:00 ] 127.0.0.1 /aa/cs/DAY8/index.php/Home/Index/show?id=2
INFO: [ app_init ] --START--
INFO: Run Behavior\BuildLiteBehavior [ RunTime:0.000045s ]
INFO: [ app_init ] --END-- [ RunTime:0.001072s ]
INFO: [ app_begin ] --START--
INFO: Run Behavior\ReadHtmlCacheBehavior [ RunTime:0.000844s ]
INFO: [ app_begin ] --END-- [ RunTime:0.000905s ]
ERR: 非法操作:show

[ 2018-08-10T08:32:34+08:00 ] 127.0.0.1 /aa/cs/DAY8/index.php/Home/Index/show?id=2
INFO: [ app_init ] --START--
INFO: Run Behavior\BuildLiteBehavior [ RunTime:0.000041s ]
INFO: [ app_init ] --END-- [ RunTime:0.001455s ]
INFO: [ app_begin ] --START--
INFO: Run Behavior\ReadHtmlCacheBehavior [ RunTime:0.000899s ]
INFO: [ app_begin ] --END-- [ RunTime:0.000993s ]
ERR: 非法操作:show

[ 2018-08-10T08:32:36+08:00 ] 127.0.0.1 /aa/cs/DAY8/
INFO: [ app_init ] --START--
INFO: Run Behavior\BuildLiteBehavior [ RunTime:0.000013s ]
INFO: [ app_init ] --END-- [ RunTime:0.000484s ]
INFO: [ app_begin ] --START--
INFO: Run Behavior\ReadHtmlCacheBehavior [ RunTime:0.000885s ]
INFO: [ app_begin ] --END-- [ RunTime:0.000952s ]
SQL: SHOW COLUMNS FROM `day8` [ RunTime:0.0085s ]
NOTIC: [8] Undefined variable: where D:\phpstudy\PHPTutorial\WWW\aa\cs\DAY8\Application\Home\Controller\IndexController.class.php 第 10 行.
SQL: SELECT * FROM `day8`  [ RunTime:0.0002s ]
INFO: [ view_parse ] --START--
INFO: [ template_filter ] --START--
INFO: Run Behavior\ContentReplaceBehavior [ RunTime:0.000038s ]
INFO: [ template_filter ] --END-- [ RunTime:0.000093s ]
INFO: Run Behavior\ParseTemplateBehavior [ RunTime:0.008179s ]
INFO: [ view_parse ] --END-- [ RunTime:0.008248s ]
INFO: [ view_filter ] --START--
INFO: Run Behavior\WriteHtmlCacheBehavior [ RunTime:0.000587s ]
INFO: [ view_filter ] --END-- [ RunTime:0.000632s ]
INFO: [ app_end ] --START--
INFO: Run Behavior\ShowPageTraceBehavior [ RunTime:0.001482s ]
INFO: [ app_end ] --END-- [ RunTime:0.001681s ]

[ 2018-08-10T08:32:38+08:00 ] 127.0.0.1 /aa/cs/DAY8/index.php/Home/Index/index?id=1
INFO: [ app_init ] --START--
INFO: Run Behavior\BuildLiteBehavior [ RunTime:0.000019s ]
INFO: [ app_init ] --END-- [ RunTime:0.000764s ]
INFO: [ app_begin ] --START--
INFO: Run Behavior\ReadHtmlCacheBehavior [ RunTime:0.000899s ]
INFO: [ app_begin ] --END-- [ RunTime:0.000965s ]
SQL: SHOW COLUMNS FROM `day8` [ RunTime:0.0112s ]
SQL: SELECT * FROM `day8` WHERE `id` = 1  [ RunTime:0.0005s ]
INFO: [ view_parse ] --START--
INFO: [ template_filter ] --START--
INFO: Run Behavior\ContentReplaceBehavior [ RunTime:0.000045s ]
INFO: [ template_filter ] --END-- [ RunTime:0.000108s ]
INFO: Run Behavior\ParseTemplateBehavior [ RunTime:0.010169s ]
INFO: [ view_parse ] --END-- [ RunTime:0.010288s ]
INFO: [ view_filter ] --START--
INFO: Run Behavior\WriteHtmlCacheBehavior [ RunTime:0.000654s ]
INFO: [ view_filter ] --END-- [ RunTime:0.000705s ]
INFO: [ app_end ] --START--
INFO: Run Behavior\ShowPageTraceBehavior [ RunTime:0.000947s ]
INFO: [ app_end ] --END-- [ RunTime:0.001001s ]

[ 2018-08-10T08:32:40+08:00 ] 127.0.0.1 /aa/cs/DAY8/index.php/Home/Index/index?id=1
INFO: [ app_init ] --START--
INFO: Run Behavior\BuildLiteBehavior [ RunTime:0.000020s ]
INFO: [ app_init ] --END-- [ RunTime:0.000582s ]
INFO: [ app_begin ] --START--
INFO: Run Behavior\ReadHtmlCacheBehavior [ RunTime:0.000711s ]
INFO: [ app_begin ] --END-- [ RunTime:0.000763s ]
SQL: SHOW COLUMNS FROM `day8` [ RunTime:0.0133s ]
SQL: SELECT * FROM `day8` WHERE `id` = 1  [ RunTime:0.0005s ]
INFO: [ view_parse ] --START--
INFO: [ template_filter ] --START--
INFO: Run Behavior\ContentReplaceBehavior [ RunTime:0.000038s ]
INFO: [ template_filter ] --END-- [ RunTime:0.000087s ]
INFO: Run Behavior\ParseTemplateBehavior [ RunTime:0.009560s ]
INFO: [ view_parse ] --END-- [ RunTime:0.009660s ]
INFO: [ view_filter ] --START--
INFO: Run Behavior\WriteHtmlCacheBehavior [ RunTime:0.000621s ]
INFO: [ view_filter ] --END-- [ RunTime:0.000668s ]
INFO: [ app_end ] --START--
INFO: Run Behavior\ShowPageTraceBehavior [ RunTime:0.000913s ]
INFO: [ app_end ] --END-- [ RunTime:0.000968s ]

[ 2018-08-10T08:32:42+08:00 ] 127.0.0.1 /aa/cs/DAY8/
INFO: [ app_init ] --START--
INFO: Run Behavior\BuildLiteBehavior [ RunTime:0.000031s ]
INFO: [ app_init ] --END-- [ RunTime:0.001425s ]
INFO: [ app_begin ] --START--
INFO: Run Behavior\ReadHtmlCacheBehavior [ RunTime:0.001954s ]
INFO: [ app_begin ] --END-- [ RunTime:0.002033s ]
SQL: SHOW COLUMNS FROM `day8` [ RunTime:0.0071s ]
NOTIC: [8] Undefined variable: where D:\phpstudy\PHPTutorial\WWW\aa\cs\DAY8\Application\Home\Controller\IndexController.class.php 第 10 行.
SQL: SELECT * FROM `day8`  [ RunTime:0.0004s ]
INFO: [ view_parse ] --START--
INFO: [ template_filter ] --START--
INFO: Run Behavior\ContentReplaceBehavior [ RunTime:0.000040s ]
INFO: [ template_filter ] --END-- [ RunTime:0.000097s ]
INFO: Run Behavior\ParseTemplateBehavior [ RunTime:0.015185s ]
INFO: [ view_parse ] --END-- [ RunTime:0.015279s ]
INFO: [ view_filter ] --START--
INFO: Run Behavior\WriteHtmlCacheBehavior [ RunTime:0.000913s ]
INFO: [ view_filter ] --END-- [ RunTime:0.000981s ]
INFO: [ app_end ] --START--
INFO: Run Behavior\ShowPageTraceBehavior [ RunTime:0.001196s ]
INFO: [ app_end ] --END-- [ RunTime:0.001282s ]

[ 2018-08-10T08:36:25+08:00 ] 127.0.0.1 /aa/cs/DAY8/
INFO: [ app_init ] --START--
INFO: Run Behavior\BuildLiteBehavior [ RunTime:0.000028s ]
INFO: [ app_init ] --END-- [ RunTime:0.000724s ]
INFO: [ app_begin ] --START--
INFO: Run Behavior\ReadHtmlCacheBehavior [ RunTime:0.002831s ]
INFO: [ app_begin ] --END-- [ RunTime:0.002912s ]

[ 2018-08-10T08:37:16+08:00 ] 127.0.0.1 /aa/cs/DAY8/
INFO: [ app_init ] --START--
INFO: Run Behavior\BuildLiteBehavior [ RunTime:0.000020s ]
INFO: [ app_init ] --END-- [ RunTime:0.000811s ]
INFO: [ app_begin ] --START--
INFO: Run Behavior\ReadHtmlCacheBehavior [ RunTime:0.006960s ]
INFO: [ app_begin ] --END-- [ RunTime:0.007194s ]

[ 2018-08-10T08:37:16+08:00 ] 127.0.0.1 /aa/cs/DAY8/index.php
INFO: [ app_init ] --START--
INFO: Run Behavior\BuildLiteBehavior [ RunTime:0.000022s ]
INFO: [ app_init ] --END-- [ RunTime:0.000772s ]
INFO: [ app_begin ] --START--
INFO: Run Behavior\ReadHtmlCacheBehavior [ RunTime:0.001279s ]
INFO: [ app_begin ] --END-- [ RunTime:0.001360s ]

[ 2018-08-10T08:37:34+08:00 ] 127.0.0.1 /aa/cs/DAY8/
INFO: [ app_init ] --START--
INFO: Run Behavior\BuildLiteBehavior [ RunTime:0.000124s ]
INFO: [ app_init ] --END-- [ RunTime:0.002592s ]
INFO: [ app_begin ] --START--
INFO: Run Behavior\ReadHtmlCacheBehavior [ RunTime:0.001137s ]
INFO: [ app_begin ] --END-- [ RunTime:0.001246s ]
SQL: SHOW COLUMNS FROM `day8` [ RunTime:0.0073s ]
NOTIC: [8] Undefined variable: where D:\phpstudy\PHPTutorial\WWW\aa\cs\DAY8\Application\Home\Controller\IndexController.class.php 第 11 行.

[ 2018-08-10T08:38:00+08:00 ] 127.0.0.1 /aa/cs/DAY8/
INFO: [ app_init ] --START--
INFO: Run Behavior\BuildLiteBehavior [ RunTime:0.000019s ]
INFO: [ app_init ] --END-- [ RunTime:0.000490s ]
INFO: [ app_begin ] --START--
INFO: Run Behavior\ReadHtmlCacheBehavior [ RunTime:0.000800s ]
INFO: [ app_begin ] --END-- [ RunTime:0.000857s ]

[ 2018-08-10T08:38:24+08:00 ] 127.0.0.1 /aa/cs/DAY8/
INFO: [ app_init ] --START--
INFO: Run Behavior\BuildLiteBehavior [ RunTime:0.000015s ]
INFO: [ app_init ] --END-- [ RunTime:0.000430s ]
INFO: [ app_begin ] --START--
INFO: Run Behavior\ReadHtmlCacheBehavior [ RunTime:0.000818s ]
INFO: [ app_begin ] --END-- [ RunTime:0.000913s ]
SQL: SHOW COLUMNS FROM `day8` [ RunTime:0.0105s ]
NOTIC: [8] Undefined variable: where D:\phpstudy\PHPTutorial\WWW\aa\cs\DAY8\Application\Home\Controller\IndexController.class.php 第 11 行.
NOTIC: [2] Invalid argument supplied for foreach() D:\phpstudy\PHPTutorial\WWW\aa\cs\DAY8\ThinkPHP\Library\Think\Db\Driver.class.php 第 504 行.
SQL: SELECT * FROM `day8`  [ RunTime:0.0003s ]
SQL: SELECT COUNT(*) AS tp_count FROM `day8` LIMIT 1   [ RunTime:0.0005s ]
INFO: [ view_parse ] --START--
INFO: [ template_filter ] --START--
INFO: Run Behavior\ContentReplaceBehavior [ RunTime:0.000032s ]
INFO: [ template_filter ] --END-- [ RunTime:0.000072s ]
INFO: Run Behavior\ParseTemplateBehavior [ RunTime:0.009306s ]
INFO: [ view_parse ] --END-- [ RunTime:0.009379s ]
INFO: [ view_filter ] --START--
INFO: Run Behavior\WriteHtmlCacheBehavior [ RunTime:0.001630s ]
INFO: [ view_filter ] --END-- [ RunTime:0.001688s ]
INFO: [ app_end ] --START--
INFO: Run Behavior\ShowPageTraceBehavior [ RunTime:0.001571s ]
INFO: [ app_end ] --END-- [ RunTime:0.001648s ]

[ 2018-08-10T08:38:26+08:00 ] 127.0.0.1 /aa/cs/DAY8/
INFO: [ app_init ] --START--
INFO: Run Behavior\BuildLiteBehavior [ RunTime:0.000020s ]
INFO: [ app_init ] --END-- [ RunTime:0.000581s ]
INFO: [ app_begin ] --START--
INFO: Run Behavior\ReadHtmlCacheBehavior [ RunTime:0.000880s ]
INFO: [ app_begin ] --END-- [ RunTime:0.000993s ]
SQL: SHOW COLUMNS FROM `day8` [ RunTime:0.0099s ]
NOTIC: [8] Undefined variable: where D:\phpstudy\PHPTutorial\WWW\aa\cs\DAY8\Application\Home\Controller\IndexController.class.php 第 11 行.
NOTIC: [2] Invalid argument supplied for foreach() D:\phpstudy\PHPTutorial\WWW\aa\cs\DAY8\ThinkPHP\Library\Think\Db\Driver.class.php 第 504 行.
SQL: SELECT * FROM `day8`  [ RunTime:0.0004s ]
SQL: SELECT COUNT(*) AS tp_count FROM `day8` LIMIT 1   [ RunTime:0.0002s ]
INFO: [ view_parse ] --START--
INFO: [ template_filter ] --START--
INFO: Run Behavior\ContentReplaceBehavior [ RunTime:0.000033s ]
INFO: [ template_filter ] --END-- [ RunTime:0.000079s ]
INFO: Run Behavior\ParseTemplateBehavior [ RunTime:0.008133s ]
INFO: [ view_parse ] --END-- [ RunTime:0.008236s ]
INFO: [ view_filter ] --START--
INFO: Run Behavior\WriteHtmlCacheBehavior [ RunTime:0.000612s ]
INFO: [ view_filter ] --END-- [ RunTime:0.000647s ]
INFO: [ app_end ] --START--
INFO: Run Behavior\ShowPageTraceBehavior [ RunTime:0.001110s ]
INFO: [ app_end ] --END-- [ RunTime:0.001152s ]

[ 2018-08-10T08:38:51+08:00 ] 127.0.0.1 /aa/cs/DAY8/
INFO: [ app_init ] --START--
INFO: Run Behavior\BuildLiteBehavior [ RunTime:0.000021s ]
INFO: [ app_init ] --END-- [ RunTime:0.000613s ]
INFO: [ app_begin ] --START--
INFO: Run Behavior\ReadHtmlCacheBehavior [ RunTime:0.001248s ]
INFO: [ app_begin ] --END-- [ RunTime:0.001323s ]
SQL: SHOW COLUMNS FROM `day8` [ RunTime:0.0101s ]
NOTIC: [8] Undefined variable: where D:\phpstudy\PHPTutorial\WWW\aa\cs\DAY8\Application\Home\Controller\IndexController.class.php 第 11 行.
NOTIC: [2] Invalid argument supplied for foreach() D:\phpstudy\PHPTutorial\WWW\aa\cs\DAY8\ThinkPHP\Library\Think\Db\Driver.class.php 第 504 行.
SQL: SELECT * FROM `day8`  [ RunTime:0.0003s ]
SQL: SELECT COUNT(*) AS tp_count FROM `day8` LIMIT 1   [ RunTime:0.0002s ]
INFO: [ view_parse ] --START--
INFO: [ template_filter ] --START--
INFO: Run Behavior\ContentReplaceBehavior [ RunTime:0.000046s ]
INFO: [ template_filter ] --END-- [ RunTime:0.000114s ]
INFO: Run Behavior\ParseTemplateBehavior [ RunTime:0.008813s ]
INFO: [ view_parse ] --END-- [ RunTime:0.008868s ]
INFO: [ view_filter ] --START--
INFO: Run Behavior\WriteHtmlCacheBehavior [ RunTime:0.000894s ]
INFO: [ view_filter ] --END-- [ RunTime:0.000966s ]
INFO: [ app_end ] --START--
INFO: Run Behavior\ShowPageTraceBehavior [ RunTime:0.001607s ]
INFO: [ app_end ] --END-- [ RunTime:0.001671s ]

[ 2018-08-10T08:38:53+08:00 ] 127.0.0.1 /aa/cs/DAY8/index.php/Home/Index/index/p/2.html
INFO: [ app_init ] --START--
INFO: Run Behavior\BuildLiteBehavior [ RunTime:0.000044s ]
INFO: [ app_init ] --END-- [ RunTime:0.000654s ]
INFO: [ app_begin ] --START--
INFO: Run Behavior\ReadHtmlCacheBehavior [ RunTime:0.000908s ]
INFO: [ app_begin ] --END-- [ RunTime:0.000982s ]
SQL: SHOW COLUMNS FROM `day8` [ RunTime:0.0069s ]
NOTIC: [8] Undefined variable: where D:\phpstudy\PHPTutorial\WWW\aa\cs\DAY8\Application\Home\Controller\IndexController.class.php 第 11 行.
SQL: SELECT * FROM `day8` WHERE ( 2 )  [ RunTime:0.0002s ]
SQL: SELECT COUNT(*) AS tp_count FROM `day8` LIMIT 1   [ RunTime:0.0001s ]
INFO: [ view_parse ] --START--
INFO: [ template_filter ] --START--
INFO: Run Behavior\ContentReplaceBehavior [ RunTime:0.000080s ]
INFO: [ template_filter ] --END-- [ RunTime:0.000192s ]
INFO: Run Behavior\ParseTemplateBehavior [ RunTime:0.009472s ]
INFO: [ view_parse ] --END-- [ RunTime:0.009528s ]
INFO: [ view_filter ] --START--
INFO: Run Behavior\WriteHtmlCacheBehavior [ RunTime:0.000569s ]
INFO: [ view_filter ] --END-- [ RunTime:0.000615s ]
INFO: [ app_end ] --START--
INFO: Run Behavior\ShowPageTraceBehavior [ RunTime:0.000957s ]
INFO: [ app_end ] --END-- [ RunTime:0.001001s ]

[ 2018-08-10T08:38:54+08:00 ] 127.0.0.1 /aa/cs/DAY8/index.php/Home/Index/index/p/1.html
INFO: [ app_init ] --START--
INFO: Run Behavior\BuildLiteBehavior [ RunTime:0.000016s ]
INFO: [ app_init ] --END-- [ RunTime:0.000499s ]
INFO: [ app_begin ] --START--
INFO: Run Behavior\ReadHtmlCacheBehavior [ RunTime:0.000677s ]
INFO: [ app_begin ] --END-- [ RunTime:0.000726s ]
SQL: SHOW COLUMNS FROM `day8` [ RunTime:0.0111s ]
NOTIC: [8] Undefined variable: where D:\phpstudy\PHPTutorial\WWW\aa\cs\DAY8\Application\Home\Controller\IndexController.class.php 第 11 行.
SQL: SELECT * FROM `day8` WHERE ( 1 )  [ RunTime:0.0002s ]
SQL: SELECT COUNT(*) AS tp_count FROM `day8` LIMIT 1   [ RunTime:0.0001s ]
INFO: [ view_parse ] --START--
INFO: [ template_filter ] --START--
INFO: Run Behavior\ContentReplaceBehavior [ RunTime:0.000036s ]
INFO: [ template_filter ] --END-- [ RunTime:0.000083s ]
INFO: Run Behavior\ParseTemplateBehavior [ RunTime:0.007751s ]
INFO: [ view_parse ] --END-- [ RunTime:0.007833s ]
INFO: [ view_filter ] --START--
INFO: Run Behavior\WriteHtmlCacheBehavior [ RunTime:0.000616s ]
INFO: [ view_filter ] --END-- [ RunTime:0.000666s ]
INFO: [ app_end ] --START--
INFO: Run Behavior\ShowPageTraceBehavior [ RunTime:0.001257s ]
INFO: [ app_end ] --END-- [ RunTime:0.001305s ]

[ 2018-08-10T08:38:55+08:00 ] 127.0.0.1 /aa/cs/DAY8/index.php/Home/Index/index/p/2.html
INFO: [ app_init ] --START--
INFO: Run Behavior\BuildLiteBehavior [ RunTime:0.000013s ]
INFO: [ app_init ] --END-- [ RunTime:0.000364s ]
INFO: [ app_begin ] --START--
INFO: Run Behavior\ReadHtmlCacheBehavior [ RunTime:0.000865s ]
INFO: [ app_begin ] --END-- [ RunTime:0.000915s ]
SQL: SHOW COLUMNS FROM `day8` [ RunTime:0.0074s ]
NOTIC: [8] Undefined variable: where D:\phpstudy\PHPTutorial\WWW\aa\cs\DAY8\Application\Home\Controller\IndexController.class.php 第 11 行.
SQL: SELECT * FROM `day8` WHERE ( 2 )  [ RunTime:0.0002s ]
SQL: SELECT COUNT(*) AS tp_count FROM `day8` LIMIT 1   [ RunTime:0.0001s ]
INFO: [ view_parse ] --START--
INFO: [ template_filter ] --START--
INFO: Run Behavior\ContentReplaceBehavior [ RunTime:0.000050s ]
INFO: [ template_filter ] --END-- [ RunTime:0.000133s ]
INFO: Run Behavior\ParseTemplateBehavior [ RunTime:0.013103s ]
INFO: [ view_parse ] --END-- [ RunTime:0.013313s ]
INFO: [ view_filter ] --START--
INFO: Run Behavior\WriteHtmlCacheBehavior [ RunTime:0.001195s ]
INFO: [ view_filter ] --END-- [ RunTime:0.001278s ]
INFO: [ app_end ] --START--
INFO: Run Behavior\ShowPageTraceBehavior [ RunTime:0.001051s ]
INFO: [ app_end ] --END-- [ RunTime:0.001093s ]

[ 2018-08-10T08:39:06+08:00 ] 127.0.0.1 /aa/cs/DAY8/index.php/Home/Index/index/p/2.html
INFO: [ app_init ] --START--
INFO: Run Behavior\BuildLiteBehavior [ RunTime:0.000017s ]
INFO: [ app_init ] --END-- [ RunTime:0.000521s ]
INFO: [ app_begin ] --START--
INFO: Run Behavior\ReadHtmlCacheBehavior [ RunTime:0.000857s ]
INFO: [ app_begin ] --END-- [ RunTime:0.000915s ]
SQL: SHOW COLUMNS FROM `day8` [ RunTime:0.0074s ]
NOTIC: [8] Undefined variable: where D:\phpstudy\PHPTutorial\WWW\aa\cs\DAY8\Application\Home\Controller\IndexController.class.php 第 11 行.
SQL: SELECT * FROM `day8` WHERE ( 2 )  [ RunTime:0.0003s ]
SQL: SELECT COUNT(*) AS tp_count FROM `day8` LIMIT 1   [ RunTime:0.0001s ]
INFO: [ view_parse ] --START--
INFO: [ template_filter ] --START--
INFO: Run Behavior\ContentReplaceBehavior [ RunTime:0.000034s ]
INFO: [ template_filter ] --END-- [ RunTime:0.000082s ]
INFO: Run Behavior\ParseTemplateBehavior [ RunTime:0.009305s ]
INFO: [ view_parse ] --END-- [ RunTime:0.009367s ]
INFO: [ view_filter ] --START--
INFO: Run Behavior\WriteHtmlCacheBehavior [ RunTime:0.000785s ]
INFO: [ view_filter ] --END-- [ RunTime:0.000833s ]
INFO: [ app_end ] --START--
INFO: Run Behavior\ShowPageTraceBehavior [ RunTime:0.001387s ]
INFO: [ app_end ] --END-- [ RunTime:0.001450s ]

[ 2018-08-10T08:39:07+08:00 ] 127.0.0.1 /aa/cs/DAY8/index.php/Home/Index/index/p/1.html
INFO: [ app_init ] --START--
INFO: Run Behavior\BuildLiteBehavior [ RunTime:0.000024s ]
INFO: [ app_init ] --END-- [ RunTime:0.000862s ]
INFO: [ app_begin ] --START--
INFO: Run Behavior\ReadHtmlCacheBehavior [ RunTime:0.002517s ]
INFO: [ app_begin ] --END-- [ RunTime:0.002644s ]
SQL: SHOW COLUMNS FROM `day8` [ RunTime:0.0102s ]
NOTIC: [8] Undefined variable: where D:\phpstudy\PHPTutorial\WWW\aa\cs\DAY8\Application\Home\Controller\IndexController.class.php 第 11 行.
SQL: SELECT * FROM `day8` WHERE ( 1 )  [ RunTime:0.0003s ]
SQL: SELECT COUNT(*) AS tp_count FROM `day8` LIMIT 1   [ RunTime:0.0002s ]
INFO: [ view_parse ] --START--
INFO: [ template_filter ] --START--
INFO: Run Behavior\ContentReplaceBehavior [ RunTime:0.000075s ]
INFO: [ template_filter ] --END-- [ RunTime:0.000175s ]
INFO: Run Behavior\ParseTemplateBehavior [ RunTime:0.008489s ]
INFO: [ view_parse ] --END-- [ RunTime:0.008544s ]
INFO: [ view_filter ] --START--
INFO: Run Behavior\WriteHtmlCacheBehavior [ RunTime:0.000690s ]
INFO: [ view_filter ] --END-- [ RunTime:0.000756s ]
INFO: [ app_end ] --START--
INFO: Run Behavior\ShowPageTraceBehavior [ RunTime:0.001306s ]
INFO: [ app_end ] --END-- [ RunTime:0.001362s ]

[ 2018-08-10T08:39:08+08:00 ] 127.0.0.1 /aa/cs/DAY8/index.php/Home/Index/index/p/2.html
INFO: [ app_init ] --START--
INFO: Run Behavior\BuildLiteBehavior [ RunTime:0.000025s ]
INFO: [ app_init ] --END-- [ RunTime:0.000692s ]
INFO: [ app_begin ] --START--
INFO: Run Behavior\ReadHtmlCacheBehavior [ RunTime:0.001250s ]
INFO: [ app_begin ] --END-- [ RunTime:0.001333s ]
SQL: SHOW COLUMNS FROM `day8` [ RunTime:0.0109s ]
NOTIC: [8] Undefined variable: where D:\phpstudy\PHPTutorial\WWW\aa\cs\DAY8\Application\Home\Controller\IndexController.class.php 第 11 行.
SQL: SELECT * FROM `day8` WHERE ( 2 )  [ RunTime:0.0003s ]
SQL: SELECT COUNT(*) AS tp_count FROM `day8` LIMIT 1   [ RunTime:0.0001s ]
INFO: [ view_parse ] --START--
INFO: [ template_filter ] --START--
INFO: Run Behavior\ContentReplaceBehavior [ RunTime:0.000069s ]
INFO: [ template_filter ] --END-- [ RunTime:0.000175s ]
INFO: Run Behavior\ParseTemplateBehavior [ RunTime:0.008642s ]
INFO: [ view_parse ] --END-- [ RunTime:0.008705s ]
INFO: [ view_filter ] --START--
INFO: Run Behavior\WriteHtmlCacheBehavior [ RunTime:0.000667s ]
INFO: [ view_filter ] --END-- [ RunTime:0.000710s ]
INFO: [ app_end ] --START--
INFO: Run Behavior\ShowPageTraceBehavior [ RunTime:0.001381s ]
INFO: [ app_end ] --END-- [ RunTime:0.001453s ]

[ 2018-08-10T08:39:09+08:00 ] 127.0.0.1 /aa/cs/DAY8/index.php/Home/Index/index/p/2.html
INFO: [ app_init ] --START--
INFO: Run Behavior\BuildLiteBehavior [ RunTime:0.000053s ]
INFO: [ app_init ] --END-- [ RunTime:0.001424s ]
INFO: [ app_begin ] --START--
INFO: Run Behavior\ReadHtmlCacheBehavior [ RunTime:0.000754s ]
INFO: [ app_begin ] --END-- [ RunTime:0.000819s ]
SQL: SHOW COLUMNS FROM `day8` [ RunTime:0.0083s ]
NOTIC: [8] Undefined variable: where D:\phpstudy\PHPTutorial\WWW\aa\cs\DAY8\Application\Home\Controller\IndexController.class.php 第 11 行.
SQL: SELECT * FROM `day8` WHERE ( 2 )  [ RunTime:0.0003s ]
SQL: SELECT COUNT(*) AS tp_count FROM `day8` LIMIT 1   [ RunTime:0.0002s ]
INFO: [ view_parse ] --START--
INFO: [ template_filter ] --START--
INFO: Run Behavior\ContentReplaceBehavior [ RunTime:0.000044s ]
INFO: [ template_filter ] --END-- [ RunTime:0.000089s ]
INFO: Run Behavior\ParseTemplateBehavior [ RunTime:0.010276s ]
INFO: [ view_parse ] --END-- [ RunTime:0.010341s ]
INFO: [ view_filter ] --START--
INFO: Run Behavior\WriteHtmlCacheBehavior [ RunTime:0.000567s ]
INFO: [ view_filter ] --END-- [ RunTime:0.000610s ]
INFO: [ app_end ] --START--
INFO: Run Behavior\ShowPageTraceBehavior [ RunTime:0.001109s ]
INFO: [ app_end ] --END-- [ RunTime:0.001159s ]

[ 2018-08-10T08:39:24+08:00 ] 127.0.0.1 /aa/cs/DAY8/index.php/Home/Index/index/p/2.html
INFO: [ app_init ] --START--
INFO: Run Behavior\BuildLiteBehavior [ RunTime:0.000016s ]
INFO: [ app_init ] --END-- [ RunTime:0.000635s ]
INFO: [ app_begin ] --START--
INFO: Run Behavior\ReadHtmlCacheBehavior [ RunTime:0.003670s ]
INFO: [ app_begin ] --END-- [ RunTime:0.004011s ]
SQL: SHOW COLUMNS FROM `day8` [ RunTime:0.0053s ]
NOTIC: [8] Undefined variable: where D:\phpstudy\PHPTutorial\WWW\aa\cs\DAY8\Application\Home\Controller\IndexController.class.php 第 11 行.
SQL: SELECT * FROM `day8` WHERE ( 2 )  [ RunTime:0.0006s ]
SQL: SELECT COUNT(*) AS tp_count FROM `day8` LIMIT 1   [ RunTime:0.0001s ]
INFO: [ view_parse ] --START--
INFO: [ template_filter ] --START--
INFO: Run Behavior\ContentReplaceBehavior [ RunTime:0.000044s ]
INFO: [ template_filter ] --END-- [ RunTime:0.000134s ]
INFO: Run Behavior\ParseTemplateBehavior [ RunTime:0.011147s ]
INFO: [ view_parse ] --END-- [ RunTime:0.011252s ]
INFO: [ view_filter ] --START--
INFO: Run Behavior\WriteHtmlCacheBehavior [ RunTime:0.000810s ]
INFO: [ view_filter ] --END-- [ RunTime:0.000868s ]
INFO: [ app_end ] --START--
INFO: Run Behavior\ShowPageTraceBehavior [ RunTime:0.000990s ]
INFO: [ app_end ] --END-- [ RunTime:0.001029s ]

[ 2018-08-10T08:39:26+08:00 ] 127.0.0.1 /aa/cs/DAY8/index.php/Home/Index/index?id=3
INFO: [ app_init ] --START--
INFO: Run Behavior\BuildLiteBehavior [ RunTime:0.000049s ]
INFO: [ app_init ] --END-- [ RunTime:0.001799s ]
INFO: [ app_begin ] --START--
INFO: Run Behavior\ReadHtmlCacheBehavior [ RunTime:0.001118s ]
INFO: [ app_begin ] --END-- [ RunTime:0.001213s ]
SQL: SHOW COLUMNS FROM `day8` [ RunTime:0.0071s ]
NOTIC: [2] array_merge(): Argument #2 is not an array D:\phpstudy\PHPTutorial\WWW\aa\cs\DAY8\ThinkPHP\Library\Think\Model.class.php 第 1814 行.
SQL: SELECT * FROM `day8`  [ RunTime:0.0003s ]
SQL: SELECT COUNT(*) AS tp_count FROM `day8` LIMIT 1   [ RunTime:0.0002s ]
INFO: [ view_parse ] --START--
INFO: [ template_filter ] --START--
INFO: Run Behavior\ContentReplaceBehavior [ RunTime:0.000034s ]
INFO: [ template_filter ] --END-- [ RunTime:0.000083s ]
INFO: Run Behavior\ParseTemplateBehavior [ RunTime:0.008315s ]
INFO: [ view_parse ] --END-- [ RunTime:0.008396s ]
INFO: [ view_filter ] --START--
INFO: Run Behavior\WriteHtmlCacheBehavior [ RunTime:0.000489s ]
INFO: [ view_filter ] --END-- [ RunTime:0.000528s ]
INFO: [ app_end ] --START--
INFO: Run Behavior\ShowPageTraceBehavior [ RunTime:0.000994s ]
INFO: [ app_end ] --END-- [ RunTime:0.001038s ]

[ 2018-08-10T08:39:30+08:00 ] 127.0.0.1 /aa/cs/DAY8/index.php/Home/Index/index?id=3
INFO: [ app_init ] --START--
INFO: Run Behavior\BuildLiteBehavior [ RunTime:0.000031s ]
INFO: [ app_init ] --END-- [ RunTime:0.001819s ]
INFO: [ app_begin ] --START--
INFO: Run Behavior\ReadHtmlCacheBehavior [ RunTime:0.000962s ]
INFO: [ app_begin ] --END-- [ RunTime:0.001071s ]
SQL: SHOW COLUMNS FROM `day8` [ RunTime:0.0041s ]
NOTIC: [2] array_merge(): Argument #2 is not an array D:\phpstudy\PHPTutorial\WWW\aa\cs\DAY8\ThinkPHP\Library\Think\Model.class.php 第 1814 行.
SQL: SELECT * FROM `day8`  [ RunTime:0.0004s ]
SQL: SELECT COUNT(*) AS tp_count FROM `day8` LIMIT 1   [ RunTime:0.0002s ]
INFO: [ view_parse ] --START--
INFO: [ template_filter ] --START--
INFO: Run Behavior\ContentReplaceBehavior [ RunTime:0.000035s ]
INFO: [ template_filter ] --END-- [ RunTime:0.000079s ]
INFO: Run Behavior\ParseTemplateBehavior [ RunTime:0.007955s ]
INFO: [ view_parse ] --END-- [ RunTime:0.008048s ]
INFO: [ view_filter ] --START--
INFO: Run Behavior\WriteHtmlCacheBehavior [ RunTime:0.000473s ]
INFO: [ view_filter ] --END-- [ RunTime:0.000510s ]
INFO: [ app_end ] --START--
INFO: Run Behavior\ShowPageTraceBehavior [ RunTime:0.001187s ]
INFO: [ app_end ] --END-- [ RunTime:0.001238s ]

[ 2018-08-10T08:39:31+08:00 ] 127.0.0.1 /aa/cs/DAY8/index.php/Home/Index/index?id=
INFO: [ app_init ] --START--
INFO: Run Behavior\BuildLiteBehavior [ RunTime:0.000021s ]
INFO: [ app_init ] --END-- [ RunTime:0.001093s ]
INFO: [ app_begin ] --START--
INFO: Run Behavior\ReadHtmlCacheBehavior [ RunTime:0.001331s ]
INFO: [ app_begin ] --END-- [ RunTime:0.001429s ]
SQL: SHOW COLUMNS FROM `day8` [ RunTime:0.0070s ]
NOTIC: [8] Undefined variable: where D:\phpstudy\PHPTutorial\WWW\aa\cs\DAY8\Application\Home\Controller\IndexController.class.php 第 11 行.
NOTIC: [2] Invalid argument supplied for foreach() D:\phpstudy\PHPTutorial\WWW\aa\cs\DAY8\ThinkPHP\Library\Think\Db\Driver.class.php 第 504 行.
SQL: SELECT * FROM `day8`  [ RunTime:0.0004s ]
SQL: SELECT COUNT(*) AS tp_count FROM `day8` LIMIT 1   [ RunTime:0.0002s ]
INFO: [ view_parse ] --START--
INFO: [ template_filter ] --START--
INFO: Run Behavior\ContentReplaceBehavior [ RunTime:0.000043s ]
INFO: [ template_filter ] --END-- [ RunTime:0.000106s ]
INFO: Run Behavior\ParseTemplateBehavior [ RunTime:0.008162s ]
INFO: [ view_parse ] --END-- [ RunTime:0.008250s ]
INFO: [ view_filter ] --START--
INFO: Run Behavior\WriteHtmlCacheBehavior [ RunTime:0.000608s ]
INFO: [ view_filter ] --END-- [ RunTime:0.000666s ]
INFO: [ app_end ] --START--
INFO: Run Behavior\ShowPageTraceBehavior [ RunTime:0.001500s ]
INFO: [ app_end ] --END-- [ RunTime:0.001580s ]

[ 2018-08-10T08:39:39+08:00 ] 127.0.0.1 /aa/cs/DAY8/index.php/Home/Index/index?id=
INFO: [ app_init ] --START--
INFO: Run Behavior\BuildLiteBehavior [ RunTime:0.000023s ]
INFO: [ app_init ] --END-- [ RunTime:0.000552s ]
INFO: [ app_begin ] --START--
INFO: Run Behavior\ReadHtmlCacheBehavior [ RunTime:0.001422s ]
INFO: [ app_begin ] --END-- [ RunTime:0.001572s ]
SQL: SHOW COLUMNS FROM `day8` [ RunTime:0.0099s ]
NOTIC: [8] Undefined variable: where D:\phpstudy\PHPTutorial\WWW\aa\cs\DAY8\Application\Home\Controller\IndexController.class.php 第 11 行.
SQL: SELECT * FROM `day8`  [ RunTime:0.0002s ]
SQL: SELECT COUNT(*) AS tp_count FROM `day8` LIMIT 1   [ RunTime:0.0001s ]
INFO: [ view_parse ] --START--
INFO: [ template_filter ] --START--
INFO: Run Behavior\ContentReplaceBehavior [ RunTime:0.000032s ]
INFO: [ template_filter ] --END-- [ RunTime:0.000076s ]
INFO: Run Behavior\ParseTemplateBehavior [ RunTime:0.007881s ]
INFO: [ view_parse ] --END-- [ RunTime:0.007972s ]
INFO: [ view_filter ] --START--
INFO: Run Behavior\WriteHtmlCacheBehavior [ RunTime:0.001114s ]
INFO: [ view_filter ] --END-- [ RunTime:0.001295s ]
INFO: [ app_end ] --START--
INFO: Run Behavior\ShowPageTraceBehavior [ RunTime:0.001757s ]
INFO: [ app_end ] --END-- [ RunTime:0.001838s ]

[ 2018-08-10T08:39:40+08:00 ] 127.0.0.1 /aa/cs/DAY8/index.php/Home/Index/index?id=
INFO: [ app_init ] --START--
INFO: Run Behavior\BuildLiteBehavior [ RunTime:0.000019s ]
INFO: [ app_init ] --END-- [ RunTime:0.000523s ]
INFO: [ app_begin ] --START--
INFO: Run Behavior\ReadHtmlCacheBehavior [ RunTime:0.000875s ]
INFO: [ app_begin ] --END-- [ RunTime:0.000941s ]
SQL: SHOW COLUMNS FROM `day8` [ RunTime:0.0107s ]
NOTIC: [8] Undefined variable: where D:\phpstudy\PHPTutorial\WWW\aa\cs\DAY8\Application\Home\Controller\IndexController.class.php 第 11 行.
SQL: SELECT * FROM `day8`  [ RunTime:0.0003s ]
SQL: SELECT COUNT(*) AS tp_count FROM `day8` LIMIT 1   [ RunTime:0.0003s ]
INFO: [ view_parse ] --START--
INFO: [ template_filter ] --START--
INFO: Run Behavior\ContentReplaceBehavior [ RunTime:0.000045s ]
INFO: [ template_filter ] --END-- [ RunTime:0.000105s ]
INFO: Run Behavior\ParseTemplateBehavior [ RunTime:0.008265s ]
INFO: [ view_parse ] --END-- [ RunTime:0.008345s ]
INFO: [ view_filter ] --START--
INFO: Run Behavior\WriteHtmlCacheBehavior [ RunTime:0.000470s ]
INFO: [ view_filter ] --END-- [ RunTime:0.000512s ]
INFO: [ app_end ] --START--
INFO: Run Behavior\ShowPageTraceBehavior [ RunTime:0.001300s ]
INFO: [ app_end ] --END-- [ RunTime:0.001376s ]

[ 2018-08-10T08:39:44+08:00 ] 127.0.0.1 /aa/cs/DAY8/index.php/Home/Index/index?id=2
INFO: [ app_init ] --START--
INFO: Run Behavior\BuildLiteBehavior [ RunTime:0.000014s ]
INFO: [ app_init ] --END-- [ RunTime:0.000400s ]
INFO: [ app_begin ] --START--
INFO: Run Behavior\ReadHtmlCacheBehavior [ RunTime:0.001146s ]
INFO: [ app_begin ] --END-- [ RunTime:0.001237s ]
SQL: SHOW COLUMNS FROM `day8` [ RunTime:0.0036s ]
SQL: SELECT * FROM `day8` WHERE `id` = 2  [ RunTime:0.0003s ]
SQL: SELECT COUNT(*) AS tp_count FROM `day8` LIMIT 1   [ RunTime:0.0001s ]
INFO: [ view_parse ] --START--
INFO: [ template_filter ] --START--
INFO: Run Behavior\ContentReplaceBehavior [ RunTime:0.000040s ]
INFO: [ template_filter ] --END-- [ RunTime:0.000092s ]
INFO: Run Behavior\ParseTemplateBehavior [ RunTime:0.010189s ]
INFO: [ view_parse ] --END-- [ RunTime:0.010253s ]
INFO: [ view_filter ] --START--
INFO: Run Behavior\WriteHtmlCacheBehavior [ RunTime:0.000470s ]
INFO: [ view_filter ] --END-- [ RunTime:0.000506s ]
INFO: [ app_end ] --START--
INFO: Run Behavior\ShowPageTraceBehavior [ RunTime:0.001210s ]
INFO: [ app_end ] --END-- [ RunTime:0.001259s ]

[ 2018-08-10T08:39:46+08:00 ] 127.0.0.1 /aa/cs/DAY8/index.php/Home/Index/index/id/2/p/2.html
INFO: [ app_init ] --START--
INFO: Run Behavior\BuildLiteBehavior [ RunTime:0.000017s ]
INFO: [ app_init ] --END-- [ RunTime:0.000537s ]
INFO: [ app_begin ] --START--
INFO: Run Behavior\ReadHtmlCacheBehavior [ RunTime:0.001921s ]
INFO: [ app_begin ] --END-- [ RunTime:0.002091s ]
SQL: SHOW COLUMNS FROM `day8` [ RunTime:0.0087s ]
SQL: SELECT * FROM `day8` WHERE `id` = 2  [ RunTime:0.0003s ]
SQL: SELECT COUNT(*) AS tp_count FROM `day8` LIMIT 1   [ RunTime:0.0002s ]
INFO: [ view_parse ] --START--
INFO: [ template_filter ] --START--
INFO: Run Behavior\ContentReplaceBehavior [ RunTime:0.000142s ]
INFO: [ template_filter ] --END-- [ RunTime:0.000355s ]
INFO: Run Behavior\ParseTemplateBehavior [ RunTime:0.011154s ]
INFO: [ view_parse ] --END-- [ RunTime:0.011229s ]
INFO: [ view_filter ] --START--
INFO: Run Behavior\WriteHtmlCacheBehavior [ RunTime:0.000800s ]
INFO: [ view_filter ] --END-- [ RunTime:0.000861s ]
INFO: [ app_end ] --START--
INFO: Run Behavior\ShowPageTraceBehavior [ RunTime:0.001281s ]
INFO: [ app_end ] --END-- [ RunTime:0.001341s ]

[ 2018-08-10T08:39:46+08:00 ] 127.0.0.1 /aa/cs/DAY8/index.php/Home/Index/index/id/2/p/1.html
INFO: [ app_init ] --START--
INFO: Run Behavior\BuildLiteBehavior [ RunTime:0.000034s ]
INFO: [ app_init ] --END-- [ RunTime:0.000741s ]
INFO: [ app_begin ] --START--
INFO: Run Behavior\ReadHtmlCacheBehavior [ RunTime:0.000992s ]
INFO: [ app_begin ] --END-- [ RunTime:0.001091s ]
SQL: SHOW COLUMNS FROM `day8` [ RunTime:0.0071s ]
SQL: SELECT * FROM `day8` WHERE `id` = 2  [ RunTime:0.0002s ]
SQL: SELECT COUNT(*) AS tp_count FROM `day8` LIMIT 1   [ RunTime:0.0001s ]
INFO: [ view_parse ] --START--
INFO: [ template_filter ] --START--
INFO: Run Behavior\ContentReplaceBehavior [ RunTime:0.000082s ]
INFO: [ template_filter ] --END-- [ RunTime:0.000226s ]
INFO: Run Behavior\ParseTemplateBehavior [ RunTime:0.010113s ]
INFO: [ view_parse ] --END-- [ RunTime:0.010199s ]
INFO: [ view_filter ] --START--
INFO: Run Behavior\WriteHtmlCacheBehavior [ RunTime:0.000798s ]
INFO: [ view_filter ] --END-- [ RunTime:0.000854s ]
INFO: [ app_end ] --START--
INFO: Run Behavior\ShowPageTraceBehavior [ RunTime:0.001183s ]
INFO: [ app_end ] --END-- [ RunTime:0.001237s ]

[ 2018-08-10T08:39:48+08:00 ] 127.0.0.1 /aa/cs/DAY8/index.php/Home/Index/index/id/2/p/1.html
INFO: [ app_init ] --START--
INFO: Run Behavior\BuildLiteBehavior [ RunTime:0.000016s ]
INFO: [ app_init ] --END-- [ RunTime:0.000494s ]
INFO: [ app_begin ] --START--
INFO: Run Behavior\ReadHtmlCacheBehavior [ RunTime:0.000909s ]
INFO: [ app_begin ] --END-- [ RunTime:0.001024s ]
SQL: SHOW COLUMNS FROM `day8` [ RunTime:0.0082s ]
SQL: SELECT * FROM `day8` WHERE `id` = 2  [ RunTime:0.0002s ]
SQL: SELECT COUNT(*) AS tp_count FROM `day8` LIMIT 1   [ RunTime:0.0002s ]
INFO: [ view_parse ] --START--
INFO: [ template_filter ] --START--
INFO: Run Behavior\ContentReplaceBehavior [ RunTime:0.000040s ]
INFO: [ template_filter ] --END-- [ RunTime:0.000092s ]
INFO: Run Behavior\ParseTemplateBehavior [ RunTime:0.009114s ]
INFO: [ view_parse ] --END-- [ RunTime:0.009180s ]
INFO: [ view_filter ] --START--
INFO: Run Behavior\WriteHtmlCacheBehavior [ RunTime:0.000608s ]
INFO: [ view_filter ] --END-- [ RunTime:0.000678s ]
INFO: [ app_end ] --START--
INFO: Run Behavior\ShowPageTraceBehavior [ RunTime:0.001791s ]
INFO: [ app_end ] --END-- [ RunTime:0.001854s ]

[ 2018-08-10T08:43:06+08:00 ] 127.0.0.1 /aa/cs/DAY8/
INFO: [ app_init ] --START--
INFO: Run Behavior\BuildLiteBehavior [ RunTime:0.000013s ]
INFO: [ app_init ] --END-- [ RunTime:0.000478s ]
INFO: [ app_begin ] --START--
INFO: Run Behavior\ReadHtmlCacheBehavior [ RunTime:0.000947s ]
INFO: [ app_begin ] --END-- [ RunTime:0.001017s ]
SQL: SHOW COLUMNS FROM `day8` [ RunTime:0.0068s ]
NOTIC: [8] Undefined variable: where D:\phpstudy\PHPTutorial\WWW\aa\cs\DAY8\Application\Home\Controller\IndexController.class.php 第 11 行.
SQL: SELECT * FROM `day8` LIMIT 0,2   [ RunTime:0.0002s ]
SQL: SELECT COUNT(*) AS tp_count FROM `day8` LIMIT 1   [ RunTime:0.0002s ]
INFO: [ view_parse ] --START--
INFO: [ template_filter ] --START--
INFO: Run Behavior\ContentReplaceBehavior [ RunTime:0.000038s ]
INFO: [ template_filter ] --END-- [ RunTime:0.000077s ]
INFO: Run Behavior\ParseTemplateBehavior [ RunTime:0.007912s ]
INFO: [ view_parse ] --END-- [ RunTime:0.007972s ]
INFO: [ view_filter ] --START--
INFO: Run Behavior\WriteHtmlCacheBehavior [ RunTime:0.000587s ]
INFO: [ view_filter ] --END-- [ RunTime:0.000619s ]
INFO: [ app_end ] --START--
INFO: Run Behavior\ShowPageTraceBehavior [ RunTime:0.000932s ]
INFO: [ app_end ] --END-- [ RunTime:0.000965s ]

[ 2018-08-10T08:43:07+08:00 ] 127.0.0.1 /aa/cs/DAY8/index.php/Home/Index/index/p/2.html
INFO: [ app_init ] --START--
INFO: Run Behavior\BuildLiteBehavior [ RunTime:0.000012s ]
INFO: [ app_init ] --END-- [ RunTime:0.000356s ]
INFO: [ app_begin ] --START--
INFO: Run Behavior\ReadHtmlCacheBehavior [ RunTime:0.001525s ]
INFO: [ app_begin ] --END-- [ RunTime:0.001661s ]
SQL: SHOW COLUMNS FROM `day8` [ RunTime:0.0070s ]
NOTIC: [8] Undefined variable: where D:\phpstudy\PHPTutorial\WWW\aa\cs\DAY8\Application\Home\Controller\IndexController.class.php 第 11 行.
SQL: SELECT * FROM `day8` LIMIT 2,2   [ RunTime:0.0002s ]
SQL: SELECT COUNT(*) AS tp_count FROM `day8` LIMIT 1   [ RunTime:0.0002s ]
INFO: [ view_parse ] --START--
INFO: [ template_filter ] --START--
INFO: Run Behavior\ContentReplaceBehavior [ RunTime:0.000030s ]
INFO: [ template_filter ] --END-- [ RunTime:0.000072s ]
INFO: Run Behavior\ParseTemplateBehavior [ RunTime:0.006777s ]
INFO: [ view_parse ] --END-- [ RunTime:0.006828s ]
INFO: [ view_filter ] --START--
INFO: Run Behavior\WriteHtmlCacheBehavior [ RunTime:0.000428s ]
INFO: [ view_filter ] --END-- [ RunTime:0.000461s ]
INFO: [ app_end ] --START--
INFO: Run Behavior\ShowPageTraceBehavior [ RunTime:0.000881s ]
INFO: [ app_end ] --END-- [ RunTime:0.000914s ]

[ 2018-08-10T08:43:08+08:00 ] 127.0.0.1 /aa/cs/DAY8/index.php/Home/Index/index/p/1.html
INFO: [ app_init ] --START--
INFO: Run Behavior\BuildLiteBehavior [ RunTime:0.000012s ]
INFO: [ app_init ] --END-- [ RunTime:0.000354s ]
INFO: [ app_begin ] --START--
INFO: Run Behavior\ReadHtmlCacheBehavior [ RunTime:0.000628s ]
INFO: [ app_begin ] --END-- [ RunTime:0.000673s ]
SQL: SHOW COLUMNS FROM `day8` [ RunTime:0.0068s ]
NOTIC: [8] Undefined variable: where D:\phpstudy\PHPTutorial\WWW\aa\cs\DAY8\Application\Home\Controller\IndexController.class.php 第 11 行.
SQL: SELECT * FROM `day8` LIMIT 0,2   [ RunTime:0.0002s ]
SQL: SELECT COUNT(*) AS tp_count FROM `day8` LIMIT 1   [ RunTime:0.0002s ]
INFO: [ view_parse ] --START--
INFO: [ template_filter ] --START--
INFO: Run Behavior\ContentReplaceBehavior [ RunTime:0.000031s ]
INFO: [ template_filter ] --END-- [ RunTime:0.000072s ]
INFO: Run Behavior\ParseTemplateBehavior [ RunTime:0.007009s ]
INFO: [ view_parse ] --END-- [ RunTime:0.007067s ]
INFO: [ view_filter ] --START--
INFO: Run Behavior\WriteHtmlCacheBehavior [ RunTime:0.000456s ]
INFO: [ view_filter ] --END-- [ RunTime:0.000495s ]
INFO: [ app_end ] --START--
INFO: Run Behavior\ShowPageTraceBehavior [ RunTime:0.000900s ]
INFO: [ app_end ] --END-- [ RunTime:0.000935s ]

[ 2018-08-10T08:43:11+08:00 ] 127.0.0.1 /aa/cs/DAY8/index.php/Home/Index/index?id=1
INFO: [ app_init ] --START--
INFO: Run Behavior\BuildLiteBehavior [ RunTime:0.000013s ]
INFO: [ app_init ] --END-- [ RunTime:0.000366s ]
INFO: [ app_begin ] --START--
INFO: Run Behavior\ReadHtmlCacheBehavior [ RunTime:0.000638s ]
INFO: [ app_begin ] --END-- [ RunTime:0.000682s ]
SQL: SHOW COLUMNS FROM `day8` [ RunTime:0.0037s ]
SQL: SELECT * FROM `day8` WHERE `id` = 1 LIMIT 0,2   [ RunTime:0.0003s ]
SQL: SELECT COUNT(*) AS tp_count FROM `day8` LIMIT 1   [ RunTime:0.0002s ]
INFO: [ view_parse ] --START--
INFO: [ template_filter ] --START--
INFO: Run Behavior\ContentReplaceBehavior [ RunTime:0.000030s ]
INFO: [ template_filter ] --END-- [ RunTime:0.000071s ]
INFO: Run Behavior\ParseTemplateBehavior [ RunTime:0.005954s ]
INFO: [ view_parse ] --END-- [ RunTime:0.006011s ]
INFO: [ view_filter ] --START--
INFO: Run Behavior\WriteHtmlCacheBehavior [ RunTime:0.000412s ]
INFO: [ view_filter ] --END-- [ RunTime:0.000444s ]
INFO: [ app_end ] --START--
INFO: Run Behavior\ShowPageTraceBehavior [ RunTime:0.000878s ]
INFO: [ app_end ] --END-- [ RunTime:0.000913s ]

