[ 2018-08-17T08:25:42+08:00 ] 127.0.0.1 /aa/cs/day14/Public/2018-08-16/5b74c8eaccc
INFO: [ app_init ] --START--
INFO: Run Behavior\BuildLiteBehavior [ RunTime:0.000034s ]
INFO: [ app_init ] --END-- [ RunTime:0.000952s ]
ERR: 无法加载模块:Public

[ 2018-08-17T08:25:49+08:00 ] 127.0.0.1 /aa/cs/day14/Public/2018-08-16/5b74c8eaccc
INFO: [ app_init ] --START--
INFO: Run Behavior\BuildLiteBehavior [ RunTime:0.000026s ]
INFO: [ app_init ] --END-- [ RunTime:0.001403s ]
ERR: 无法加载模块:Public

[ 2018-08-17T08:26:00+08:00 ] 127.0.0.1 /aa/cs/day14/Public/2018-08-16/5b74c8eaccc
INFO: [ app_init ] --START--
INFO: Run Behavior\BuildLiteBehavior [ RunTime:0.000021s ]
INFO: [ app_init ] --END-- [ RunTime:0.000827s ]
ERR: 无法加载模块:Public

[ 2018-08-17T08:26:01+08:00 ] 127.0.0.1 /aa/cs/day14/Public/2018-08-16/5b74c8eaccc
INFO: [ app_init ] --START--
INFO: Run Behavior\BuildLiteBehavior [ RunTime:0.000014s ]
INFO: [ app_init ] --END-- [ RunTime:0.000619s ]
ERR: 无法加载模块:Public

[ 2018-08-17T08:26:02+08:00 ] 127.0.0.1 /aa/cs/day14/Public/2018-08-16/5b74c8eaccc
INFO: [ app_init ] --START--
INFO: Run Behavior\BuildLiteBehavior [ RunTime:0.000025s ]
INFO: [ app_init ] --END-- [ RunTime:0.001476s ]
ERR: 无法加载模块:Public

[ 2018-08-17T08:26:33+08:00 ] 127.0.0.1 /aa/cs/day14/Public/2018-08-16/5b74c8eaccc
INFO: [ app_init ] --START--
INFO: Run Behavior\BuildLiteBehavior [ RunTime:0.000026s ]
INFO: [ app_init ] --END-- [ RunTime:0.000794s ]
ERR: 无法加载模块:Public

[ 2018-08-17T08:26:53+08:00 ] 127.0.0.1 /aa/cs/day14/Public/7.25jpg
INFO: [ app_init ] --START--
INFO: Run Behavior\BuildLiteBehavior [ RunTime:0.000017s ]
INFO: [ app_init ] --END-- [ RunTime:0.000506s ]
ERR: 无法加载模块:Public

[ 2018-08-17T08:26:53+08:00 ] 127.0.0.1 /aa/cs/day14/Public/2018-08-16/5b74c8eaccc
INFO: [ app_init ] --START--
INFO: Run Behavior\BuildLiteBehavior [ RunTime:0.000013s ]
INFO: [ app_init ] --END-- [ RunTime:0.000588s ]
ERR: 无法加载模块:Public

[ 2018-08-17T08:26:53+08:00 ] 127.0.0.1 /aa/cs/day14/Public/2018-08-16/5b74c8eaccc
INFO: [ app_init ] --START--
INFO: Run Behavior\BuildLiteBehavior [ RunTime:0.000021s ]
INFO: [ app_init ] --END-- [ RunTime:0.000772s ]
ERR: 无法加载模块:Public

[ 2018-08-17T08:26:53+08:00 ] 127.0.0.1 /aa/cs/day14/Public/7.25jpg
INFO: [ app_init ] --START--
INFO: Run Behavior\BuildLiteBehavior [ RunTime:0.000014s ]
INFO: [ app_init ] --END-- [ RunTime:0.000587s ]
ERR: 无法加载模块:Public

[ 2018-08-17T08:27:10+08:00 ] 127.0.0.1 /aa/cs/day14/Public/2018-08-16/5b74c8eaccc
INFO: [ app_init ] --START--
INFO: Run Behavior\BuildLiteBehavior [ RunTime:0.000019s ]
INFO: [ app_init ] --END-- [ RunTime:0.000516s ]
ERR: 无法加载模块:Public

[ 2018-08-17T08:32:08+08:00 ] 127.0.0.1 /aa/cs/day14/Public/2018-08-16/5b74c8eaccc
INFO: [ app_init ] --START--
INFO: Run Behavior\BuildLiteBehavior [ RunTime:0.000017s ]
INFO: [ app_init ] --END-- [ RunTime:0.000517s ]
ERR: 无法加载模块:Public

[ 2018-08-17T08:32:10+08:00 ] 127.0.0.1 /aa/cs/day14/Public/2018-08-16/5b74c8eaccc
INFO: [ app_init ] --START--
INFO: Run Behavior\BuildLiteBehavior [ RunTime:0.000018s ]
INFO: [ app_init ] --END-- [ RunTime:0.000745s ]
ERR: 无法加载模块:Public

[ 2018-08-17T08:32:13+08:00 ] 127.0.0.1 /aa/cs/day14/Public/2018-08-16/5b74c8eaccc
INFO: [ app_init ] --START--
INFO: Run Behavior\BuildLiteBehavior [ RunTime:0.000024s ]
INFO: [ app_init ] --END-- [ RunTime:0.000657s ]
ERR: 无法加载模块:Public

[ 2018-08-17T08:32:37+08:00 ] 127.0.0.1 /aa/cs/day14/Public/2018-08-16/5b74c8eaccc
INFO: [ app_init ] --START--
INFO: Run Behavior\BuildLiteBehavior [ RunTime:0.000020s ]
INFO: [ app_init ] --END-- [ RunTime:0.000925s ]
ERR: 无法加载模块:Public

[ 2018-08-17T08:32:38+08:00 ] 127.0.0.1 /aa/cs/day14/Public/2018-08-16/5b74c8eaccc
INFO: [ app_init ] --START--
INFO: Run Behavior\BuildLiteBehavior [ RunTime:0.000017s ]
INFO: [ app_init ] --END-- [ RunTime:0.000476s ]
ERR: 无法加载模块:Public

[ 2018-08-17T08:32:38+08:00 ] 127.0.0.1 /aa/cs/day14/Public/2018-08-16/5b74c8eaccc
INFO: [ app_init ] --START--
INFO: Run Behavior\BuildLiteBehavior [ RunTime:0.000018s ]
INFO: [ app_init ] --END-- [ RunTime:0.000621s ]
ERR: 无法加载模块:Public

[ 2018-08-17T08:32:41+08:00 ] 127.0.0.1 /aa/cs/day14/Public/2018-08-16/5b74c8eaccc
INFO: [ app_init ] --START--
INFO: Run Behavior\BuildLiteBehavior [ RunTime:0.000021s ]
INFO: [ app_init ] --END-- [ RunTime:0.000790s ]
ERR: 无法加载模块:Public

[ 2018-08-17T08:34:54+08:00 ] 127.0.0.1 /aa/cs/day14/Public/2018-08-16/5b74c8eaccc
INFO: [ app_init ] --START--
INFO: Run Behavior\BuildLiteBehavior [ RunTime:0.000022s ]
INFO: [ app_init ] --END-- [ RunTime:0.000645s ]
ERR: 无法加载模块:Public

[ 2018-08-17T08:34:56+08:00 ] 127.0.0.1 /aa/cs/day14/Public/2018-08-16/5b74c8eaccc
INFO: [ app_init ] --START--
INFO: Run Behavior\BuildLiteBehavior [ RunTime:0.000079s ]
INFO: [ app_init ] --END-- [ RunTime:0.000699s ]
ERR: 无法加载模块:Public

