[ 2018-09-28T10:58:38+08:00 ] 127.0.0.1 /zhuan6/lx/day1/Public/Admin/i/zhuan6/lx/day1/index.php/Admin/Index/drag.html
INFO: [ app_init ] --START--
INFO: Run Behavior\BuildLiteBehavior [ RunTime:0.000018s ]
INFO: [ app_init ] --END-- [ RunTime:0.000588s ]
ERR: 无法加载模块:Public

[ 2018-09-28T11:06:13+08:00 ] 127.0.0.1 /zhuan6/lx/day1/Public/Admin/i/zhuan6/lx/day1/index.php/Admin/Index/drag.html
INFO: [ app_init ] --START--
INFO: Run Behavior\BuildLiteBehavior [ RunTime:0.000017s ]
INFO: [ app_init ] --END-- [ RunTime:0.000638s ]
ERR: 无法加载模块:Public

[ 2018-09-28T11:09:17+08:00 ] 127.0.0.1 /zhuan6/lx/day1/Public/Admin/i/zhuan6/lx/day1/index.php/Admin/Index/drag.html
INFO: [ app_init ] --START--
INFO: Run Behavior\BuildLiteBehavior [ RunTime:0.000019s ]
INFO: [ app_init ] --END-- [ RunTime:0.000693s ]
ERR: 无法加载模块:Public

[ 2018-09-28T11:09:17+08:00 ] 127.0.0.1 /zhuan6/lx/day1/Public/Admin/i/zhuan6/lx/day1/index.php/Admin/Index/drag.html
INFO: [ app_init ] --START--
INFO: Run Behavior\BuildLiteBehavior [ RunTime:0.000018s ]
INFO: [ app_init ] --END-- [ RunTime:0.000514s ]
ERR: 无法加载模块:Public

[ 2018-09-28T11:10:37+08:00 ] 127.0.0.1 /zhuan6/lx/day1/Public/Admin/i/zhuan6/lx/day1/index.php/Admin/Index/drag.html
INFO: [ app_init ] --START--
INFO: Run Behavior\BuildLiteBehavior [ RunTime:0.000019s ]
INFO: [ app_init ] --END-- [ RunTime:0.000522s ]
ERR: 无法加载模块:Public

[ 2018-09-28T11:11:06+08:00 ] 127.0.0.1 /zhuan6/lx/day1/Public/Admin/i/zhuan6/lx/day1/index.php/Admin/Index/drag.html
INFO: [ app_init ] --START--
INFO: Run Behavior\BuildLiteBehavior [ RunTime:0.000018s ]
INFO: [ app_init ] --END-- [ RunTime:0.000694s ]
ERR: 无法加载模块:Public

[ 2018-09-28T11:16:21+08:00 ] 127.0.0.1 /zhuan6/lx/day1/Public/Admin/i/zhuan6/lx/day1/index.php/Admin/Index/drag.html
INFO: [ app_init ] --START--
INFO: Run Behavior\BuildLiteBehavior [ RunTime:0.000016s ]
INFO: [ app_init ] --END-- [ RunTime:0.000656s ]
ERR: 无法加载模块:Public

[ 2018-09-28T11:16:21+08:00 ] 127.0.0.1 /zhuan6/lx/day1/Public/Admin/i/zhuan6/lx/day1/index.php/Admin/Index/drag.html
INFO: [ app_init ] --START--
INFO: Run Behavior\BuildLiteBehavior [ RunTime:0.000016s ]
INFO: [ app_init ] --END-- [ RunTime:0.000491s ]
ERR: 无法加载模块:Public

[ 2018-09-28T11:17:42+08:00 ] 127.0.0.1 /zhuan6/lx/day1/Public/Admin/i/zhuan6/lx/day1/index.php/Admin/Index/drag.html
INFO: [ app_init ] --START--
INFO: Run Behavior\BuildLiteBehavior [ RunTime:0.000018s ]
INFO: [ app_init ] --END-- [ RunTime:0.001164s ]
ERR: 无法加载模块:Public

[ 2018-09-28T11:17:53+08:00 ] 127.0.0.1 /zhuan6/lx/day1/Public/Admin/i/zhuan6/lx/day1/index.php/Admin/Index/drag.html
INFO: [ app_init ] --START--
INFO: Run Behavior\BuildLiteBehavior [ RunTime:0.000018s ]
INFO: [ app_init ] --END-- [ RunTime:0.000664s ]
ERR: 无法加载模块:Public

[ 2018-09-28T11:19:07+08:00 ] 127.0.0.1 /zhuan6/lx/day1/Public/Admin/i/zhuan6/lx/day1/index.php/Admin/Index/drag.html
INFO: [ app_init ] --START--
INFO: Run Behavior\BuildLiteBehavior [ RunTime:0.000012s ]
INFO: [ app_init ] --END-- [ RunTime:0.000461s ]
ERR: 无法加载模块:Public

[ 2018-09-28T11:19:08+08:00 ] 127.0.0.1 /zhuan6/lx/day1/Public/Admin/i/zhuan6/lx/day1/index.php/Admin/Index/drag.html
INFO: [ app_init ] --START--
INFO: Run Behavior\BuildLiteBehavior [ RunTime:0.000013s ]
INFO: [ app_init ] --END-- [ RunTime:0.000436s ]
ERR: 无法加载模块:Public

[ 2018-09-28T11:20:02+08:00 ] 127.0.0.1 /zhuan6/lx/day1/Public/Admin/i/zhuan6/lx/day1/index.php/Admin/Index/drag.html
INFO: [ app_init ] --START--
INFO: Run Behavior\BuildLiteBehavior [ RunTime:0.000017s ]
INFO: [ app_init ] --END-- [ RunTime:0.000714s ]
ERR: 无法加载模块:Public

[ 2018-09-28T11:20:53+08:00 ] 127.0.0.1 /zhuan6/lx/day1/Public/Admin/i/zhuan6/lx/day1/index.php/Admin/Index/drag.html
INFO: [ app_init ] --START--
INFO: Run Behavior\BuildLiteBehavior [ RunTime:0.000022s ]
INFO: [ app_init ] --END-- [ RunTime:0.000960s ]
ERR: 无法加载模块:Public

[ 2018-09-28T11:21:06+08:00 ] 127.0.0.1 /zhuan6/lx/day1/Public/Admin/i/zhuan6/lx/day1/index.php/Admin/Index/drag.html
INFO: [ app_init ] --START--
INFO: Run Behavior\BuildLiteBehavior [ RunTime:0.000019s ]
INFO: [ app_init ] --END-- [ RunTime:0.000562s ]
ERR: 无法加载模块:Public

[ 2018-09-28T11:21:47+08:00 ] 127.0.0.1 /zhuan6/lx/day1/Public/Admin/i/zhuan6/lx/day1/index.php/Admin/Index/drag.html
INFO: [ app_init ] --START--
INFO: Run Behavior\BuildLiteBehavior [ RunTime:0.000017s ]
INFO: [ app_init ] --END-- [ RunTime:0.000527s ]
ERR: 无法加载模块:Public

[ 2018-09-28T11:21:47+08:00 ] 127.0.0.1 /zhuan6/lx/day1/Public/Admin/i/zhuan6/lx/day1/index.php/Admin/Index/drag.html
INFO: [ app_init ] --START--
INFO: Run Behavior\BuildLiteBehavior [ RunTime:0.000017s ]
INFO: [ app_init ] --END-- [ RunTime:0.000498s ]
ERR: 无法加载模块:Public

[ 2018-09-28T11:21:55+08:00 ] 127.0.0.1 /zhuan6/lx/day1/Public/Admin/i/zhuan6/lx/day1/index.php/Admin/Index/drag.html
INFO: [ app_init ] --START--
INFO: Run Behavior\BuildLiteBehavior [ RunTime:0.000019s ]
INFO: [ app_init ] --END-- [ RunTime:0.000508s ]
ERR: 无法加载模块:Public

[ 2018-09-28T11:22:29+08:00 ] 127.0.0.1 /zhuan6/lx/day1/Public/Admin/i/zhuan6/lx/day1/index.php/Admin/Index/drag.html
INFO: [ app_init ] --START--
INFO: Run Behavior\BuildLiteBehavior [ RunTime:0.000020s ]
INFO: [ app_init ] --END-- [ RunTime:0.000504s ]
ERR: 无法加载模块:Public

[ 2018-09-28T11:22:55+08:00 ] 127.0.0.1 /zhuan6/lx/day1/Public/Admin/i/zhuan6/lx/day1/index.php/Admin/Index/drag.html
INFO: [ app_init ] --START--
INFO: Run Behavior\BuildLiteBehavior [ RunTime:0.000017s ]
INFO: [ app_init ] --END-- [ RunTime:0.000510s ]
ERR: 无法加载模块:Public

[ 2018-09-28T11:23:22+08:00 ] 127.0.0.1 /zhuan6/lx/day1/Public/Admin/i/zhuan6/lx/day1/index.php/Admin/Index/drag.html
INFO: [ app_init ] --START--
INFO: Run Behavior\BuildLiteBehavior [ RunTime:0.000019s ]
INFO: [ app_init ] --END-- [ RunTime:0.000571s ]
ERR: 无法加载模块:Public

[ 2018-09-28T11:23:39+08:00 ] 127.0.0.1 /zhuan6/lx/day1/Public/Admin/i/zhuan6/lx/day1/index.php/Admin/Index/drag.html
INFO: [ app_init ] --START--
INFO: Run Behavior\BuildLiteBehavior [ RunTime:0.000026s ]
INFO: [ app_init ] --END-- [ RunTime:0.001914s ]
ERR: 无法加载模块:Public

[ 2018-09-28T11:23:53+08:00 ] 127.0.0.1 /zhuan6/lx/day1/Public/Admin/i/zhuan6/lx/day1/index.php/Admin/Index/drag.html
INFO: [ app_init ] --START--
INFO: Run Behavior\BuildLiteBehavior [ RunTime:0.000014s ]
INFO: [ app_init ] --END-- [ RunTime:0.000714s ]
ERR: 无法加载模块:Public

[ 2018-09-28T19:03:31+08:00 ] 127.0.0.1 /zhuan6/lx/day1/Public/Admin/users.php?act=list
INFO: [ app_init ] --START--
INFO: Run Behavior\BuildLiteBehavior [ RunTime:0.000012s ]
INFO: [ app_init ] --END-- [ RunTime:0.000359s ]
ERR: 无法加载模块:Public

