[ 2018-09-27T11:36:10+08:00 ] 127.0.0.1 /zhuan6/lx/day1/Public/Admin/i/zhuan6/lx/day1/index.php/Admin/Index/drag.html
INFO: [ app_init ] --START--
INFO: Run Behavior\BuildLiteBehavior [ RunTime:0.000016s ]
INFO: [ app_init ] --END-- [ RunTime:0.000597s ]
ERR: 无法加载模块:Public

[ 2018-09-27T11:36:55+08:00 ] 127.0.0.1 /zhuan6/lx/day1/Public/Admin/i/zhuan6/lx/day1/index.php/Admin/Index/drag.html
INFO: [ app_init ] --START--
INFO: Run Behavior\BuildLiteBehavior [ RunTime:0.000016s ]
INFO: [ app_init ] --END-- [ RunTime:0.000498s ]
ERR: 无法加载模块:Public

[ 2018-09-27T11:37:18+08:00 ] 127.0.0.1 /zhuan6/lx/day1/Public/Admin/i/zhuan6/lx/day1/index.php/Admin/Index/drag.html
INFO: [ app_init ] --START--
INFO: Run Behavior\BuildLiteBehavior [ RunTime:0.000017s ]
INFO: [ app_init ] --END-- [ RunTime:0.000500s ]
ERR: 无法加载模块:Public

[ 2018-09-27T11:37:18+08:00 ] 127.0.0.1 /zhuan6/lx/day1/Public/Admin/i/zhuan6/lx/day1/index.php/Admin/Index/drag.html
INFO: [ app_init ] --START--
INFO: Run Behavior\BuildLiteBehavior [ RunTime:0.000018s ]
INFO: [ app_init ] --END-- [ RunTime:0.000539s ]
ERR: 无法加载模块:Public

[ 2018-09-27T11:38:05+08:00 ] 127.0.0.1 /zhuan6/lx/day1/Public/Admin/i/zhuan6/lx/day1/index.php/Admin/Index/drag.html
INFO: [ app_init ] --START--
INFO: Run Behavior\BuildLiteBehavior [ RunTime:0.000017s ]
INFO: [ app_init ] --END-- [ RunTime:0.000481s ]
ERR: 无法加载模块:Public

[ 2018-09-27T11:38:05+08:00 ] 127.0.0.1 /zhuan6/lx/day1/Public/Admin/i/zhuan6/lx/day1/index.php/Admin/Index/drag.html
INFO: [ app_init ] --START--
INFO: Run Behavior\BuildLiteBehavior [ RunTime:0.000017s ]
INFO: [ app_init ] --END-- [ RunTime:0.000583s ]
ERR: 无法加载模块:Public

[ 2018-09-27T11:44:19+08:00 ] 127.0.0.1 /zhuan6/lx/day1/Public/Admin/i/zhuan6/lx/day1/index.php/Admin/Index/drag.html
INFO: [ app_init ] --START--
INFO: Run Behavior\BuildLiteBehavior [ RunTime:0.000015s ]
INFO: [ app_init ] --END-- [ RunTime:0.000672s ]
ERR: 无法加载模块:Public

[ 2018-09-27T11:44:19+08:00 ] 127.0.0.1 /zhuan6/lx/day1/Public/Admin/i/zhuan6/lx/day1/index.php/Admin/Index/drag.html
INFO: [ app_init ] --START--
INFO: Run Behavior\BuildLiteBehavior [ RunTime:0.000016s ]
INFO: [ app_init ] --END-- [ RunTime:0.000491s ]
ERR: 无法加载模块:Public

[ 2018-09-27T11:46:33+08:00 ] 127.0.0.1 /zhuan6/lx/day1/Public/Admin/i/zhuan6/lx/day1/index.php/Admin/Index/drag.html
INFO: [ app_init ] --START--
INFO: Run Behavior\BuildLiteBehavior [ RunTime:0.000024s ]
INFO: [ app_init ] --END-- [ RunTime:0.000671s ]
ERR: 无法加载模块:Public

[ 2018-09-27T11:46:43+08:00 ] 127.0.0.1 /zhuan6/lx/day1/Public/Admin/i/zhuan6/lx/day1/index.php/Admin/Index/drag.html
INFO: [ app_init ] --START--
INFO: Run Behavior\BuildLiteBehavior [ RunTime:0.000018s ]
INFO: [ app_init ] --END-- [ RunTime:0.000554s ]
ERR: 无法加载模块:Public

[ 2018-09-27T11:47:10+08:00 ] 127.0.0.1 /zhuan6/lx/day1/Public/Admin/i/zhuan6/lx/day1/index.php/Admin/Index/drag.html
INFO: [ app_init ] --START--
INFO: Run Behavior\BuildLiteBehavior [ RunTime:0.000018s ]
INFO: [ app_init ] --END-- [ RunTime:0.000514s ]
ERR: 无法加载模块:Public

[ 2018-09-27T12:15:51+08:00 ] 127.0.0.1 /zhuan6/lx/day1/Public/Admin/i/zhuan6/lx/day1/index.php/Admin/Index/drag.html
INFO: [ app_init ] --START--
INFO: Run Behavior\BuildLiteBehavior [ RunTime:0.000012s ]
INFO: [ app_init ] --END-- [ RunTime:0.000517s ]
ERR: 无法加载模块:Public

[ 2018-09-27T16:08:43+08:00 ] 127.0.0.1 /zhuan6/lx/day1/Public/Admin/i/zhuan6/lx/day1/index.php/Admin/Index/drag.html
INFO: [ app_init ] --START--
INFO: Run Behavior\BuildLiteBehavior [ RunTime:0.000016s ]
INFO: [ app_init ] --END-- [ RunTime:0.000665s ]
ERR: 无法加载模块:Public

[ 2018-09-27T16:10:06+08:00 ] 127.0.0.1 /zhuan6/lx/day1/Public/Admin/i/zhuan6/lx/day1/index.php/Admin/Index/drag.html
INFO: [ app_init ] --START--
INFO: Run Behavior\BuildLiteBehavior [ RunTime:0.000015s ]
INFO: [ app_init ] --END-- [ RunTime:0.000466s ]
ERR: 无法加载模块:Public

[ 2018-09-27T16:10:06+08:00 ] 127.0.0.1 /zhuan6/lx/day1/Public/Admin/i/zhuan6/lx/day1/index.php/Admin/Index/drag.html
INFO: [ app_init ] --START--
INFO: Run Behavior\BuildLiteBehavior [ RunTime:0.000028s ]
INFO: [ app_init ] --END-- [ RunTime:0.001499s ]
ERR: 无法加载模块:Public

[ 2018-09-27T16:10:07+08:00 ] 127.0.0.1 /zhuan6/lx/day1/Public/Admin/i/zhuan6/lx/day1/index.php/Admin/Index/drag.html
INFO: [ app_init ] --START--
INFO: Run Behavior\BuildLiteBehavior [ RunTime:0.000019s ]
INFO: [ app_init ] --END-- [ RunTime:0.000811s ]
ERR: 无法加载模块:Public

[ 2018-09-27T16:15:03+08:00 ] 127.0.0.1 /zhuan6/lx/day1/Public/Admin/i/zhuan6/lx/day1/index.php/Admin/Index/drag.html
INFO: [ app_init ] --START--
INFO: Run Behavior\BuildLiteBehavior [ RunTime:0.000018s ]
INFO: [ app_init ] --END-- [ RunTime:0.000707s ]
ERR: 无法加载模块:Public

[ 2018-09-27T16:15:18+08:00 ] 127.0.0.1 /zhuan6/lx/day1/Public/Admin/i/zhuan6/lx/day1/index.php/Admin/Index/drag.html
INFO: [ app_init ] --START--
INFO: Run Behavior\BuildLiteBehavior [ RunTime:0.000019s ]
INFO: [ app_init ] --END-- [ RunTime:0.001443s ]
ERR: 无法加载模块:Public

[ 2018-09-27T16:15:52+08:00 ] 127.0.0.1 /zhuan6/lx/day1/Public/Admin/i/zhuan6/lx/day1/index.php/Admin/Index/drag.html
INFO: [ app_init ] --START--
INFO: Run Behavior\BuildLiteBehavior [ RunTime:0.000015s ]
INFO: [ app_init ] --END-- [ RunTime:0.000397s ]
ERR: 无法加载模块:Public

[ 2018-09-27T16:16:33+08:00 ] 127.0.0.1 /zhuan6/lx/day1/Public/Admin/i/zhuan6/lx/day1/index.php/Admin/Index/drag.html
INFO: [ app_init ] --START--
INFO: Run Behavior\BuildLiteBehavior [ RunTime:0.000012s ]
INFO: [ app_init ] --END-- [ RunTime:0.000444s ]
ERR: 无法加载模块:Public

[ 2018-09-27T16:33:58+08:00 ] 127.0.0.1 /zhuan6/lx/day1/Public/Admin/i/zhuan6/lx/day1/index.php/Admin/Index/drag.html
INFO: [ app_init ] --START--
INFO: Run Behavior\BuildLiteBehavior [ RunTime:0.000021s ]
INFO: [ app_init ] --END-- [ RunTime:0.000830s ]
ERR: 无法加载模块:Public

[ 2018-09-27T16:34:35+08:00 ] 127.0.0.1 /zhuan6/lx/day1/Public/Admin/i/zhuan6/lx/day1/index.php/Admin/Index/drag.html
INFO: [ app_init ] --START--
INFO: Run Behavior\BuildLiteBehavior [ RunTime:0.000029s ]
INFO: [ app_init ] --END-- [ RunTime:0.000753s ]
ERR: 无法加载模块:Public

[ 2018-09-27T16:35:42+08:00 ] 127.0.0.1 /zhuan6/lx/day1/Public/Admin/i/zhuan6/lx/day1/index.php/Admin/Index/drag.html
INFO: [ app_init ] --START--
INFO: Run Behavior\BuildLiteBehavior [ RunTime:0.000012s ]
INFO: [ app_init ] --END-- [ RunTime:0.000453s ]
ERR: 无法加载模块:Public

[ 2018-09-27T16:37:12+08:00 ] 127.0.0.1 /zhuan6/lx/day1/Public/Admin/i/zhuan6/lx/day1/index.php/Admin/Index/drag.html
INFO: [ app_init ] --START--
INFO: Run Behavior\BuildLiteBehavior [ RunTime:0.000017s ]
INFO: [ app_init ] --END-- [ RunTime:0.000610s ]
ERR: 无法加载模块:Public

[ 2018-09-27T16:37:31+08:00 ] 127.0.0.1 /zhuan6/lx/day1/Public/Admin/i/zhuan6/lx/day1/index.php/Admin/Index/drag.html
INFO: [ app_init ] --START--
INFO: Run Behavior\BuildLiteBehavior [ RunTime:0.000016s ]
INFO: [ app_init ] --END-- [ RunTime:0.000486s ]
ERR: 无法加载模块:Public

[ 2018-09-27T16:37:37+08:00 ] 127.0.0.1 /zhuan6/lx/day1/Public/Admin/i/zhuan6/lx/day1/index.php/Admin/Index/drag.html
INFO: [ app_init ] --START--
INFO: Run Behavior\BuildLiteBehavior [ RunTime:0.000018s ]
INFO: [ app_init ] --END-- [ RunTime:0.000516s ]
ERR: 无法加载模块:Public

[ 2018-09-27T16:37:40+08:00 ] 127.0.0.1 /zhuan6/lx/day1/Public/Admin/i/zhuan6/lx/day1/index.php/Admin/Index/drag.html
INFO: [ app_init ] --START--
INFO: Run Behavior\BuildLiteBehavior [ RunTime:0.000017s ]
INFO: [ app_init ] --END-- [ RunTime:0.000494s ]
ERR: 无法加载模块:Public

[ 2018-09-27T16:37:56+08:00 ] 127.0.0.1 /zhuan6/lx/day1/Public/Admin/i/zhuan6/lx/day1/index.php/Admin/Index/drag.html
INFO: [ app_init ] --START--
INFO: Run Behavior\BuildLiteBehavior [ RunTime:0.000015s ]
INFO: [ app_init ] --END-- [ RunTime:0.000472s ]
ERR: 无法加载模块:Public

[ 2018-09-27T16:39:02+08:00 ] 127.0.0.1 /zhuan6/lx/day1/Public/Admin/i/zhuan6/lx/day1/index.php/Admin/Index/drag.html
INFO: [ app_init ] --START--
INFO: Run Behavior\BuildLiteBehavior [ RunTime:0.000017s ]
INFO: [ app_init ] --END-- [ RunTime:0.000485s ]
ERR: 无法加载模块:Public

[ 2018-09-27T16:40:04+08:00 ] 127.0.0.1 /zhuan6/lx/day1/Public/Admin/i/zhuan6/lx/day1/index.php/Admin/Index/drag.html
INFO: [ app_init ] --START--
INFO: Run Behavior\BuildLiteBehavior [ RunTime:0.000022s ]
INFO: [ app_init ] --END-- [ RunTime:0.002810s ]
ERR: 无法加载模块:Public

[ 2018-09-27T16:41:55+08:00 ] 127.0.0.1 /zhuan6/lx/day1/Public/Admin/i/zhuan6/lx/day1/index.php/Admin/Index/drag.html
INFO: [ app_init ] --START--
INFO: Run Behavior\BuildLiteBehavior [ RunTime:0.000017s ]
INFO: [ app_init ] --END-- [ RunTime:0.000510s ]
ERR: 无法加载模块:Public

[ 2018-09-27T16:43:13+08:00 ] 127.0.0.1 /zhuan6/lx/day1/Public/Admin/i/zhuan6/lx/day1/index.php/Admin/Index/drag.html
INFO: [ app_init ] --START--
INFO: Run Behavior\BuildLiteBehavior [ RunTime:0.000016s ]
INFO: [ app_init ] --END-- [ RunTime:0.000601s ]
ERR: 无法加载模块:Public

[ 2018-09-27T16:47:33+08:00 ] 127.0.0.1 /zhuan6/lx/day1/Public/Admin/i/zhuan6/lx/day1/index.php/Admin/Index/drag.html
INFO: [ app_init ] --START--
INFO: Run Behavior\BuildLiteBehavior [ RunTime:0.000016s ]
INFO: [ app_init ] --END-- [ RunTime:0.000664s ]
ERR: 无法加载模块:Public

[ 2018-09-27T16:48:15+08:00 ] 127.0.0.1 /zhuan6/lx/day1/Public/Admin/i/zhuan6/lx/day1/index.php/Admin/Index/drag.html
INFO: [ app_init ] --START--
INFO: Run Behavior\BuildLiteBehavior [ RunTime:0.000013s ]
INFO: [ app_init ] --END-- [ RunTime:0.000435s ]
ERR: 无法加载模块:Public

[ 2018-09-27T16:50:26+08:00 ] 127.0.0.1 /zhuan6/lx/day1/Public/Admin/i/zhuan6/lx/day1/index.php/Admin/Index/drag.html
INFO: [ app_init ] --START--
INFO: Run Behavior\BuildLiteBehavior [ RunTime:0.000016s ]
INFO: [ app_init ] --END-- [ RunTime:0.000671s ]
ERR: 无法加载模块:Public

[ 2018-09-27T16:50:45+08:00 ] 127.0.0.1 /zhuan6/lx/day1/Public/Admin/i/zhuan6/lx/day1/index.php/Admin/Index/drag.html
INFO: [ app_init ] --START--
INFO: Run Behavior\BuildLiteBehavior [ RunTime:0.000019s ]
INFO: [ app_init ] --END-- [ RunTime:0.000529s ]
ERR: 无法加载模块:Public

[ 2018-09-27T16:51:54+08:00 ] 127.0.0.1 /zhuan6/lx/day1/Public/Admin/i/zhuan6/lx/day1/index.php/Admin/Index/drag.html
INFO: [ app_init ] --START--
INFO: Run Behavior\BuildLiteBehavior [ RunTime:0.000016s ]
INFO: [ app_init ] --END-- [ RunTime:0.000502s ]
ERR: 无法加载模块:Public

[ 2018-09-27T16:53:21+08:00 ] 127.0.0.1 /zhuan6/lx/day1/Public/Admin/i/zhuan6/lx/day1/index.php/Admin/Index/drag.html
INFO: [ app_init ] --START--
INFO: Run Behavior\BuildLiteBehavior [ RunTime:0.000031s ]
INFO: [ app_init ] --END-- [ RunTime:0.000777s ]
ERR: 无法加载模块:Public

[ 2018-09-27T16:53:52+08:00 ] 127.0.0.1 /zhuan6/lx/day1/Public/Admin/i/zhuan6/lx/day1/index.php/Admin/Index/drag.html
INFO: [ app_init ] --START--
INFO: Run Behavior\BuildLiteBehavior [ RunTime:0.000016s ]
INFO: [ app_init ] --END-- [ RunTime:0.000484s ]
ERR: 无法加载模块:Public

[ 2018-09-27T19:15:35+08:00 ] 127.0.0.1 /zhuan6/lx/day1/Public/Admin/i/zhuan6/lx/day1/index.php/Admin/Index/drag.html
INFO: [ app_init ] --START--
INFO: Run Behavior\BuildLiteBehavior [ RunTime:0.000012s ]
INFO: [ app_init ] --END-- [ RunTime:0.000474s ]
ERR: 无法加载模块:Public

[ 2018-09-27T19:25:03+08:00 ] 127.0.0.1 /zhuan6/lx/day1/Public/Admin/i/zhuan6/lx/day1/index.php/Admin/Index/drag.html
INFO: [ app_init ] --START--
INFO: Run Behavior\BuildLiteBehavior [ RunTime:0.000012s ]
INFO: [ app_init ] --END-- [ RunTime:0.000587s ]
ERR: 无法加载模块:Public

[ 2018-09-27T19:26:12+08:00 ] 127.0.0.1 /zhuan6/lx/day1/Public/Admin/i/zhuan6/lx/day1/index.php/Admin/Index/drag.html
INFO: [ app_init ] --START--
INFO: Run Behavior\BuildLiteBehavior [ RunTime:0.000017s ]
INFO: [ app_init ] --END-- [ RunTime:0.000507s ]
ERR: 无法加载模块:Public

[ 2018-09-27T19:28:04+08:00 ] 127.0.0.1 /zhuan6/lx/day1/Public/Admin/i/zhuan6/lx/day1/index.php/Admin/Index/drag.html
INFO: [ app_init ] --START--
INFO: Run Behavior\BuildLiteBehavior [ RunTime:0.000017s ]
INFO: [ app_init ] --END-- [ RunTime:0.000625s ]
ERR: 无法加载模块:Public

[ 2018-09-27T19:28:07+08:00 ] 127.0.0.1 /zhuan6/lx/day1/Public/Admin/users.php?act=add
INFO: [ app_init ] --START--
INFO: Run Behavior\BuildLiteBehavior [ RunTime:0.000012s ]
INFO: [ app_init ] --END-- [ RunTime:0.000375s ]
ERR: 无法加载模块:Public

[ 2018-09-27T19:29:49+08:00 ] 127.0.0.1 /zhuan6/lx/day1/Public/Admin/i/zhuan6/lx/day1/index.php/Admin/Index/drag.html
INFO: [ app_init ] --START--
INFO: Run Behavior\BuildLiteBehavior [ RunTime:0.000017s ]
INFO: [ app_init ] --END-- [ RunTime:0.000410s ]
ERR: 无法加载模块:Public

[ 2018-09-27T19:29:50+08:00 ] 127.0.0.1 /zhuan6/lx/day1/Public/Admin/user_account_manage.php?act=list
INFO: [ app_init ] --START--
INFO: Run Behavior\BuildLiteBehavior [ RunTime:0.000012s ]
INFO: [ app_init ] --END-- [ RunTime:0.000356s ]
ERR: 无法加载模块:Public

[ 2018-09-27T19:30:11+08:00 ] 127.0.0.1 /zhuan6/lx/day1/Public/Admin/i/zhuan6/lx/day1/index.php/Admin/Index/drag.html
INFO: [ app_init ] --START--
INFO: Run Behavior\BuildLiteBehavior [ RunTime:0.000015s ]
INFO: [ app_init ] --END-- [ RunTime:0.000634s ]
ERR: 无法加载模块:Public

[ 2018-09-27T19:33:38+08:00 ] 127.0.0.1 /zhuan6/lx/day1/Public/Admin/i/zhuan6/lx/day1/index.php/Admin/Index/drag.html
INFO: [ app_init ] --START--
INFO: Run Behavior\BuildLiteBehavior [ RunTime:0.000016s ]
INFO: [ app_init ] --END-- [ RunTime:0.000612s ]
ERR: 无法加载模块:Public

[ 2018-09-27T19:33:39+08:00 ] 127.0.0.1 /zhuan6/lx/day1/Public/Admin/i/zhuan6/lx/day1/index.php/Admin/Index/drag.html
INFO: [ app_init ] --START--
INFO: Run Behavior\BuildLiteBehavior [ RunTime:0.000017s ]
INFO: [ app_init ] --END-- [ RunTime:0.000517s ]
ERR: 无法加载模块:Public

[ 2018-09-27T19:34:43+08:00 ] 127.0.0.1 /zhuan6/lx/day1/Public/Admin/i/zhuan6/lx/day1/index.php/Admin/Index/drag.html
INFO: [ app_init ] --START--
INFO: Run Behavior\BuildLiteBehavior [ RunTime:0.000019s ]
INFO: [ app_init ] --END-- [ RunTime:0.000547s ]
ERR: 无法加载模块:Public

[ 2018-09-27T19:35:37+08:00 ] 127.0.0.1 /zhuan6/lx/day1/Public/Admin/i/zhuan6/lx/day1/index.php/Admin/Index/drag.html
INFO: [ app_init ] --START--
INFO: Run Behavior\BuildLiteBehavior [ RunTime:0.000015s ]
INFO: [ app_init ] --END-- [ RunTime:0.000607s ]
ERR: 无法加载模块:Public

[ 2018-09-27T19:35:38+08:00 ] 127.0.0.1 /zhuan6/lx/day1/Public/Admin/i/zhuan6/lx/day1/index.php/Admin/Index/drag.html
INFO: [ app_init ] --START--
INFO: Run Behavior\BuildLiteBehavior [ RunTime:0.000028s ]
INFO: [ app_init ] --END-- [ RunTime:0.006586s ]
ERR: 无法加载模块:Public

[ 2018-09-27T19:41:59+08:00 ] 127.0.0.1 /zhuan6/lx/day1/Public/Admin/i/zhuan6/lx/day1/index.php/Admin/Index/drag.html
INFO: [ app_init ] --START--
INFO: Run Behavior\BuildLiteBehavior [ RunTime:0.000017s ]
INFO: [ app_init ] --END-- [ RunTime:0.000600s ]
ERR: 无法加载模块:Public

[ 2018-09-27T19:42:00+08:00 ] 127.0.0.1 /zhuan6/lx/day1/Public/Admin/i/zhuan6/lx/day1/index.php/Admin/Index/drag.html
INFO: [ app_init ] --START--
INFO: Run Behavior\BuildLiteBehavior [ RunTime:0.000017s ]
INFO: [ app_init ] --END-- [ RunTime:0.000503s ]
ERR: 无法加载模块:Public

[ 2018-09-27T19:42:05+08:00 ] 127.0.0.1 /zhuan6/lx/day1/Public/Admin/i/zhuan6/lx/day1/index.php/Admin/Index/drag.html
INFO: [ app_init ] --START--
INFO: Run Behavior\BuildLiteBehavior [ RunTime:0.000053s ]
INFO: [ app_init ] --END-- [ RunTime:0.000613s ]
ERR: 无法加载模块:Public

[ 2018-09-27T19:45:22+08:00 ] 127.0.0.1 /zhuan6/lx/day1/Public/Admin/i/zhuan6/lx/day1/index.php/Admin/Index/drag.html
INFO: [ app_init ] --START--
INFO: Run Behavior\BuildLiteBehavior [ RunTime:0.000018s ]
INFO: [ app_init ] --END-- [ RunTime:0.000637s ]
ERR: 无法加载模块:Public

[ 2018-09-27T19:45:39+08:00 ] 127.0.0.1 /zhuan6/lx/day1/Public/Admin/i/zhuan6/lx/day1/index.php/Admin/Index/drag.html
INFO: [ app_init ] --START--
INFO: Run Behavior\BuildLiteBehavior [ RunTime:0.000139s ]
INFO: [ app_init ] --END-- [ RunTime:0.000757s ]
ERR: 无法加载模块:Public

[ 2018-09-27T19:46:16+08:00 ] 127.0.0.1 /zhuan6/lx/day1/Public/Admin/shop_config.php?act=list_edit
INFO: [ app_init ] --START--
INFO: Run Behavior\BuildLiteBehavior [ RunTime:0.000012s ]
INFO: [ app_init ] --END-- [ RunTime:0.000467s ]
ERR: 无法加载模块:Public

[ 2018-09-27T19:57:28+08:00 ] 127.0.0.1 /zhuan6/lx/day1/Public/Admin/i/zhuan6/lx/day1/index.php/Admin/Index/drag.html
INFO: [ app_init ] --START--
INFO: Run Behavior\BuildLiteBehavior [ RunTime:0.000018s ]
INFO: [ app_init ] --END-- [ RunTime:0.000630s ]
ERR: 无法加载模块:Public

[ 2018-09-27T19:57:55+08:00 ] 127.0.0.1 /zhuan6/lx/day1/Public/Admin/i/zhuan6/lx/day1/index.php/Admin/Index/drag.html
INFO: [ app_init ] --START--
INFO: Run Behavior\BuildLiteBehavior [ RunTime:0.000013s ]
INFO: [ app_init ] --END-- [ RunTime:0.000713s ]
ERR: 无法加载模块:Public

[ 2018-09-27T20:00:03+08:00 ] 127.0.0.1 /zhuan6/lx/day1/Public/Admin/i/zhuan6/lx/day1/index.php/Admin/Index/drag.html
INFO: [ app_init ] --START--
INFO: Run Behavior\BuildLiteBehavior [ RunTime:0.000040s ]
INFO: [ app_init ] --END-- [ RunTime:0.000975s ]
ERR: 无法加载模块:Public

[ 2018-09-27T20:01:45+08:00 ] 127.0.0.1 /zhuan6/lx/day1/Public/Admin/i/zhuan6/lx/day1/index.php/Admin/Index/drag.html
INFO: [ app_init ] --START--
INFO: Run Behavior\BuildLiteBehavior [ RunTime:0.000018s ]
INFO: [ app_init ] --END-- [ RunTime:0.000495s ]
ERR: 无法加载模块:Public

[ 2018-09-27T20:02:22+08:00 ] 127.0.0.1 /zhuan6/lx/day1/Public/Admin/i/zhuan6/lx/day1/index.php/Admin/Index/drag.html
INFO: [ app_init ] --START--
INFO: Run Behavior\BuildLiteBehavior [ RunTime:0.000019s ]
INFO: [ app_init ] --END-- [ RunTime:0.001919s ]
ERR: 无法加载模块:Public

[ 2018-09-27T20:21:50+08:00 ] 127.0.0.1 /zhuan6/lx/day1/Public/Admin/i/zhuan6/lx/day1/index.php/Admin/Index/drag.html
INFO: [ app_init ] --START--
INFO: Run Behavior\BuildLiteBehavior [ RunTime:0.000019s ]
INFO: [ app_init ] --END-- [ RunTime:0.000766s ]
ERR: 无法加载模块:Public

[ 2018-09-27T20:22:28+08:00 ] 127.0.0.1 /zhuan6/lx/day1/Public/Admin/i/zhuan6/lx/day1/index.php/Admin/Index/drag.html
INFO: [ app_init ] --START--
INFO: Run Behavior\BuildLiteBehavior [ RunTime:0.000017s ]
INFO: [ app_init ] --END-- [ RunTime:0.000613s ]
ERR: 无法加载模块:Public

[ 2018-09-27T20:27:10+08:00 ] 127.0.0.1 /zhuan6/lx/day1/Public/Admin/i/zhuan6/lx/day1/index.php/Admin/Index/drag.html
INFO: [ app_init ] --START--
INFO: Run Behavior\BuildLiteBehavior [ RunTime:0.000051s ]
INFO: [ app_init ] --END-- [ RunTime:0.001310s ]
ERR: 无法加载模块:Public

[ 2018-09-27T20:36:55+08:00 ] 127.0.0.1 /zhuan6/lx/day1/Public/Admin/i/zhuan6/lx/day1/index.php/Admin/Index/drag.html
INFO: [ app_init ] --START--
INFO: Run Behavior\BuildLiteBehavior [ RunTime:0.000016s ]
INFO: [ app_init ] --END-- [ RunTime:0.000631s ]
ERR: 无法加载模块:Public

[ 2018-09-27T20:39:29+08:00 ] 127.0.0.1 /zhuan6/lx/day1/Public/Admin/i/zhuan6/lx/day1/index.php/Admin/Index/drag.html
INFO: [ app_init ] --START--
INFO: Run Behavior\BuildLiteBehavior [ RunTime:0.000017s ]
INFO: [ app_init ] --END-- [ RunTime:0.000630s ]
ERR: 无法加载模块:Public

[ 2018-09-27T20:40:06+08:00 ] 127.0.0.1 /zhuan6/lx/day1/Public/Admin/i/zhuan6/lx/day1/index.php/Admin/Index/drag.html
INFO: [ app_init ] --START--
INFO: Run Behavior\BuildLiteBehavior [ RunTime:0.000015s ]
INFO: [ app_init ] --END-- [ RunTime:0.000464s ]
ERR: 无法加载模块:Public

[ 2018-09-27T20:42:12+08:00 ] 127.0.0.1 /zhuan6/lx/day1/Public/Admin/i/zhuan6/lx/day1/index.php/Admin/Index/drag.html
INFO: [ app_init ] --START--
INFO: Run Behavior\BuildLiteBehavior [ RunTime:0.000018s ]
INFO: [ app_init ] --END-- [ RunTime:0.000733s ]
ERR: 无法加载模块:Public

[ 2018-09-27T20:47:18+08:00 ] 127.0.0.1 /zhuan6/lx/day1/Public/Admin/i/zhuan6/lx/day1/index.php/Admin/Index/drag.html
INFO: [ app_init ] --START--
INFO: Run Behavior\BuildLiteBehavior [ RunTime:0.000018s ]
INFO: [ app_init ] --END-- [ RunTime:0.000755s ]
ERR: 无法加载模块:Public

[ 2018-09-27T20:53:46+08:00 ] 127.0.0.1 /zhuan6/lx/day1/Public/Admin/i/zhuan6/lx/day1/index.php/Admin/Index/drag.html
INFO: [ app_init ] --START--
INFO: Run Behavior\BuildLiteBehavior [ RunTime:0.000023s ]
INFO: [ app_init ] --END-- [ RunTime:0.000756s ]
ERR: 无法加载模块:Public

[ 2018-09-27T20:56:42+08:00 ] 127.0.0.1 /zhuan6/lx/day1/Public/Admin/i/zhuan6/lx/day1/index.php/Admin/Index/drag.html
INFO: [ app_init ] --START--
INFO: Run Behavior\BuildLiteBehavior [ RunTime:0.000017s ]
INFO: [ app_init ] --END-- [ RunTime:0.000652s ]
ERR: 无法加载模块:Public

[ 2018-09-27T21:05:48+08:00 ] 127.0.0.1 /zhuan6/lx/day1/Public/Admin/i/zhuan6/lx/day1/index.php/Admin/Index/drag.html
INFO: [ app_init ] --START--
INFO: Run Behavior\BuildLiteBehavior [ RunTime:0.000012s ]
INFO: [ app_init ] --END-- [ RunTime:0.000589s ]
ERR: 无法加载模块:Public

[ 2018-09-27T21:07:08+08:00 ] 127.0.0.1 /zhuan6/lx/day1/Public/Admin/i/zhuan6/lx/day1/index.php/Admin/Index/drag.html
INFO: [ app_init ] --START--
INFO: Run Behavior\BuildLiteBehavior [ RunTime:0.000017s ]
INFO: [ app_init ] --END-- [ RunTime:0.000493s ]
ERR: 无法加载模块:Public

[ 2018-09-27T21:10:37+08:00 ] 127.0.0.1 /zhuan6/lx/day1/Public/Admin/i/zhuan6/lx/day1/index.php/Admin/Index/drag.html
INFO: [ app_init ] --START--
INFO: Run Behavior\BuildLiteBehavior [ RunTime:0.000017s ]
INFO: [ app_init ] --END-- [ RunTime:0.000613s ]
ERR: 无法加载模块:Public

[ 2018-09-27T21:11:15+08:00 ] 127.0.0.1 /zhuan6/lx/day1/Public/Admin/i/zhuan6/lx/day1/index.php/Admin/Index/drag.html
INFO: [ app_init ] --START--
INFO: Run Behavior\BuildLiteBehavior [ RunTime:0.000014s ]
INFO: [ app_init ] --END-- [ RunTime:0.000647s ]
ERR: 无法加载模块:Public

[ 2018-09-27T21:12:53+08:00 ] 127.0.0.1 /zhuan6/lx/day1/Public/Admin/i/zhuan6/lx/day1/index.php/Admin/Index/drag.html
INFO: [ app_init ] --START--
INFO: Run Behavior\BuildLiteBehavior [ RunTime:0.000018s ]
INFO: [ app_init ] --END-- [ RunTime:0.000535s ]
ERR: 无法加载模块:Public

[ 2018-09-27T21:13:26+08:00 ] 127.0.0.1 /zhuan6/lx/day1/Public/Admin/i/zhuan6/lx/day1/index.php/Admin/Index/drag.html
INFO: [ app_init ] --START--
INFO: Run Behavior\BuildLiteBehavior [ RunTime:0.000019s ]
INFO: [ app_init ] --END-- [ RunTime:0.000499s ]
ERR: 无法加载模块:Public

[ 2018-09-27T21:13:50+08:00 ] 127.0.0.1 /zhuan6/lx/day1/Public/Admin/i/zhuan6/lx/day1/index.php/Admin/Index/drag.html
INFO: [ app_init ] --START--
INFO: Run Behavior\BuildLiteBehavior [ RunTime:0.000012s ]
INFO: [ app_init ] --END-- [ RunTime:0.000459s ]
ERR: 无法加载模块:Public

[ 2018-09-27T21:13:51+08:00 ] 127.0.0.1 /zhuan6/lx/day1/Public/Admin/i/zhuan6/lx/day1/index.php/Admin/Index/drag.html
INFO: [ app_init ] --START--
INFO: Run Behavior\BuildLiteBehavior [ RunTime:0.000016s ]
INFO: [ app_init ] --END-- [ RunTime:0.000507s ]
ERR: 无法加载模块:Public

[ 2018-09-27T21:14:41+08:00 ] 127.0.0.1 /zhuan6/lx/day1/Public/Admin/i/zhuan6/lx/day1/index.php/Admin/Index/drag.html
INFO: [ app_init ] --START--
INFO: Run Behavior\BuildLiteBehavior [ RunTime:0.000020s ]
INFO: [ app_init ] --END-- [ RunTime:0.000515s ]
ERR: 无法加载模块:Public

[ 2018-09-27T21:15:22+08:00 ] 127.0.0.1 /zhuan6/lx/day1/Public/Admin/i/zhuan6/lx/day1/index.php/Admin/Index/drag.html
INFO: [ app_init ] --START--
INFO: Run Behavior\BuildLiteBehavior [ RunTime:0.000016s ]
INFO: [ app_init ] --END-- [ RunTime:0.000623s ]
ERR: 无法加载模块:Public

