[ 2018-10-07T15:29:39+08:00 ] 127.0.0.1 /zhuan6/lx/day1/index.php/Brand/index
INFO: [ app_init ] --START--
INFO: Run Behavior\BuildLiteBehavior [ RunTime:0.000018s ]
INFO: [ app_init ] --END-- [ RunTime:0.000948s ]
ERR: 无法加载模块:Brand

[ 2018-10-07T15:30:37+08:00 ] 127.0.0.1 /zhuan6/lx/day1/index.php/Brand/index
INFO: [ app_init ] --START--
INFO: Run Behavior\BuildLiteBehavior [ RunTime:0.000018s ]
INFO: [ app_init ] --END-- [ RunTime:0.000570s ]
ERR: 无法加载模块:Brand

[ 2018-10-07T15:30:38+08:00 ] 127.0.0.1 /zhuan6/lx/day1/index.php/Brand/index
INFO: [ app_init ] --START--
INFO: Run Behavior\BuildLiteBehavior [ RunTime:0.000014s ]
INFO: [ app_init ] --END-- [ RunTime:0.000358s ]
ERR: 无法加载模块:Brand

[ 2018-10-07T15:30:38+08:00 ] 127.0.0.1 /zhuan6/lx/day1/index.php/Brand/index
INFO: [ app_init ] --START--
INFO: Run Behavior\BuildLiteBehavior [ RunTime:0.000012s ]
INFO: [ app_init ] --END-- [ RunTime:0.000325s ]
ERR: 无法加载模块:Brand

[ 2018-10-07T15:30:40+08:00 ] 127.0.0.1 /zhuan6/lx/day1/index.php/Brand/index
INFO: [ app_init ] --START--
INFO: Run Behavior\BuildLiteBehavior [ RunTime:0.000012s ]
INFO: [ app_init ] --END-- [ RunTime:0.000328s ]
ERR: 无法加载模块:Brand

[ 2018-10-07T15:32:15+08:00 ] 127.0.0.1 /zhuan6/lx/day1/Public/Admin/i/zhuan6/lx/day1/index.php/Admin/Index/drag.html
INFO: [ app_init ] --START--
INFO: Run Behavior\BuildLiteBehavior [ RunTime:0.000017s ]
INFO: [ app_init ] --END-- [ RunTime:0.000459s ]
ERR: 无法加载模块:Public

[ 2018-10-07T15:34:40+08:00 ] 127.0.0.1 /zhuan6/lx/day1/Public/Admin/i/zhuan6/lx/day1/index.php/Admin/Index/drag.html
INFO: [ app_init ] --START--
INFO: Run Behavior\BuildLiteBehavior [ RunTime:0.000059s ]
INFO: [ app_init ] --END-- [ RunTime:0.001516s ]
ERR: 无法加载模块:Public

[ 2018-10-07T15:35:08+08:00 ] 127.0.0.1 /zhuan6/lx/day1/Public/Admin/i/zhuan6/lx/day1/index.php/Admin/Index/drag.html
INFO: [ app_init ] --START--
INFO: Run Behavior\BuildLiteBehavior [ RunTime:0.000036s ]
INFO: [ app_init ] --END-- [ RunTime:0.001293s ]
ERR: 无法加载模块:Public

[ 2018-10-07T15:36:11+08:00 ] 127.0.0.1 /zhuan6/lx/day1/Public/Admin/i/zhuan6/lx/day1/index.php/Admin/Index/drag.html
INFO: [ app_init ] --START--
INFO: Run Behavior\BuildLiteBehavior [ RunTime:0.000016s ]
INFO: [ app_init ] --END-- [ RunTime:0.000453s ]
ERR: 无法加载模块:Public

[ 2018-10-07T15:37:38+08:00 ] 127.0.0.1 /zhuan6/lx/day1/Public/Admin/i/zhuan6/lx/day1/index.php/Admin/Index/drag.html
INFO: [ app_init ] --START--
INFO: Run Behavior\BuildLiteBehavior [ RunTime:0.000020s ]
INFO: [ app_init ] --END-- [ RunTime:0.001115s ]
ERR: 无法加载模块:Public

[ 2018-10-07T15:37:51+08:00 ] 127.0.0.1 /zhuan6/lx/day1/Public/Admin/i/zhuan6/lx/day1/index.php/Admin/Index/drag.html
INFO: [ app_init ] --START--
INFO: Run Behavior\BuildLiteBehavior [ RunTime:0.000018s ]
INFO: [ app_init ] --END-- [ RunTime:0.000472s ]
ERR: 无法加载模块:Public

[ 2018-10-07T15:38:23+08:00 ] 127.0.0.1 /zhuan6/lx/day1/Public/Admin/i/zhuan6/lx/day1/index.php/Admin/Index/drag.html
INFO: [ app_init ] --START--
INFO: Run Behavior\BuildLiteBehavior [ RunTime:0.000018s ]
INFO: [ app_init ] --END-- [ RunTime:0.000458s ]
ERR: 无法加载模块:Public

[ 2018-10-07T15:38:58+08:00 ] 127.0.0.1 /zhuan6/lx/day1/Public/Admin/i/zhuan6/lx/day1/index.php/Admin/Index/drag.html
INFO: [ app_init ] --START--
INFO: Run Behavior\BuildLiteBehavior [ RunTime:0.000016s ]
INFO: [ app_init ] --END-- [ RunTime:0.000447s ]
ERR: 无法加载模块:Public

[ 2018-10-07T15:40:46+08:00 ] 127.0.0.1 /zhuan6/lx/day1/Public/Admin/i/zhuan6/lx/day1/index.php/Admin/Index/drag.html
INFO: [ app_init ] --START--
INFO: Run Behavior\BuildLiteBehavior [ RunTime:0.000018s ]
INFO: [ app_init ] --END-- [ RunTime:0.000575s ]
ERR: 无法加载模块:Public

[ 2018-10-07T15:42:31+08:00 ] 127.0.0.1 /zhuan6/lx/day1/Public/Admin/i/zhuan6/lx/day1/index.php/Admin/Index/drag.html
INFO: [ app_init ] --START--
INFO: Run Behavior\BuildLiteBehavior [ RunTime:0.000012s ]
INFO: [ app_init ] --END-- [ RunTime:0.000333s ]
ERR: 无法加载模块:Public

[ 2018-10-07T15:47:34+08:00 ] 127.0.0.1 /zhuan6/lx/day1/index.php/brand/add
INFO: [ app_init ] --START--
INFO: Run Behavior\BuildLiteBehavior [ RunTime:0.000012s ]
INFO: [ app_init ] --END-- [ RunTime:0.000340s ]
ERR: 无法加载模块:Brand

[ 2018-10-07T15:47:39+08:00 ] 127.0.0.1 /zhuan6/lx/day1/index.php/Brand/add
INFO: [ app_init ] --START--
INFO: Run Behavior\BuildLiteBehavior [ RunTime:0.000014s ]
INFO: [ app_init ] --END-- [ RunTime:0.000396s ]
ERR: 无法加载模块:Brand

[ 2018-10-07T15:47:55+08:00 ] 127.0.0.1 /zhuan6/lx/day1/Public/Admin/i/zhuan6/lx/day1/index.php/Admin/Index/drag.html
INFO: [ app_init ] --START--
INFO: Run Behavior\BuildLiteBehavior [ RunTime:0.000017s ]
INFO: [ app_init ] --END-- [ RunTime:0.001650s ]
ERR: 无法加载模块:Public

[ 2018-10-07T15:57:17+08:00 ] 127.0.0.1 /zhuan6/lx/day1/Public/Admin/i/zhuan6/lx/day1/index.php/Admin/Index/drag.html
INFO: [ app_init ] --START--
INFO: Run Behavior\BuildLiteBehavior [ RunTime:0.000016s ]
INFO: [ app_init ] --END-- [ RunTime:0.000555s ]
ERR: 无法加载模块:Public

[ 2018-10-07T15:59:14+08:00 ] 127.0.0.1 /zhuan6/lx/day1/Public/Admin/i/zhuan6/lx/day1/index.php/Admin/Index/drag.html
INFO: [ app_init ] --START--
INFO: Run Behavior\BuildLiteBehavior [ RunTime:0.000020s ]
INFO: [ app_init ] --END-- [ RunTime:0.000480s ]
ERR: 无法加载模块:Public

[ 2018-10-07T15:59:39+08:00 ] 127.0.0.1 /zhuan6/lx/day1/Public/Admin/i/zhuan6/lx/day1/index.php/Admin/Index/drag.html
INFO: [ app_init ] --START--
INFO: Run Behavior\BuildLiteBehavior [ RunTime:0.000017s ]
INFO: [ app_init ] --END-- [ RunTime:0.000464s ]
ERR: 无法加载模块:Public

[ 2018-10-07T15:59:43+08:00 ] 127.0.0.1 /zhuan6/lx/day1/Public/Admin/i/zhuan6/lx/day1/index.php/Admin/Index/drag.html
INFO: [ app_init ] --START--
INFO: Run Behavior\BuildLiteBehavior [ RunTime:0.000016s ]
INFO: [ app_init ] --END-- [ RunTime:0.000452s ]
ERR: 无法加载模块:Public

[ 2018-10-07T16:03:27+08:00 ] 127.0.0.1 /zhuan6/lx/day1/Public/Admin/i/zhuan6/lx/day1/index.php/Admin/Index/drag.html
INFO: [ app_init ] --START--
INFO: Run Behavior\BuildLiteBehavior [ RunTime:0.000020s ]
INFO: [ app_init ] --END-- [ RunTime:0.000907s ]
ERR: 无法加载模块:Public

[ 2018-10-07T16:34:37+08:00 ] 127.0.0.1 /zhuan6/lx/day1/Public/Admin/i/zhuan6/lx/day1/index.php/Admin/Index/drag.html
INFO: [ app_init ] --START--
INFO: Run Behavior\BuildLiteBehavior [ RunTime:0.000012s ]
INFO: [ app_init ] --END-- [ RunTime:0.000411s ]
ERR: 无法加载模块:Public

[ 2018-10-07T16:35:17+08:00 ] 127.0.0.1 /zhuan6/lx/day1/Public/Admin/i/zhuan6/lx/day1/index.php/Admin/Index/drag.html
INFO: [ app_init ] --START--
INFO: Run Behavior\BuildLiteBehavior [ RunTime:0.000017s ]
INFO: [ app_init ] --END-- [ RunTime:0.000542s ]
ERR: 无法加载模块:Public

[ 2018-10-07T16:35:49+08:00 ] 127.0.0.1 /zhuan6/lx/day1/Public/Admin/i/zhuan6/lx/day1/index.php/Admin/Index/drag.html
INFO: [ app_init ] --START--
INFO: Run Behavior\BuildLiteBehavior [ RunTime:0.000021s ]
INFO: [ app_init ] --END-- [ RunTime:0.001734s ]
ERR: 无法加载模块:Public

[ 2018-10-07T16:37:20+08:00 ] 127.0.0.1 /zhuan6/lx/day1/Public/Admin/i/zhuan6/lx/day1/index.php/Admin/Index/drag.html
INFO: [ app_init ] --START--
INFO: Run Behavior\BuildLiteBehavior [ RunTime:0.000070s ]
INFO: [ app_init ] --END-- [ RunTime:0.002643s ]
ERR: 无法加载模块:Public

[ 2018-10-07T16:43:35+08:00 ] 127.0.0.1 /zhuan6/lx/day1/Public/Admin/i/zhuan6/lx/day1/index.php/Admin/Index/drag.html
INFO: [ app_init ] --START--
INFO: Run Behavior\BuildLiteBehavior [ RunTime:0.000014s ]
INFO: [ app_init ] --END-- [ RunTime:0.000685s ]
ERR: 无法加载模块:Public

[ 2018-10-07T16:43:37+08:00 ] 127.0.0.1 /zhuan6/lx/day1//Public/Uploads/2018/1
INFO: [ app_init ] --START--
INFO: Run Behavior\BuildLiteBehavior [ RunTime:0.000019s ]
INFO: [ app_init ] --END-- [ RunTime:0.000489s ]
ERR: 无法加载模块:Public

[ 2018-10-07T16:43:37+08:00 ] 127.0.0.1 /zhuan6/lx/day1//Public/Uploads/2018/1
INFO: [ app_init ] --START--
INFO: Run Behavior\BuildLiteBehavior [ RunTime:0.000012s ]
INFO: [ app_init ] --END-- [ RunTime:0.000397s ]
ERR: 无法加载模块:Public

[ 2018-10-07T16:43:38+08:00 ] 127.0.0.1 /zhuan6/lx/day1//Public/Uploads/2018/1
INFO: [ app_init ] --START--
INFO: Run Behavior\BuildLiteBehavior [ RunTime:0.000014s ]
INFO: [ app_init ] --END-- [ RunTime:0.000515s ]
ERR: 无法加载模块:Public

[ 2018-10-07T16:43:39+08:00 ] 127.0.0.1 /zhuan6/lx/day1/Public/data/brandlogo/1240803062307572427.gif
INFO: [ app_init ] --START--
INFO: Run Behavior\BuildLiteBehavior [ RunTime:0.000017s ]
INFO: [ app_init ] --END-- [ RunTime:0.000424s ]
ERR: 无法加载模块:Public

[ 2018-10-07T16:45:48+08:00 ] 127.0.0.1 /zhuan6/lx/day1/Public/Admin/i/zhuan6/lx/day1/index.php/Admin/Index/drag.html
INFO: [ app_init ] --START--
INFO: Run Behavior\BuildLiteBehavior [ RunTime:0.000016s ]
INFO: [ app_init ] --END-- [ RunTime:0.003799s ]
ERR: 无法加载模块:Public

[ 2018-10-07T16:45:49+08:00 ] 127.0.0.1 /zhuan6/lx/day1//Public/Uploads/2018/1
INFO: [ app_init ] --START--
INFO: Run Behavior\BuildLiteBehavior [ RunTime:0.000013s ]
INFO: [ app_init ] --END-- [ RunTime:0.000438s ]
ERR: 无法加载模块:Public

[ 2018-10-07T16:45:49+08:00 ] 127.0.0.1 /zhuan6/lx/day1//Public/Uploads/2018/1
INFO: [ app_init ] --START--
INFO: Run Behavior\BuildLiteBehavior [ RunTime:0.000012s ]
INFO: [ app_init ] --END-- [ RunTime:0.000388s ]
ERR: 无法加载模块:Public

[ 2018-10-07T16:45:50+08:00 ] 127.0.0.1 /zhuan6/lx/day1//Public/Uploads/2018/1
INFO: [ app_init ] --START--
INFO: Run Behavior\BuildLiteBehavior [ RunTime:0.000012s ]
INFO: [ app_init ] --END-- [ RunTime:0.000398s ]
ERR: 无法加载模块:Public

[ 2018-10-07T16:46:46+08:00 ] 127.0.0.1 /zhuan6/lx/day1/Public/Admin/i/zhuan6/lx/day1/index.php/Admin/Index/drag.html
INFO: [ app_init ] --START--
INFO: Run Behavior\BuildLiteBehavior [ RunTime:0.000036s ]
INFO: [ app_init ] --END-- [ RunTime:0.001673s ]
ERR: 无法加载模块:Public

[ 2018-10-07T16:46:47+08:00 ] 127.0.0.1 /zhuan6/lx/day1/Public/Uploads/2018/1
INFO: [ app_init ] --START--
INFO: Run Behavior\BuildLiteBehavior [ RunTime:0.000012s ]
INFO: [ app_init ] --END-- [ RunTime:0.000398s ]
ERR: 无法加载模块:Public

[ 2018-10-07T16:46:47+08:00 ] 127.0.0.1 /zhuan6/lx/day1/Public/Uploads/2018/1
INFO: [ app_init ] --START--
INFO: Run Behavior\BuildLiteBehavior [ RunTime:0.000012s ]
INFO: [ app_init ] --END-- [ RunTime:0.000393s ]
ERR: 无法加载模块:Public

[ 2018-10-07T16:46:48+08:00 ] 127.0.0.1 /zhuan6/lx/day1/Public/Uploads/2018/1
INFO: [ app_init ] --START--
INFO: Run Behavior\BuildLiteBehavior [ RunTime:0.000018s ]
INFO: [ app_init ] --END-- [ RunTime:0.000455s ]
ERR: 无法加载模块:Public

[ 2018-10-07T16:46:48+08:00 ] 127.0.0.1 /zhuan6/lx/day1/Public/Uploads/2018/1
INFO: [ app_init ] --START--
INFO: Run Behavior\BuildLiteBehavior [ RunTime:0.000020s ]
INFO: [ app_init ] --END-- [ RunTime:0.001325s ]
ERR: 无法加载模块:Public

[ 2018-10-07T16:46:49+08:00 ] 127.0.0.1 /zhuan6/lx/day1/Public/Uploads/2018/1
INFO: [ app_init ] --START--
INFO: Run Behavior\BuildLiteBehavior [ RunTime:0.000021s ]
INFO: [ app_init ] --END-- [ RunTime:0.000657s ]
ERR: 无法加载模块:Public

[ 2018-10-07T16:48:09+08:00 ] 127.0.0.1 /zhuan6/lx/day1/Public/Admin/i/zhuan6/lx/day1/index.php/Admin/Index/drag.html
INFO: [ app_init ] --START--
INFO: Run Behavior\BuildLiteBehavior [ RunTime:0.000018s ]
INFO: [ app_init ] --END-- [ RunTime:0.000531s ]
ERR: 无法加载模块:Public

[ 2018-10-07T16:49:54+08:00 ] 127.0.0.1 /zhuan6/lx/day1/Public/Admin/i/zhuan6/lx/day1/index.php/Admin/Index/drag.html
INFO: [ app_init ] --START--
INFO: Run Behavior\BuildLiteBehavior [ RunTime:0.000017s ]
INFO: [ app_init ] --END-- [ RunTime:0.000537s ]
ERR: 无法加载模块:Public

[ 2018-10-07T16:50:44+08:00 ] 127.0.0.1 /zhuan6/lx/day1/Public/Admin/i/zhuan6/lx/day1/index.php/Admin/Index/drag.html
INFO: [ app_init ] --START--
INFO: Run Behavior\BuildLiteBehavior [ RunTime:0.000017s ]
INFO: [ app_init ] --END-- [ RunTime:0.000633s ]
ERR: 无法加载模块:Public

[ 2018-10-07T16:52:52+08:00 ] 127.0.0.1 /zhuan6/lx/day1/Public/Admin/i/zhuan6/lx/day1/index.php/Admin/Index/drag.html
INFO: [ app_init ] --START--
INFO: Run Behavior\BuildLiteBehavior [ RunTime:0.000022s ]
INFO: [ app_init ] --END-- [ RunTime:0.000742s ]
ERR: 无法加载模块:Public

[ 2018-10-07T16:52:53+08:00 ] 127.0.0.1 /zhuan6/lx/day1/Public/Admin/i/zhuan6/lx/day1/index.php/Admin/Index/drag.html
INFO: [ app_init ] --START--
INFO: Run Behavior\BuildLiteBehavior [ RunTime:0.000019s ]
INFO: [ app_init ] --END-- [ RunTime:0.000624s ]
ERR: 无法加载模块:Public

[ 2018-10-07T16:54:31+08:00 ] 127.0.0.1 /zhuan6/lx/day1/Public/Admin/i/zhuan6/lx/day1/index.php/Admin/Index/drag.html
INFO: [ app_init ] --START--
INFO: Run Behavior\BuildLiteBehavior [ RunTime:0.000017s ]
INFO: [ app_init ] --END-- [ RunTime:0.000550s ]
ERR: 无法加载模块:Public

[ 2018-10-07T16:55:22+08:00 ] 127.0.0.1 /zhuan6/lx/day1/Public/Admin/i/zhuan6/lx/day1/index.php/Admin/Index/drag.html
INFO: [ app_init ] --START--
INFO: Run Behavior\BuildLiteBehavior [ RunTime:0.000015s ]
INFO: [ app_init ] --END-- [ RunTime:0.000646s ]
ERR: 无法加载模块:Public

[ 2018-10-07T16:55:33+08:00 ] 127.0.0.1 /zhuan6/lx/day1/Public/admin/brand.php?act=list
INFO: [ app_init ] --START--
INFO: Run Behavior\BuildLiteBehavior [ RunTime:0.000012s ]
INFO: [ app_init ] --END-- [ RunTime:0.000913s ]
ERR: 无法加载模块:Public

[ 2018-10-07T16:55:37+08:00 ] 127.0.0.1 /zhuan6/lx/day1/Public/admin/brand.php?act=list
INFO: [ app_init ] --START--
INFO: Run Behavior\BuildLiteBehavior [ RunTime:0.000013s ]
INFO: [ app_init ] --END-- [ RunTime:0.000952s ]
ERR: 无法加载模块:Public

[ 2018-10-07T16:55:49+08:00 ] 127.0.0.1 /zhuan6/lx/day1/Public/Admin/i/zhuan6/lx/day1/index.php/Admin/Index/drag.html
INFO: [ app_init ] --START--
INFO: Run Behavior\BuildLiteBehavior [ RunTime:0.000020s ]
INFO: [ app_init ] --END-- [ RunTime:0.002870s ]
ERR: 无法加载模块:Public

[ 2018-10-07T16:57:50+08:00 ] 127.0.0.1 /zhuan6/lx/day1/Public/Admin/i/zhuan6/lx/day1/index.php/Admin/Index/drag.html
INFO: [ app_init ] --START--
INFO: Run Behavior\BuildLiteBehavior [ RunTime:0.000014s ]
INFO: [ app_init ] --END-- [ RunTime:0.000540s ]
ERR: 无法加载模块:Public

[ 2018-10-07T16:58:42+08:00 ] 127.0.0.1 /zhuan6/lx/day1/Public/Admin/i/zhuan6/lx/day1/index.php/Admin/Index/drag.html
INFO: [ app_init ] --START--
INFO: Run Behavior\BuildLiteBehavior [ RunTime:0.000014s ]
INFO: [ app_init ] --END-- [ RunTime:0.000516s ]
ERR: 无法加载模块:Public

[ 2018-10-07T17:00:22+08:00 ] 127.0.0.1 /zhuan6/lx/day1/Public/Admin/i/zhuan6/lx/day1/index.php/Admin/Index/drag.html
INFO: [ app_init ] --START--
INFO: Run Behavior\BuildLiteBehavior [ RunTime:0.000019s ]
INFO: [ app_init ] --END-- [ RunTime:0.000643s ]
ERR: 无法加载模块:Public

[ 2018-10-07T17:00:44+08:00 ] 127.0.0.1 /zhuan6/lx/day1/Public/Admin/i/zhuan6/lx/day1/index.php/Admin/Index/drag.html
INFO: [ app_init ] --START--
INFO: Run Behavior\BuildLiteBehavior [ RunTime:0.000019s ]
INFO: [ app_init ] --END-- [ RunTime:0.000640s ]
ERR: 无法加载模块:Public

[ 2018-10-07T18:40:01+08:00 ] 127.0.0.1 /zhuan6/lx/day1/Public/Admin/i/zhuan6/lx/day1/index.php/Admin/Index/drag.html
INFO: [ app_init ] --START--
INFO: Run Behavior\BuildLiteBehavior [ RunTime:0.000019s ]
INFO: [ app_init ] --END-- [ RunTime:0.000577s ]
ERR: 无法加载模块:Public

[ 2018-10-07T18:40:40+08:00 ] 127.0.0.1 /zhuan6/lx/day1/Public/Admin/i/zhuan6/lx/day1/index.php/Admin/Index/drag.html
INFO: [ app_init ] --START--
INFO: Run Behavior\BuildLiteBehavior [ RunTime:0.000018s ]
INFO: [ app_init ] --END-- [ RunTime:0.000602s ]
ERR: 无法加载模块:Public

[ 2018-10-07T18:41:01+08:00 ] 127.0.0.1 /zhuan6/lx/day1/Public/Admin/i/zhuan6/lx/day1/index.php/Admin/Index/drag.html
INFO: [ app_init ] --START--
INFO: Run Behavior\BuildLiteBehavior [ RunTime:0.000020s ]
INFO: [ app_init ] --END-- [ RunTime:0.001188s ]
ERR: 无法加载模块:Public

[ 2018-10-07T18:45:55+08:00 ] 127.0.0.1 /zhuan6/lx/day1/Public/Admin/i/zhuan6/lx/day1/index.php/Admin/Index/drag.html
INFO: [ app_init ] --START--
INFO: Run Behavior\BuildLiteBehavior [ RunTime:0.000051s ]
INFO: [ app_init ] --END-- [ RunTime:0.000903s ]
ERR: 无法加载模块:Public

[ 2018-10-07T18:46:52+08:00 ] 127.0.0.1 /zhuan6/lx/day1/Public/Admin/i/zhuan6/lx/day1/index.php/Admin/Index/drag.html
INFO: [ app_init ] --START--
INFO: Run Behavior\BuildLiteBehavior [ RunTime:0.000017s ]
INFO: [ app_init ] --END-- [ RunTime:0.000665s ]
ERR: 无法加载模块:Public

[ 2018-10-07T18:51:05+08:00 ] 127.0.0.1 /zhuan6/lx/day1/Public/Admin/i/zhuan6/lx/day1/index.php/Admin/Index/drag.html
INFO: [ app_init ] --START--
INFO: Run Behavior\BuildLiteBehavior [ RunTime:0.000020s ]
INFO: [ app_init ] --END-- [ RunTime:0.000656s ]
ERR: 无法加载模块:Public

[ 2018-10-07T18:51:45+08:00 ] 127.0.0.1 /zhuan6/lx/day1/Public/Admin/i/zhuan6/lx/day1/index.php/Admin/Index/drag.html
INFO: [ app_init ] --START--
INFO: Run Behavior\BuildLiteBehavior [ RunTime:0.000017s ]
INFO: [ app_init ] --END-- [ RunTime:0.000662s ]
ERR: 无法加载模块:Public

[ 2018-10-07T18:52:18+08:00 ] 127.0.0.1 /zhuan6/lx/day1/Public/Admin/i/zhuan6/lx/day1/index.php/Admin/Index/drag.html
INFO: [ app_init ] --START--
INFO: Run Behavior\BuildLiteBehavior [ RunTime:0.000016s ]
INFO: [ app_init ] --END-- [ RunTime:0.000539s ]
ERR: 无法加载模块:Public

[ 2018-10-07T18:53:26+08:00 ] 127.0.0.1 /zhuan6/lx/day1/Public/Admin/i/zhuan6/lx/day1/index.php/Admin/Index/drag.html
INFO: [ app_init ] --START--
INFO: Run Behavior\BuildLiteBehavior [ RunTime:0.000011s ]
INFO: [ app_init ] --END-- [ RunTime:0.000461s ]
ERR: 无法加载模块:Public

[ 2018-10-07T18:55:27+08:00 ] 127.0.0.1 /zhuan6/lx/day1/Public/Admin/i/zhuan6/lx/day1/index.php/Admin/Index/drag.html
INFO: [ app_init ] --START--
INFO: Run Behavior\BuildLiteBehavior [ RunTime:0.000014s ]
INFO: [ app_init ] --END-- [ RunTime:0.000494s ]
ERR: 无法加载模块:Public

[ 2018-10-07T18:55:57+08:00 ] 127.0.0.1 /zhuan6/lx/day1/Public/Admin/i/zhuan6/lx/day1/index.php/Admin/Index/drag.html
INFO: [ app_init ] --START--
INFO: Run Behavior\BuildLiteBehavior [ RunTime:0.000019s ]
INFO: [ app_init ] --END-- [ RunTime:0.000548s ]
ERR: 无法加载模块:Public

[ 2018-10-07T18:56:20+08:00 ] 127.0.0.1 /zhuan6/lx/day1/Public/Admin/i/zhuan6/lx/day1/index.php/Admin/Index/drag.html
INFO: [ app_init ] --START--
INFO: Run Behavior\BuildLiteBehavior [ RunTime:0.000020s ]
INFO: [ app_init ] --END-- [ RunTime:0.000755s ]
ERR: 无法加载模块:Public

[ 2018-10-07T18:57:03+08:00 ] 127.0.0.1 /zhuan6/lx/day1/Public/Admin/i/zhuan6/lx/day1/index.php/Admin/Index/drag.html
INFO: [ app_init ] --START--
INFO: Run Behavior\BuildLiteBehavior [ RunTime:0.000013s ]
INFO: [ app_init ] --END-- [ RunTime:0.000446s ]
ERR: 无法加载模块:Public

[ 2018-10-07T18:57:03+08:00 ] 127.0.0.1 /zhuan6/lx/day1/Public/Admin/i/zhuan6/lx/day1/index.php/Admin/Index/drag.html
INFO: [ app_init ] --START--
INFO: Run Behavior\BuildLiteBehavior [ RunTime:0.000017s ]
INFO: [ app_init ] --END-- [ RunTime:0.000556s ]
ERR: 无法加载模块:Public

[ 2018-10-07T18:57:03+08:00 ] 127.0.0.1 /zhuan6/lx/day1/Public/Admin/i/zhuan6/lx/day1/index.php/Admin/Index/drag.html
INFO: [ app_init ] --START--
INFO: Run Behavior\BuildLiteBehavior [ RunTime:0.000012s ]
INFO: [ app_init ] --END-- [ RunTime:0.000462s ]
ERR: 无法加载模块:Public

[ 2018-10-07T18:57:03+08:00 ] 127.0.0.1 /zhuan6/lx/day1/Public/Admin/i/zhuan6/lx/day1/index.php/Admin/Index/drag.html
INFO: [ app_init ] --START--
INFO: Run Behavior\BuildLiteBehavior [ RunTime:0.000019s ]
INFO: [ app_init ] --END-- [ RunTime:0.000558s ]
ERR: 无法加载模块:Public

[ 2018-10-07T18:57:48+08:00 ] 127.0.0.1 /zhuan6/lx/day1/Public/Admin/i/zhuan6/lx/day1/index.php/Admin/Index/drag.html
INFO: [ app_init ] --START--
INFO: Run Behavior\BuildLiteBehavior [ RunTime:0.000017s ]
INFO: [ app_init ] --END-- [ RunTime:0.000559s ]
ERR: 无法加载模块:Public

[ 2018-10-07T18:57:49+08:00 ] 127.0.0.1 /zhuan6/lx/day1/Public/Admin/i/zhuan6/lx/day1/index.php/Admin/Index/drag.html
INFO: [ app_init ] --START--
INFO: Run Behavior\BuildLiteBehavior [ RunTime:0.000019s ]
INFO: [ app_init ] --END-- [ RunTime:0.000562s ]
ERR: 无法加载模块:Public

[ 2018-10-07T18:58:40+08:00 ] 127.0.0.1 /zhuan6/lx/day1/Public/Admin/i/zhuan6/lx/day1/index.php/Admin/Index/drag.html
INFO: [ app_init ] --START--
INFO: Run Behavior\BuildLiteBehavior [ RunTime:0.000017s ]
INFO: [ app_init ] --END-- [ RunTime:0.000565s ]
ERR: 无法加载模块:Public

[ 2018-10-07T18:59:01+08:00 ] 127.0.0.1 /zhuan6/lx/day1/Public/Admin/i/zhuan6/lx/day1/index.php/Admin/Index/drag.html
INFO: [ app_init ] --START--
INFO: Run Behavior\BuildLiteBehavior [ RunTime:0.000018s ]
INFO: [ app_init ] --END-- [ RunTime:0.000565s ]
ERR: 无法加载模块:Public

[ 2018-10-07T19:02:45+08:00 ] 127.0.0.1 /zhuan6/lx/day1/Public/Admin/i/zhuan6/lx/day1/index.php/Admin/Index/drag.html
INFO: [ app_init ] --START--
INFO: Run Behavior\BuildLiteBehavior [ RunTime:0.000012s ]
INFO: [ app_init ] --END-- [ RunTime:0.000427s ]
ERR: 无法加载模块:Public

[ 2018-10-07T19:10:18+08:00 ] 127.0.0.1 /zhuan6/lx/day1/Public/Admin/i/zhuan6/lx/day1/index.php/Admin/Index/drag.html
INFO: [ app_init ] --START--
INFO: Run Behavior\BuildLiteBehavior [ RunTime:0.000019s ]
INFO: [ app_init ] --END-- [ RunTime:0.000662s ]
ERR: 无法加载模块:Public

[ 2018-10-07T19:10:39+08:00 ] 127.0.0.1 /zhuan6/lx/day1/Public/Admin/i/zhuan6/lx/day1/index.php/Admin/Index/drag.html
INFO: [ app_init ] --START--
INFO: Run Behavior\BuildLiteBehavior [ RunTime:0.000016s ]
INFO: [ app_init ] --END-- [ RunTime:0.000568s ]
ERR: 无法加载模块:Public

[ 2018-10-07T19:13:38+08:00 ] 127.0.0.1 /zhuan6/lx/day1/Public/Admin/i/zhuan6/lx/day1/index.php/Admin/Index/drag.html
INFO: [ app_init ] --START--
INFO: Run Behavior\BuildLiteBehavior [ RunTime:0.000019s ]
INFO: [ app_init ] --END-- [ RunTime:0.000561s ]
ERR: 无法加载模块:Public

[ 2018-10-07T19:13:58+08:00 ] 127.0.0.1 /zhuan6/lx/day1/Public/Admin/i/zhuan6/lx/day1/index.php/Admin/Index/drag.html
INFO: [ app_init ] --START--
INFO: Run Behavior\BuildLiteBehavior [ RunTime:0.000018s ]
INFO: [ app_init ] --END-- [ RunTime:0.000611s ]
ERR: 无法加载模块:Public

[ 2018-10-07T19:15:06+08:00 ] 127.0.0.1 /zhuan6/lx/day1/Public/Admin/i/zhuan6/lx/day1/index.php/Admin/Index/drag.html
INFO: [ app_init ] --START--
INFO: Run Behavior\BuildLiteBehavior [ RunTime:0.000020s ]
INFO: [ app_init ] --END-- [ RunTime:0.001012s ]
ERR: 无法加载模块:Public

[ 2018-10-07T19:15:25+08:00 ] 127.0.0.1 /zhuan6/lx/day1/Public/Admin/i/zhuan6/lx/day1/index.php/Admin/Index/drag.html
INFO: [ app_init ] --START--
INFO: Run Behavior\BuildLiteBehavior [ RunTime:0.000017s ]
INFO: [ app_init ] --END-- [ RunTime:0.000529s ]
ERR: 无法加载模块:Public

[ 2018-10-07T19:15:44+08:00 ] 127.0.0.1 /zhuan6/lx/day1/Public/Admin/i/zhuan6/lx/day1/index.php/Admin/Index/drag.html
INFO: [ app_init ] --START--
INFO: Run Behavior\BuildLiteBehavior [ RunTime:0.000024s ]
INFO: [ app_init ] --END-- [ RunTime:0.000566s ]
ERR: 无法加载模块:Public

[ 2018-10-07T19:16:10+08:00 ] 127.0.0.1 /zhuan6/lx/day1/Public/Admin/i/zhuan6/lx/day1/index.php/Admin/Index/drag.html
INFO: [ app_init ] --START--
INFO: Run Behavior\BuildLiteBehavior [ RunTime:0.000020s ]
INFO: [ app_init ] --END-- [ RunTime:0.000614s ]
ERR: 无法加载模块:Public

[ 2018-10-07T19:16:29+08:00 ] 127.0.0.1 /zhuan6/lx/day1/Public/Admin/i/zhuan6/lx/day1/index.php/Admin/Index/drag.html
INFO: [ app_init ] --START--
INFO: Run Behavior\BuildLiteBehavior [ RunTime:0.000021s ]
INFO: [ app_init ] --END-- [ RunTime:0.001282s ]
ERR: 无法加载模块:Public

[ 2018-10-07T19:16:39+08:00 ] 127.0.0.1 /zhuan6/lx/day1/Public/Admin/i/zhuan6/lx/day1/index.php/Admin/Index/drag.html
INFO: [ app_init ] --START--
INFO: Run Behavior\BuildLiteBehavior [ RunTime:0.000018s ]
INFO: [ app_init ] --END-- [ RunTime:0.000664s ]
ERR: 无法加载模块:Public

[ 2018-10-07T19:16:47+08:00 ] 127.0.0.1 /zhuan6/lx/day1/Public/Admin/i/zhuan6/lx/day1/index.php/Admin/Index/drag.html
INFO: [ app_init ] --START--
INFO: Run Behavior\BuildLiteBehavior [ RunTime:0.000019s ]
INFO: [ app_init ] --END-- [ RunTime:0.000579s ]
ERR: 无法加载模块:Public

[ 2018-10-07T19:24:22+08:00 ] 127.0.0.1 /zhuan6/lx/day1/Public/Admin/i/zhuan6/lx/day1/index.php/Admin/Index/drag.html
INFO: [ app_init ] --START--
INFO: Run Behavior\BuildLiteBehavior [ RunTime:0.000017s ]
INFO: [ app_init ] --END-- [ RunTime:0.000620s ]
ERR: 无法加载模块:Public

[ 2018-10-07T19:24:33+08:00 ] 127.0.0.1 /zhuan6/lx/day1/Public/admin/brand.php?act=list
INFO: [ app_init ] --START--
INFO: Run Behavior\BuildLiteBehavior [ RunTime:0.000013s ]
INFO: [ app_init ] --END-- [ RunTime:0.000435s ]
ERR: 无法加载模块:Public

[ 2018-10-07T19:24:36+08:00 ] 127.0.0.1 /zhuan6/lx/day1/Public/Admin/i/zhuan6/lx/day1/index.php/Admin/Index/drag.html
INFO: [ app_init ] --START--
INFO: Run Behavior\BuildLiteBehavior [ RunTime:0.000017s ]
INFO: [ app_init ] --END-- [ RunTime:0.000570s ]
ERR: 无法加载模块:Public

[ 2018-10-07T19:26:04+08:00 ] 127.0.0.1 /zhuan6/lx/day1/Public/Admin/i/zhuan6/lx/day1/index.php/Admin/Index/drag.html
INFO: [ app_init ] --START--
INFO: Run Behavior\BuildLiteBehavior [ RunTime:0.000017s ]
INFO: [ app_init ] --END-- [ RunTime:0.000533s ]
ERR: 无法加载模块:Public

[ 2018-10-07T19:28:05+08:00 ] 127.0.0.1 /zhuan6/lx/day1/Public/Admin/i/zhuan6/lx/day1/index.php/Admin/Index/drag.html
INFO: [ app_init ] --START--
INFO: Run Behavior\BuildLiteBehavior [ RunTime:0.000021s ]
INFO: [ app_init ] --END-- [ RunTime:0.000586s ]
ERR: 无法加载模块:Public

[ 2018-10-07T19:28:47+08:00 ] 127.0.0.1 /zhuan6/lx/day1/Public/Admin/i/zhuan6/lx/day1/index.php/Admin/Index/drag.html
INFO: [ app_init ] --START--
INFO: Run Behavior\BuildLiteBehavior [ RunTime:0.000016s ]
INFO: [ app_init ] --END-- [ RunTime:0.000558s ]
ERR: 无法加载模块:Public

[ 2018-10-07T19:29:07+08:00 ] 127.0.0.1 /zhuan6/lx/day1/Public/Admin/i/zhuan6/lx/day1/index.php/Admin/Index/drag.html
INFO: [ app_init ] --START--
INFO: Run Behavior\BuildLiteBehavior [ RunTime:0.000019s ]
INFO: [ app_init ] --END-- [ RunTime:0.000730s ]
ERR: 无法加载模块:Public

[ 2018-10-07T19:29:52+08:00 ] 127.0.0.1 /zhuan6/lx/day1/Public/Admin/i/zhuan6/lx/day1/index.php/Admin/Index/drag.html
INFO: [ app_init ] --START--
INFO: Run Behavior\BuildLiteBehavior [ RunTime:0.000015s ]
INFO: [ app_init ] --END-- [ RunTime:0.000554s ]
ERR: 无法加载模块:Public

[ 2018-10-07T19:29:53+08:00 ] 127.0.0.1 /zhuan6/lx/day1/Public/Admin/i/zhuan6/lx/day1/index.php/Admin/Index/drag.html
INFO: [ app_init ] --START--
INFO: Run Behavior\BuildLiteBehavior [ RunTime:0.000015s ]
INFO: [ app_init ] --END-- [ RunTime:0.000593s ]
ERR: 无法加载模块:Public

[ 2018-10-07T19:30:13+08:00 ] 127.0.0.1 /zhuan6/lx/day1/Public/Admin/i/zhuan6/lx/day1/index.php/Admin/Index/drag.html
INFO: [ app_init ] --START--
INFO: Run Behavior\BuildLiteBehavior [ RunTime:0.000019s ]
INFO: [ app_init ] --END-- [ RunTime:0.000591s ]
ERR: 无法加载模块:Public

[ 2018-10-07T19:33:15+08:00 ] 127.0.0.1 /zhuan6/lx/day1/Public/Admin/i/zhuan6/lx/day1/index.php/Admin/Index/drag.html
INFO: [ app_init ] --START--
INFO: Run Behavior\BuildLiteBehavior [ RunTime:0.000019s ]
INFO: [ app_init ] --END-- [ RunTime:0.002863s ]
ERR: 无法加载模块:Public

[ 2018-10-07T19:33:16+08:00 ] 127.0.0.1 /zhuan6/lx/day1/Public/Admin/i/zhuan6/lx/day1/index.php/Admin/Index/drag.html
INFO: [ app_init ] --START--
INFO: Run Behavior\BuildLiteBehavior [ RunTime:0.000018s ]
INFO: [ app_init ] --END-- [ RunTime:0.000575s ]
ERR: 无法加载模块:Public

[ 2018-10-07T19:33:49+08:00 ] 127.0.0.1 /zhuan6/lx/day1/Public/Admin/i/zhuan6/lx/day1/index.php/Admin/Index/drag.html
INFO: [ app_init ] --START--
INFO: Run Behavior\BuildLiteBehavior [ RunTime:0.000017s ]
INFO: [ app_init ] --END-- [ RunTime:0.000562s ]
ERR: 无法加载模块:Public

[ 2018-10-07T19:34:32+08:00 ] 127.0.0.1 /zhuan6/lx/day1/Public/Admin/i/zhuan6/lx/day1/index.php/Admin/Index/drag.html
INFO: [ app_init ] --START--
INFO: Run Behavior\BuildLiteBehavior [ RunTime:0.000016s ]
INFO: [ app_init ] --END-- [ RunTime:0.000551s ]
ERR: 无法加载模块:Public

[ 2018-10-07T19:34:32+08:00 ] 127.0.0.1 /zhuan6/lx/day1/Public/Admin/i/zhuan6/lx/day1/index.php/Admin/Index/drag.html
INFO: [ app_init ] --START--
INFO: Run Behavior\BuildLiteBehavior [ RunTime:0.000020s ]
INFO: [ app_init ] --END-- [ RunTime:0.000635s ]
ERR: 无法加载模块:Public

[ 2018-10-07T19:34:54+08:00 ] 127.0.0.1 /zhuan6/lx/day1/Public/Admin/i/zhuan6/lx/day1/index.php/Admin/Index/drag.html
INFO: [ app_init ] --START--
INFO: Run Behavior\BuildLiteBehavior [ RunTime:0.000018s ]
INFO: [ app_init ] --END-- [ RunTime:0.000595s ]
ERR: 无法加载模块:Public

[ 2018-10-07T19:34:54+08:00 ] 127.0.0.1 /zhuan6/lx/day1/Public/Admin/i/zhuan6/lx/day1/index.php/Admin/Index/drag.html
INFO: [ app_init ] --START--
INFO: Run Behavior\BuildLiteBehavior [ RunTime:0.000020s ]
INFO: [ app_init ] --END-- [ RunTime:0.000604s ]
ERR: 无法加载模块:Public

[ 2018-10-07T19:35:09+08:00 ] 127.0.0.1 /zhuan6/lx/day1/Public/Admin/i/zhuan6/lx/day1/index.php/Admin/Index/drag.html
INFO: [ app_init ] --START--
INFO: Run Behavior\BuildLiteBehavior [ RunTime:0.000016s ]
INFO: [ app_init ] --END-- [ RunTime:0.000565s ]
ERR: 无法加载模块:Public

[ 2018-10-07T19:35:09+08:00 ] 127.0.0.1 /zhuan6/lx/day1/Public/Admin/i/zhuan6/lx/day1/index.php/Admin/Index/drag.html
INFO: [ app_init ] --START--
INFO: Run Behavior\BuildLiteBehavior [ RunTime:0.000021s ]
INFO: [ app_init ] --END-- [ RunTime:0.000564s ]
ERR: 无法加载模块:Public

[ 2018-10-07T19:37:21+08:00 ] 127.0.0.1 /zhuan6/lx/day1/Public/Admin/i/zhuan6/lx/day1/index.php/Admin/Index/drag.html
INFO: [ app_init ] --START--
INFO: Run Behavior\BuildLiteBehavior [ RunTime:0.000017s ]
INFO: [ app_init ] --END-- [ RunTime:0.000568s ]
ERR: 无法加载模块:Public

