[ 2018-08-20T09:36:06+08:00 ] 127.0.0.1 /aa/cs/dayz3/delete/id/[object%20Object]
INFO: [ app_init ] --START--
INFO: Run Behavior\BuildLiteBehavior [ RunTime:0.000016s ]
INFO: [ app_init ] --END-- [ RunTime:0.000587s ]
ERR: 无法加载模块:Delete

[ 2018-08-20T09:36:08+08:00 ] 127.0.0.1 /aa/cs/dayz3/delete/id/[object%20Object]
INFO: [ app_init ] --START--
INFO: Run Behavior\BuildLiteBehavior [ RunTime:0.000021s ]
INFO: [ app_init ] --END-- [ RunTime:0.000689s ]
ERR: 无法加载模块:Delete

[ 2018-08-20T09:37:27+08:00 ] 127.0.0.1 /aa/cs/dayz3/delete/id/=[object%20Object]
INFO: [ app_init ] --START--
INFO: Run Behavior\BuildLiteBehavior [ RunTime:0.000038s ]
INFO: [ app_init ] --END-- [ RunTime:0.001300s ]
ERR: 无法加载模块:Delete

[ 2018-08-20T09:37:29+08:00 ] 127.0.0.1 /aa/cs/dayz3/delete/id/=[object%20Object]
INFO: [ app_init ] --START--
INFO: Run Behavior\BuildLiteBehavior [ RunTime:0.000021s ]
INFO: [ app_init ] --END-- [ RunTime:0.000684s ]
ERR: 无法加载模块:Delete

